16
 energy: -33.411759258355 gnorm: 3.937024939507 xtb: 6.5.0 (746241f)
C           -0.09690000000000        0.70470000000000       -0.35980000000000
C            0.70750000000000       -0.18230000000000       -0.97700000000000
F            3.74840000000000        3.00520000000000       -0.93360000000000
H            6.18860000000000        1.55390000000000        2.07000000000000
S            3.80220000000000        1.08460000000000        1.56200000000000
C            5.37080000000000        1.76650000000000        1.39240000000000
S            1.05330000000000        1.65960000000000        0.48870000000000
C            5.19700000000000        2.55040000000000        0.31080000000000
C            2.02450000000000        0.19340000000000       -0.55930000000000
H           -1.16400000000000        0.88650000000000       -0.32390000000000
H            5.92480000000000        3.20670000000000       -0.16030000000000
C            1.97400000000000        1.08020000000000        0.15120000000000
C            3.83310000000000        2.32810000000000       -0.06390000000000
F            2.63120000000000       -0.56110000000000       -1.09280000000000
C            3.35230000000000        1.57010000000000        0.63450000000000
H            0.41920000000000       -0.99320000000000       -1.64160000000000
16
 energy: -34.619436696919 gnorm: 0.968902739892 xtb: 6.5.0 (746241f)
C           -0.11099516024259        0.71051562147313       -0.35654566170274
C            0.69728383723453       -0.17873844658728       -0.97500486670177
F            3.73419975797997        3.05353636804474       -1.00137394187551
H            6.19008188116182        1.55498877470511        2.06969964514102
S            3.87168677664085        1.00109881074050        1.71297717707952
C            5.37919872035608        1.76183657479373        1.40472159549831
S            0.90501493814923        1.75710392763851        0.54778207439578
C            5.20371491345689        2.54752543427401        0.31921077163205
C            2.01538182750035        0.16526004374304       -0.58275416515241
H           -1.16499364065134        0.88523459565759       -0.32493355809950
H            5.92343113985027        3.20499169947738       -0.15905938385162
C            2.07222270872502        1.05104845629414        0.13730703870709
C            3.85866486736404        2.35057836338143       -0.08167516134524
F            2.68431511544625       -0.61492850205536       -1.13019848013470
C            3.28722368888109        1.59448160448789        0.55724242830157
H            0.41956862814754       -0.99123332606856       -1.63999551189185
16
 energy: -34.896502765618 gnorm: 0.507519361331 xtb: 6.5.0 (746241f)
C           -0.13457057301871        0.71249709938731       -0.35634088154741
C            0.65654714043266       -0.18574276443062       -0.98201763804799
F            3.72772690336896        3.12224841917052       -1.09906750272328
H            6.20285883196944        1.55860952771370        2.07408447064593
S            3.90520584194518        0.96367682623566        1.78314206329601
C            5.39572697154892        1.76250776857575        1.42113956535965
S            0.83183211728005        1.79548384311810        0.58210704440759
C            5.24033891124892        2.55655409107289        0.33966522727626
C            1.98030560362477        0.10088795898391       -0.62759801060224
H           -1.17839317177918        0.88022783216506       -0.32844814203712
H            5.93434955854640        3.20491773468721       -0.15254824762770
C            2.05741399895801        1.07775826696583        0.17540196324669
C            3.91963719588816        2.41224214658696       -0.10142972511657
F            2.74842089293290       -0.69483523359228       -1.18796559377834
C            3.27133791360653        1.57813645213245        0.59760446255202
H            0.40726186344699       -0.99186996877246       -1.64032905530350
16
 energy: -35.010942392545 gnorm: 0.278043927612 xtb: 6.5.0 (746241f)
C           -0.18244721032487        0.70822881843217       -0.36526959160787
C            0.61110384218122       -0.18962194024487       -0.98921670239713
F            3.69783383271617        3.14802657912414       -1.16577680208446
H            6.24711630753629        1.56822182029518        2.08752277130405
S            3.97708634883993        0.94010414893202        1.84192320960549
C            5.43742111591464        1.76920195573721        1.44477419721272
S            0.73373016311327        1.81452305680163        0.58950947061045
C            5.28052527177855        2.56491343891068        0.36428413732572
C            1.94040891514230        0.06457329850494       -0.65946969842754
H           -1.22277955707803        0.86755394707025       -0.34381317912794
H            5.95948992138723        3.20685510630978       -0.14333797846190
C            2.03156521809625        1.08385577969461        0.18157099873991
C            3.97465832798670        2.44941215988786       -0.10585049766351
F            2.81192998953641       -0.72690718274932       -1.20987049486229
C            3.28554362573375        1.57943633012769        0.61632568497983
H            0.38281388744019       -0.99507731683397       -1.64590552514554
16
 energy: -35.058533905407 gnorm: 0.142872993342 xtb: 6.5.0 (746241f)
C           -0.22968000079012        0.70373490497366       -0.37342740574336
C            0.56729299651749       -0.19542030278229       -0.99685866656270
F            3.66475950442477        3.16179040494938       -1.20918904668747
H            6.30807704680345        1.58988507276088        2.10157250062341
S            4.04327039833410        0.91739207140808        1.88302911653739
C            5.47780980605516        1.77829129598427        1.46838709469977
S            0.64996667998279        1.82881156265392        0.59153635722837
C            5.31971547326699        2.57695627560460        0.38707004711901
C            1.90906998028763        0.03820189554104       -0.68371227708135
H           -1.28129174732222        0.84321170303508       -0.36879740179418
H            6.00843578016956        3.21475404545175       -0.12041759991422
C            2.01897750368089        1.08800584096101        0.18123283396836
C            4.01912171261318        2.47363293859038       -0.11362663232227
F            2.86370339219895       -0.74292495317300       -1.21251403266478
C            3.29479595111740        1.57922650097375        0.61829759454734
H            0.33197552265999       -1.00224925693251       -1.65518248195333
16
 energy: -35.075579510207 gnorm: 0.090819258116 xtb: 6.5.0 (746241f)
C           -0.27537353221918        0.69560897324038       -0.38053953833374
C            0.52289133981356       -0.20525698721592       -1.00314446876338
F            3.65489343911326        3.17171346802521       -1.22242982275584
H            6.37287495490981        1.63396384705806        2.11277861987757
S            4.09902632094080        0.90201523424241        1.89871667209733
C            5.51823140492971        1.79371385854195        1.48988217097828
S            0.59324895941334        1.83173075761939        0.58406323222109
C            5.35810022262335        2.59340418927837        0.40783100616578
C            1.87947815563861        0.01824839656423       -0.70081026644715
H           -1.33914818635599        0.80582654807092       -0.39919155911507
H            6.07172291569676        3.23237202065358       -0.07256243661347
C            2.01243934781454        1.08363815695920        0.16987001166601
C            4.05848043537073        2.48261806932762       -0.12267566030592
F            2.87616517555509       -0.75484491585172       -1.20912124560439
C            3.31015752851835        1.57707028839043        0.60431830344549
H            0.25281151823726       -1.00852190490412       -1.65958501851261
16
 energy: -35.082779125122 gnorm: 0.065063162736 xtb: 6.5.0 (746241f)
C           -0.31168364798116        0.68848897453964       -0.38258806219170
C            0.48391597944365       -0.21568281962740       -1.00527950763213
F            3.66477338444549        3.17187381110170       -1.22410238794217
H            6.41996226906539        1.68887189801165        2.12693778252294
S            4.14424814084389        0.88535142830093        1.89370344386407
C            5.55031529340552        1.81153157323601        1.50923195102095
S            0.56243565137122        1.83021598093271        0.56990909283303
C            5.38799327921688        2.61159040311986        0.42697836878865
C            1.85258452437843        0.00270939029081       -0.71585773031666
H           -1.38120226390057        0.77180497994142       -0.41803676021726
H            6.12560249374570        3.26068537031382       -0.00971389483214
C            2.01521147370719        1.07488907921543        0.14873849750170
C            4.09363500075030        2.47979298706920       -0.13331563481034
F            2.86185389568447       -0.76419857443150       -1.21114006185746
C            3.32819083887135        1.56824584425372        0.57608653988920
H            0.16816368695227       -1.01287032626801       -1.65415163662071
16
 energy: -35.086295522862 gnorm: 0.043909389077 xtb: 6.5.0 (746241f)
C           -0.33651629754299        0.68305291488668       -0.38101247246368
C            0.45596524803696       -0.22437893023785       -1.00475578541477
F            3.68593891269296        3.16109808279934       -1.22208946108756
H            6.44548639238168        1.73734741307847        2.14276524265405
S            4.17830811168014        0.86898424583665        1.87807715617667
C            5.57146501381244        1.82758621810392        1.52495833500354
S            0.54932707783515        1.82736855758934        0.55453402046911
C            5.40678759194574        2.62782631858420        0.44221692296707
C            1.83020726219058       -0.00607126501959       -0.72798683946838
H           -1.40701691553218        0.74752297085870       -0.42315643229905
H            6.15915924092385        3.28987175255321        0.04734736877278
C            2.02437578427611        1.06640284472312        0.12425410199091
C            4.12134507168922        2.47244835859374       -0.14052215688819
F            2.83546232162890       -0.76692223222662       -1.21769219813378
C            3.34416816567728        1.55715984162896        0.54329625014398
H            0.10153701830416       -1.01599709175230       -1.64283405242270
16
 energy: -35.088044940079 gnorm: 0.024827128319 xtb: 6.5.0 (746241f)
C           -0.34892921726642        0.68004892266944       -0.37929566897739
C            0.44203163210069       -0.23013134605573       -1.00312252805590
F            3.70740268899251        3.14688188291125       -1.21676057303540
H            6.45255603231370        1.76560029108687        2.15462321549777
S            4.19979940162502        0.85679659517939        1.86139628544526
C            5.58158201120365        1.83709608233927        1.53368476162180
S            0.54677957612939        1.82534930829077        0.54206587742903
C            5.41427248089553        2.63867128239918        0.45114177288687
C            1.81462859533508       -0.00743887348932       -0.73430992722845
H           -1.41828309134083        0.73635244215539       -0.42036613622557
H            6.16873557253419        3.31169482518980        0.08284874603969
C            2.03603303643872        1.06152790155738        0.10343941100667
C            4.13814895694087        2.46588021694962       -0.14122895310390
F            2.80972210141397       -0.76409300120608       -1.22197488016411
C            3.35398491854293        1.54847240823205        0.51575245844862
H            0.06753530414102       -1.01940893820932       -1.63049386158501
16
 energy: -35.088718580152 gnorm: 0.015664706447 xtb: 6.5.0 (746241f)
C           -0.34950503612076        0.68098497765251       -0.37835910116788
C            0.43865303811282       -0.23323754515207       -1.00100635036485
F            3.72124199388062        3.13792907809430       -1.21159658097629
H            6.44646923454118        1.77137197907638        2.16249757476878
S            4.20833354712897        0.84922506101509        1.84879058194697
C            5.58206088958183        1.83896173898427        1.53509300194587
S            0.55223344925275        1.82537563628007        0.53364281432477
C            5.41330925761099        2.64464687273272        0.45511590260803
C            1.80721338854309       -0.00636714020881       -0.73585787580789
H           -1.41733404150900        0.74184143465159       -0.41223193183478
H            6.15929557170052        3.32837867190425        0.09518497167866
C            2.04626977877576        1.05993631347510        0.08991904316169
C            4.14414705117274        2.46178708674647       -0.13844170389187
F            2.79265627859302       -0.76413201866221       -1.22332722083704
C            3.35794686011480        1.54193759277277        0.49893802202143
H            0.06300873862071       -1.02533973936247       -1.62096114757563
16
 energy: -35.088966431462 gnorm: 0.012582250715 xtb: 6.5.0 (746241f)
C           -0.34587912935546        0.68381174445169       -0.37735401902362
C            0.43694316984819       -0.23543044245158       -0.99902287739872
F            3.72892591194379        3.13584646717454       -1.20960507951766
H            6.43760701059599        1.76845687979656        2.16997023507100
S            4.21100162988626        0.84370988336020        1.83990947424145
C            5.57934355977916        1.83867550348276        1.53452575567611
S            0.56074401767720        1.82655094290172        0.52736398108307
C            5.41093985319907        2.64945272132408        0.45844463525667
C            1.80379428411910       -0.00781157429754       -0.73665766085429
H           -1.41315075051079        0.75506684243421       -0.40196516159739
H            6.14640660937689        3.34355601608705        0.09807743224350
C            2.05332485899288        1.05894695315615        0.08092752988916
C            4.14598529290193        2.46005167685413       -0.13622094658622
F            2.78255030294406       -0.77077213615973       -1.22531303557232
C            3.36057150498060        1.53579146934965        0.48942625332820
H            0.06689187362116       -1.03260294746394       -1.61510651623896
16
 energy: -35.089115468212 gnorm: 0.009416202349 xtb: 6.5.0 (746241f)
C           -0.34296054291140        0.68660543857860       -0.37598820517147
C            0.43265112150826       -0.23823484452110       -0.99701877506662
F            3.73596517640929        3.13843077073757       -1.20902271668575
H            6.42993849047086        1.76577521802935        2.17910436868986
S            4.21406209376027        0.83798612823969        1.83116715073511
C            5.57730760447776        1.83987504298930        1.53521506174534
S            0.57023409175233        1.82806261798656        0.52030619733576
C            5.41014354100831        2.65567615587602        0.46351257952239
C            1.79986069006118       -0.01240383894147       -0.73830846704205
H           -1.41043529550418        0.76949860498593       -0.39087034765049
H            6.13564227767206        3.35942850299213        0.10109908988918
C            2.05920931008963        1.05718441510299        0.07136843226056
C            4.14842469769402        2.46024782932354       -0.13445982110289
F            2.77290241350404       -0.78312290283699       -1.22911872070754
C            3.36479490543275        1.52878255334120        0.48075032560577
H            0.06825942457484       -1.04049169188336       -1.61033615235720
16
 energy: -35.089228131682 gnorm: 0.006626978750 xtb: 6.5.0 (746241f)
C           -0.34233266676895        0.68892173485585       -0.37469657244606
C            0.42518499104939       -0.24209040492146       -0.99473291830749
F            3.74367352970156        3.14590123661994       -1.20804603082611
H            6.42515817166920        1.76588051118011        2.18894725781020
S            4.21933418834810        0.83162537324959        1.82132806810942
C            5.57730390937930        1.84311638020067        1.53770539295105
S            0.58005917495249        1.82971268819375        0.51160098861664
C            5.41128654154111        2.66361724107420        0.47048592480942
C            1.79424582701886       -0.02002766225897       -0.74084968863501
H           -1.41009300269790        0.78243572771561       -0.38114748857918
H            6.12864514054228        3.37602321028638        0.10793713348929
C            2.06476629826984        1.05429146998548        0.05974352614216
C            4.15250696266162        2.46245111229201       -0.13290158178108
F            2.76152903166453       -0.80085364483735       -1.23394999479070
C            3.37119736546111        1.52085570812064        0.47077239831709
H            0.06353453720748       -1.04856068175650       -1.60479641487968
16
 energy: -35.089315119203 gnorm: 0.005788850981 xtb: 6.5.0 (746241f)
C           -0.34384281548723        0.69094063866097       -0.37412137052695
C            0.41631729964474       -0.24648827498899       -0.99207093247613
F            3.75094124529041        3.15781917542452       -1.20547165464546
H            6.42412132856286        1.76883964527568        2.19691145604175
S            4.22629701388146        0.82531248675232        1.81095738935901
C            5.57935673574874        1.84731162715111        1.54113312279478
S            0.58950195426595        1.83139682883975        0.50207042405127
C            5.41332691241796        2.67198908141378        0.47800615191150
C            1.78782406268249       -0.02963448551739       -0.74331400469056
H           -1.41146816606602        0.79212360682345       -0.37565659016567
H            6.12561921975098        3.39143075535210        0.11906779736638
C            2.07006327979429        1.05046830494266        0.04719551651753
C            4.15722411331613        2.46644407215377       -0.13141896292052
F            2.74913435938277       -0.82193594903193       -1.23804499063485
C            3.37873864841360        1.51292636677395        0.45995366897997
H            0.05284480840091       -1.05564388002580       -1.59779702096209
16
 energy: -35.089373002282 gnorm: 0.005919669839 xtb: 6.5.0 (746241f)
C           -0.34582804710374        0.69286327431446       -0.37470167604175
C            0.40992798140160       -0.24990954310298       -0.98953583169718
F            3.75508358859604        3.17027000382932       -1.20162730230037
H            6.42631328691915        1.77269610307752        2.19984923444556
S            4.23232691080417        0.82080323472977        1.80280086594032
C            5.58212952897796        1.85025370476849        1.54357698696364
S            0.59670835895717        1.83276156860945        0.49457820144197
C            5.41438104812076        2.67809633804775        0.48335649806884
C            1.78320085544540       -0.03833204924300       -0.74418889952028
H           -1.41284924216556        0.79727136613776       -0.37636013675792
H            6.12556009918311        3.40166748706974        0.13089659080277
C            2.07411868461472        1.04669017190359        0.03770486931442
C            4.16012068677666        2.47091377215353       -0.13013030925580
F            2.73936585169406       -0.84020351790508       -1.23941104297072
C            3.38469178737256        1.50715119400181        0.45142424450747
H            0.04074862040597       -1.05969310839219       -1.59083229294101
16
 energy: -35.089411758454 gnorm: 0.005705401464 xtb: 6.5.0 (746241f)
C           -0.34665119292252        0.69516327623851       -0.37612409624656
C            0.40714803946600       -0.25197632680245       -0.98729571712049
F            3.75592572593479        3.18032259363125       -1.19753438914703
H            6.42956775265023        1.77567292441043        2.19847313869293
S            4.23633392112954        0.81783282213835        1.79718073779516
C            5.58427098202135        1.85119935436657        1.54424404883633
S            0.60201081513681        1.83390262335063        0.48968167511340
C            5.41359050356508        2.68183602176528        0.48621777632604
C            1.78120978768829       -0.04517198103211       -0.74335312900117
H           -1.41291688131101        0.80024077145533       -0.38107275128334
H            6.12592394868892        3.40756396949133        0.14099780138321
C            2.07703636662664        1.04329701841724        0.03209418804703
C            4.16043925604749        2.47484918800491       -0.12902513070458
F            2.73302881173830       -0.85377226520771       -1.23820585068884
C            3.38830353066940        1.50345545501046        0.44582489875311
H            0.03077863287072       -1.06111544523808       -1.58470320075525
16
 energy: -35.089439265897 gnorm: 0.005454785688 xtb: 6.5.0 (746241f)
C           -0.34572018915973        0.69810130940424       -0.37773834937385
C            0.40669694837475       -0.25324898296569       -0.98519597539771
F            3.75499053884972        3.18736178746427       -1.19388877576423
H            6.43186702580350        1.77716415613483        2.19550172074871
S            4.23889960252606        0.81490440082099        1.79265021414863
C            5.58521231966999        1.85075533538084        1.54354793204079
S            0.60676212621562        1.83534019742382        0.48603757380877
C            5.41131399784422        2.68470077363454        0.48794461391876
C            1.78105346531471       -0.05078420158098       -0.74175027325280
H           -1.41134515393931        0.80394199695743       -0.38623301485683
H            6.12471493949609        3.41231640814373        0.14913621867748
C            2.07955327611566        1.04018892601814        0.02861329493894
C            4.15906155308218        2.47798604259664       -0.12805917221633
F            2.72868723963414       -0.86428017040076       -1.23570700520387
C            3.39049798935212        1.50049062076931        0.44174008004368
H            0.02375432082032       -1.06163859980143       -1.57919908226018
16
 energy: -35.089465502255 gnorm: 0.005480703200 xtb: 6.5.0 (746241f)
C           -0.34318836212597        0.70209937693594       -0.37937868861577
C            0.40666198559354       -0.25465158908294       -0.98264247876946
F            3.75350349676072        3.19370606937679       -1.19008013626949
H            6.43277572699807        1.77759398867752        2.19270281918113
S            4.24167939443895        0.81022668842133        1.78692642632363
C            5.58529011447324        1.84979008376513        1.54216383035857
S            0.61280051121942        1.83798100268926        0.48130751416741
C            5.40800831361733        2.68849715441271        0.49023882824267
C            1.78146102752184       -0.05718682153042       -0.73999607424493
H           -1.40827377544830        0.81042163333822       -0.39042655039529
H            6.12105735773361        3.41918386901424        0.15748821047372
C            2.08268946487406        1.03664580257055        0.02454590797198
C            4.15699991897660        2.48121534983988       -0.12694360765576
F            2.72392627702406       -0.87603295493185       -1.23249279838931
C            3.39296065945971        1.49660630570245        0.43684218105628
H            0.01764788888315       -1.06279595919887       -1.57285538343540
16
 energy: -35.089498606142 gnorm: 0.005688383552 xtb: 6.5.0 (746241f)
C           -0.33883783380077        0.70799514967066       -0.38135007560080
C            0.40587839431052       -0.25692415170136       -0.97884157330390
F            3.75144732406609        3.20198323149528       -1.18482649281928
H            6.43240063631372        1.77711246750178        2.19049524684887
S            4.24631821397044        0.80176385327311        1.77772121216978
C            5.58483922496712        1.84856066875271        1.54019679191362
S            0.62191952417038        1.84327169833678        0.47302934970596
C            5.40351783992188        2.69469229057738        0.49441252532908
C            1.78177379739657       -0.06650510543207       -0.73813257155212
H           -1.40338996314983        0.82155349076309       -0.39377593381734
H            6.11394525009515        3.43106249567303        0.16872602994456
C            2.08738666060058        1.03176906253865        0.01763589695533
C            4.15452375957983        2.48562724970339       -0.12534410144231
F            2.71684571158133       -0.89332293585883       -1.22788744592321
C            3.39715106063876        1.49038693391094        0.42900674530459
H            0.01028039933826       -1.06572639920462       -1.56366560371290
16
 energy: -35.089539459424 gnorm: 0.005853331136 xtb: 6.5.0 (746241f)
C           -0.33303998295137        0.71567910517805       -0.38379172931007
C            0.40355962223006       -0.26028904743901       -0.97360520885625
F            3.74843622407316        3.21322108569814       -1.17744911080139
H            6.43089768992653        1.77551743014010        2.18943336531196
S            4.25370062388718        0.78857404314766        1.76424863202042
C            5.58419649220741        1.84728323867210        1.53786312602147
S            0.63419235048338        1.85230771650647        0.45984706194150
C            5.39834489932635        2.70342912603208        0.50093071094538
C            1.78150591380986       -0.07891305564116       -0.73642244914566
H           -1.39708832648501        0.83720678938557       -0.39596721851531
H            6.10327269383885        3.44863183822295        0.18335016793355
C            2.09366926397374        1.02564333643681        0.00696735925358
C            4.15211321970813        2.49139532269106       -0.12320281112335
F            2.70724722321756       -0.91694044611353       -1.22134297178417
C            3.40370821333493        1.48169885299383        0.41757337023364
H            0.00128387941928       -1.07114533591119       -1.55103229412534
16
 energy: -35.089581563286 gnorm: 0.005892827650 xtb: 6.5.0 (746241f)
C           -0.32749077061713        0.72328953900750       -0.38650342261868
C            0.39994210117351       -0.26402272230078       -0.96789896735982
F            3.74421701937944        3.22589601558698       -1.16869452116341
H            6.42904485125901        1.77279125115228        2.18961605614565
S            4.26270312771558        0.77301272029460        1.74894446626425
C            5.58383850564299        1.84614123399112        1.53568687606093
S            0.64672955774318        1.86404833817063        0.44356233507618
C            5.39395291079760        2.71241190503150        0.50841143089386
C            1.78053350440964       -0.09127499658060       -0.73526583114068
H           -1.39113765803984        0.85313111026017       -0.39688299193957
H            6.09155169319843        3.46775121063786        0.19846123409682
C            2.10003560848041        1.01986718093401       -0.00549210722483
C            4.15045185046832        2.49723347542237       -0.12096950312055
F            2.69763352915407       -0.94150715001293       -1.21334835983502
C            3.41139475482113        1.47283534041170        0.40482985667617
H           -0.00740058558630       -1.07830445200647       -1.53705655081134
16
 energy: -35.089693315139 gnorm: 0.002606517235 xtb: 6.5.0 (746241f)
C           -0.32968914885149        0.72394913041509       -0.39028577499911
C            0.39851381670441       -0.26559910036697       -0.96553478496149
F            3.73636686705642        3.23057096984807       -1.16167039588783
H            6.43218824375082        1.77115068528967        2.18813142039234
S            4.27348914102332        0.75860391948929        1.73617653297069
C            5.58656794231840        1.84457977355554        1.53451504645380
S            0.64616175322544        1.87577813971681        0.42426809311361
C            5.39452600748178        2.71271102811150        0.50970017501745
C            1.77911187220027       -0.09025972255287       -0.73195244036275
H           -1.39334788079832        0.85248368152714       -0.40081782560019
H            6.08957261682010        3.47091907904651        0.20136742278292
C            2.09883656839719        1.01980573277094       -0.00132977716272
C            4.15012525895570        2.49748981071909       -0.11884251309911
F            2.69997856008674       -0.94154905743973       -1.20352641612663
C            3.41046025669099        1.47578216021504        0.40874744268275
H           -0.00686187506171       -1.08311623034519       -1.53154620521378
16
 energy: -35.089780028237 gnorm: 0.002049410116 xtb: 6.5.0 (746241f)
C           -0.33022025448891        0.72911923665707       -0.40239635146911
C            0.39775761441800       -0.26952141464663       -0.96146846515289
F            3.72131050119923        3.24714731231613       -1.14556499106928
H            6.44015834998215        1.75956267450730        2.17709602695570
S            4.28269181952087        0.74456406564239        1.72154845381410
C            5.59279436739043        1.83633170205128        1.52589267703960
S            0.64675058093545        1.88793968103393        0.40338549374130
C            5.39395876134781        2.71526972047808        0.51196348922155
C            1.77776559096305       -0.09345090930997       -0.72388548909783
H           -1.39362830067307        0.85832286861138       -0.41548608751442
H            6.08456481926124        3.47953008816891        0.20869635529238
C            2.09811098441442        1.02012190536894        0.00027669716026
C            4.14698126798242        2.50340477957953       -0.11351252955546
F            2.70292453928962       -0.95064260111563       -1.18014108732395
C            3.40959989962945        1.47944734907611        0.41023346116564
H           -0.00552054117213       -1.09384645841888       -1.51923765320766
16
 energy: -35.089895690379 gnorm: 0.004572914130 xtb: 6.5.0 (746241f)
C           -0.32931807412197        0.73609331065351       -0.41791621585661
C            0.39751801081746       -0.27588932126547       -0.95472973295183
F            3.70224845190478        3.27412433606799       -1.12215078201752
H            6.45039631639539        1.74043227876879        2.15969705239706
S            4.29284228145052        0.72619928501626        1.70021466587713
C            5.59979608423014        1.82460277112157        1.51342058088538
S            0.64904165212195        1.90426314936050        0.37547152058291
C            5.39193348102422        2.72041204092818        0.51605517479153
C            1.77639145663287       -0.10119048357447       -0.71081067357264
H           -1.39214110129641        0.86862030157140       -0.43664250658930
H            6.07787953192603        3.49173161765695        0.21993937952497
C            2.09793568878911        1.02145045145386       -0.00161013912348
C            4.14099718407405        2.51565371636167       -0.10451305128349
F            2.70548116286293       -0.96768075594374       -1.14616564815574
C            3.40886832211643        1.48327159209133        0.40842242150605
H           -0.00387044892745       -1.10879429026841       -1.50128204601449
16
 energy: -35.090080273297 gnorm: 0.007403062634 xtb: 6.5.0 (746241f)
C           -0.32696962392767        0.74554433448582       -0.43850732242257
C            0.39725444989388       -0.28578125553957       -0.94355325930093
F            3.67833498973852        3.31459389215939       -1.08858969159578
H            6.46358969056970        1.71220553957442        2.13458995659150
S            4.30595604763182        0.70035104877634        1.66787575141890
C            5.60832419843456        1.80822520485261        1.49581145745233
S            0.65380784256286        1.92714687588578        0.33534023301062
C            5.38807640762710        2.72919753590203        0.52330106263303
C            1.77455463865150       -0.11419270994659       -0.69165612372831
H           -1.38881471781469        0.88418563502493       -0.46609815943283
H            6.06825676494509        3.51007895497194        0.23843686052243
C            2.09866291343761        1.02428438971210       -0.00834492912859
C            4.13218789591319        2.53527314612590       -0.09111087688075
F            2.70680274795727       -0.99460836390612       -1.09838721965861
C            3.40880807705959        1.48703177666880        0.40197031476701
H           -0.00283232268029       -1.13023600474786       -1.47367805424754
16
 energy: -35.090355374268 gnorm: 0.012152360616 xtb: 6.5.0 (746241f)
C           -0.32258953813647        0.75928750051918       -0.46899217119004
C            0.39679607106765       -0.30108491382926       -0.92530298455490
F            3.64454026374738        3.37673507933656       -1.03659974899648
H            6.48319873865260        1.66931842407432        2.09528674051072
S            4.32561244421753        0.66165727167491        1.61690760145557
C            5.62043444774371        1.78418941227995        1.46896081013906
S            0.66223627199073        1.96082349768569        0.27376580846837
C            5.38135513691663        2.74351628366547        0.53549535304059
C            1.77168649320943       -0.13527943274612       -0.66156177969379
H           -1.38272207131310        0.90848884080635       -0.51166514450964
H            6.05318332710444        3.53865681437346        0.26875136503685
C            2.10062567516916        1.02901064683453       -0.02124744954410
C            4.11845718085441        2.56619270989802       -0.06976169249877
F            2.70622815679834       -1.03706176144637       -1.02594801129741
C            3.40958933147139        1.49100616101605        0.38944445449699
H           -0.00263192949381       -1.16215653414282       -1.43013315086313
16
 energy: -35.090563540267 gnorm: 0.020630389672 xtb: 6.5.0 (746241f)
C           -0.31597526106851        0.77638254695975       -0.50981665487601
C            0.39607181987696       -0.31996161471863       -0.90106121040001
F            3.60073351877867        3.45614973817390       -0.96504717534845
H            6.51058169354203        1.61432521533476        2.03943989914927
S            4.35209299408226        0.61352820303820        1.54900635550065
C            5.63648361928702        1.75457239637444        1.43252997941161
S            0.67443996436482        2.00123255897957        0.19324055858386
C            5.37184535653945        2.76202083096162        0.55206285567452
C            1.76738479816509       -0.16295004798811       -0.62004409782299
H           -1.37324183961241        0.94122865140873       -0.57640079218212
H            6.03202764339621        3.57615902534339        0.31038248326498
C            2.10399816638707        1.03423824269122       -0.03837322779852
C            4.09970885587795        2.60575521823821       -0.03958932925219
F            2.70239807265296       -1.09226682226748       -0.92915090329683
C            3.41111004413539        1.49443969247552        0.37222115958708
H           -0.00365944640495       -1.20155383500514       -1.37199990019500
16
 energy: -35.090870435215 gnorm: 0.015925306962 xtb: 6.5.0 (746241f)
C           -0.31356299862927        0.77703727203416       -0.51613617579624
C            0.39640755401186       -0.32042563315672       -0.89820023260723
F            3.59528742327709        3.46269558509524       -0.95137036621947
H            6.51658411408052        1.60836742936556        2.02520623168060
S            4.35501355808879        0.61267682307016        1.54061327005984
C            5.63855576722261        1.75333276444620        1.42584365525219
S            0.67722856705001        2.00023703870988        0.18544963771743
C            5.36962782220723        2.76359727546605        0.55432846890619
C            1.76628549355811       -0.16655343376581       -0.61114920924523
H           -1.36944482691476        0.94654163128893       -0.59226914799445
H            6.02800354985704        3.57937215196640        0.31638862819994
C            2.10516502821411        1.03366432441929       -0.04006164964489
C            4.09548733469781        2.60994117483165       -0.03206216563721
F            2.69846266835801       -1.09781931782518       -0.91394995090564
C            3.41131740074391        1.49290997308767        0.36974414232518
H           -0.00441845582306       -1.20227505903354       -1.36497513609117
16
 energy: -35.091625623123 gnorm: 0.009856008349 xtb: 6.5.0 (746241f)
C           -0.30381539079026        0.78750280043505       -0.55143916488096
C            0.39696474374340       -0.32964166860641       -0.87731476382058
F            3.56345717484684        3.50763918876534       -0.88095409857848
H            6.54444201105528        1.57733962913669        1.96410903135900
S            4.38624854720016        0.57832556471273        1.48129132881111
C            5.65211279099847        1.73897843387212        1.39311210543378
S            0.68943723000271        2.02326813555361        0.11720326486480
C            5.35651560494640        2.77711598010382        0.56967339668570
C            1.76255202128909       -0.18286381497896       -0.57283590608281
H           -1.35412467029937        0.97184412500987       -0.66255597349023
H            6.00255803360057        3.60858044441255        0.35529936012981
C            2.10923544228284        1.03414244823581       -0.04843557011043
C            4.07705398078032        2.62981433200319       -0.00037701825763
F            2.68023383074888       -1.13395930186900       -0.83342092044159
C            3.41364866985992        1.48637413734622        0.36000166696390
H           -0.01052002026526       -1.22116043413267       -1.31595673858556
16
 energy: -35.092366686845 gnorm: 0.013876325667 xtb: 6.5.0 (746241f)
C           -0.29099614377568        0.80708671628567       -0.60887594871164
C            0.39498942751755       -0.34500938351153       -0.84771190401970
F            3.51056105726518        3.59012130393922       -0.77013147606146
H            6.58560183093169        1.53187324574206        1.88073428628489
S            4.43772669614605        0.52046788119909        1.38517964482198
C            5.67637359277722        1.71279180595796        1.34361825319168
S            0.70922224086532        2.06419324436968        0.00402762665218
C            5.34031680008594        2.79765979094868        0.59259768511461
C            1.75667829908807       -0.20935201495307       -0.51958837659944
H           -1.33394934511904        1.00595896813581       -0.75987315083689
H            5.96619581419699        3.65600748693489        0.41843336320613
C            2.11597503339174        1.03602305723782       -0.06504734483316
C            4.05175508815741        2.66218761687786        0.04333268174301
F            2.65139302867018       -1.20112164308837       -0.70401963209382
C            3.41901062404737        1.47917671376310        0.34366331039192
H           -0.02485404424600       -1.25476478983890       -1.23893901825049
16
 energy: -35.092956411602 gnorm: 0.011388860306 xtb: 6.5.0 (746241f)
C           -0.28082038078496        0.81739377674003       -0.64745743872636
C            0.39059571304775       -0.34823951655013       -0.83205123303011
F            3.48197875181769        3.62814962564058       -0.68626797246462
H            6.61335714688744        1.53075772229819        1.83024869772133
S            4.48708366890403        0.48583078445964        1.31466204758143
C            5.69540185002101        1.70616348292588        1.31433789340165
S            0.72581609991897        2.08430143485812       -0.08111311570614
C            5.32989002484386        2.80715734542449        0.60819296148926
C            1.75311032542857       -0.21509020745578       -0.49596333232351
H           -1.31683615420059        1.01132978883541       -0.81947037682393
H            5.93971219536671        3.68279922634617        0.46765244713032
C            2.12183443281597        1.03428680388307       -0.07249596863625
C            4.03903233376127        2.66435849351524        0.06822488999291
F            2.61003202361889       -1.24247864544843       -0.62154012029167
C            3.42582277391319        1.46902089693027        0.34011664568915
H           -0.05001080535981       -1.26244101240279       -1.18967602500369
16
 energy: -35.093214534698 gnorm: 0.020248988025 xtb: 6.5.0 (746241f)
C           -0.26944306938476        0.82915459055766       -0.69057573982258
C            0.38547485839393       -0.36318264531496       -0.80662905403491
F            3.43956690777500        3.69116665309382       -0.59575904281574
H            6.65012349786382        1.49344377520820        1.76209578014139
S            4.52341850071565        0.45173998621932        1.23491701342490
C            5.71388947631016        1.68957062121645        1.27619491173931
S            0.75055978484218        2.10588140509037       -0.16942519737917
C            5.31848548342488        2.82603975789497        0.62932159225561
C            1.74589163397061       -0.24122562612876       -0.45369285470883
H           -1.30031458614628        1.04010271219170       -0.90152161617368
H            5.91474585412765        3.71552091994688        0.52076794999661
C            2.12951731503104        1.03018669468342       -0.08776707980017
C            4.01872339795871        2.69515681537573        0.10391328179652
F            2.58178948943157       -1.29545917736249       -0.51800146234931
C            3.43065630952688        1.46887086667498        0.32533440772268
H           -0.06708485384110       -1.28366734934732       -1.13177288999286
16
 energy: -35.093599418544 gnorm: 0.014284345305 xtb: 6.5.0 (746241f)
C           -0.26618257590120        0.82624343072194       -0.69008627228859
C            0.38091553263080       -0.36424334578619       -0.80569257955791
F            3.43526132664297        3.69067896363252       -0.58604516933143
H            6.65374080084978        1.49268902103537        1.75744284105440
S            4.51887167208222        0.46497575465949        1.22400302071280
C            5.71302435952229        1.69353680153341        1.27454386790967
S            0.76610246308336        2.09150775843372       -0.17125860149586
C            5.32059747851110        2.82790049242066        0.63241852444292
C            1.74208600179855       -0.24961924389998       -0.45180455781413
H           -1.29731407440390        1.04426412550365       -0.90959221920982
H            5.91684317260367        3.71257440858456        0.52981121194190
C            2.13361318225852        1.02202139580310       -0.09251147384974
C            4.01792187996053        2.70230818337209        0.10605169184689
F            2.57336406686773       -1.29765709143727       -0.50874439361146
C            3.43272529805302        1.47389048051944        0.31976234189731
H           -0.07557058455950       -1.27777113509654       -1.13089823264722
16
 energy: -35.094006469535 gnorm: 0.008572372715 xtb: 6.5.0 (746241f)
C           -0.25572274446209        0.83714769077224       -0.71399244716528
C            0.37868457198630       -0.36020898265801       -0.80178461620183
F            3.40922776503934        3.71333741304526       -0.53417583183627
H            6.65633299415053        1.49245045126518        1.73354543754272
S            4.53892427206521        0.44278760850370        1.17226920965089
C            5.71924087435060        1.68487445815880        1.25234927648480
S            0.78888526335619        2.10247816669266       -0.21999584259892
C            5.31663693055614        2.82886422145857        0.63906877304014
C            1.73706993626742       -0.25568258638846       -0.44002375484914
H           -1.28270122718600        1.05119945986480       -0.93171500348835
H            5.89835143217178        3.73168105379020        0.56578216965127
C            2.13938551649693        1.01717173436809       -0.10362869562382
C            4.01325652416081        2.70506663784373        0.11713623126301
F            2.55665396431157       -1.32014808861535       -0.44846135784329
C            3.43823686495345        1.46768199211934        0.30662334778380
H           -0.08646293821821       -1.28540123022079       -1.09559689581001
16
 energy: -35.094389635353 gnorm: 0.015983557061 xtb: 6.5.0 (746241f)
C           -0.23965375567353        0.85280414001725       -0.75928508383973
C            0.37592402135395       -0.36532114792931       -0.77800053444608
F            3.36138960494040        3.73813272016547       -0.44422721669776
H            6.67745865489840        1.47651160555748        1.67405788400897
S            4.57967966041562        0.40292628589032        1.08091893847907
C            5.73416036115069        1.66907625098906        1.21078856372738
S            0.82232021307357        2.12829838924419       -0.31766509445202
C            5.30060468103823        2.84060741465904        0.66083933325778
C            1.72848053858564       -0.26565023185630       -0.40728696605208
H           -1.25925181560823        1.06920061845819       -0.99271331208353
H            5.86199290842756        3.75957085319317        0.62485956026803
C            2.14582518635277        1.01027118475459       -0.11369026801693
C            3.99847850706293        2.71216302909759        0.14553532618558
F            2.53306803730242       -1.33856284377606       -0.34776306747326
C            3.44302970587400        1.46220605083457        0.29377052378302
H           -0.09750650919450       -1.29893431929929       -1.03273858664872
16
 energy: -35.094692663530 gnorm: 0.011732066230 xtb: 6.5.0 (746241f)
C           -0.23489185447750        0.85286685580526       -0.77802836928614
C            0.37373072099784       -0.36620742972995       -0.77099316036780
F            3.33332169259000        3.75245932141765       -0.39744862927673
H            6.69168817470640        1.46673828612550        1.64469050283291
S            4.59474047434478        0.39550734230240        1.04324489947697
C            5.74148447259489        1.66557422059311        1.19284123116080
S            0.83391800955061        2.12973757532219       -0.35520738248847
C            5.29713563703467        2.84197069383365        0.66843414143819
C            1.72367185447358       -0.26735195403801       -0.39164099405751
H           -1.25200214071629        1.07472610983249       -1.02500658961763
H            5.85237093828394        3.76046036748421        0.64431373430225
C            2.14791385854651        1.01235472906989       -0.12145657170451
C            3.99195293042707        2.71709882873879        0.15995195694862
F            2.52606575232475       -1.34516057532492       -0.28987378273586
C            3.44541607991917        1.46197611168009        0.28697779269069
H           -0.10051660060049       -1.29945048311237       -1.01339877931609
16
 energy: -35.094954175354 gnorm: 0.009790945312 xtb: 6.5.0 (746241f)
C           -0.23096701813322        0.85050311486056       -0.80469604633911
C            0.36837793677561       -0.36862939907359       -0.75858891824203
F            3.30395691391362        3.74398316355930       -0.34708937811351
H            6.70869410984251        1.45752543544195        1.60883747788402
S            4.61095623031191        0.39541594359361        1.00101327255883
C            5.75416010446495        1.65975374641826        1.16642299119820
S            0.84514138119382        2.12480781905248       -0.39916567014271
C            5.29473407662867        2.84105648442706        0.67946018520825
C            1.71477968709602       -0.26371606596621       -0.36879333984737
H           -1.24452110532236        1.07933751340541       -1.06574895672164
H            5.84017227857004        3.76307084729386        0.67377692201529
C            2.14888198107136        1.01833328113897       -0.12959477598002
C            3.98543310966293        2.71848230358200        0.18074834992332
F            2.52177357511042       -1.32205656874134       -0.23391210682265
C            3.44964933202709        1.45919666614489        0.27842602090225
H           -0.10522259321344       -1.30376428513721       -0.98369602748144
16
 energy: -35.095140443185 gnorm: 0.018369177856 xtb: 6.5.0 (746241f)
C           -0.21603798053266        0.85677198511127       -0.85883370849111
C            0.35877791603754       -0.37622711272759       -0.73370372184487
F            3.25270481967630        3.78474756870231       -0.23215083316404
H            6.74375542811513        1.43133994964278        1.53024742489980
S            4.65405663502916        0.36640391617352        0.89723286872549
C            5.77585523737084        1.64623245460854        1.11580398178606
S            0.87796050434334        2.13631430579893       -0.50773672416448
C            5.28508036845747        2.85380621485851        0.70525802072334
C            1.70108135633100       -0.27795635411984       -0.32221789024052
H           -1.22150842900902        1.09743353210767       -1.15250848475176
H            5.81193581643741        3.79211559164374        0.74533453968872
C            2.15759513538602        1.01888817182214       -0.15228622321375
C            3.96701275826731        2.73975463242744        0.22436088381282
F            2.48800958206596       -1.34929302607248       -0.10443229159213
C            3.45942642245419        1.45281375513136        0.25506034954151
H           -0.12970557043010       -1.31984558510833       -0.91202819171542
16
 energy: -35.095402509197 gnorm: 0.007022123441 xtb: 6.5.0 (746241f)
C           -0.21618246811901        0.85324161591396       -0.84810439944337
C            0.36228893767965       -0.37240419486599       -0.73716150196936
F            3.26587287511246        3.77265666309643       -0.25073618995906
H            6.73429788155082        1.44107864530333        1.54237204981754
S            4.64841660824946        0.36780366891119        0.91219817989088
C            5.76779537667801        1.65420039024951        1.12638650612209
S            0.87092535891978        2.13745860361896       -0.49397331972006
C            5.28379543761223        2.85249170897197        0.70284393585419
C            1.70476781075735       -0.26920758914516       -0.33272328273554
H           -1.22226325674699        1.08616297758943       -1.13194381083920
H            5.81807186969251        3.78116699259988        0.73100798987619
C            2.15526418395654        1.01821273362117       -0.14564356418069
C            3.97110443766920        2.72943038315697        0.21611849082163
F            2.49094727347650       -1.34116955471896       -0.12819214045134
C            3.45645705456556        1.45255005510971        0.26043662320147
H           -0.12555938105414       -1.31037309941241       -0.92548556628571
16
 energy: -35.095513255303 gnorm: 0.009022219453 xtb: 6.5.0 (746241f)
C           -0.21036081870492        0.85448847047721       -0.86692017733732
C            0.36168591339059       -0.37447365753722       -0.72612751203157
F            3.25134431392294        3.78227879095037       -0.21394339760468
H            6.74102843387872        1.43882339866366        1.51909062967902
S            4.65655709149195        0.36826385202191        0.88726687690928
C            5.77624195587309        1.64731379532373        1.10621122583795
S            0.87776049633516        2.13449153941819       -0.51968843295055
C            5.28206669399849        2.85037945590381        0.70682541410976
C            1.70250304997003       -0.26902855788182       -0.31789247663349
H           -1.21388478409843        1.08755032041876       -1.16112690052861
H            5.81053128062695        3.78471958062309        0.75111384604249
C            2.15664099732053        1.01823146506718       -0.14875231571448
C            3.96720164445043        2.72792704328329        0.22584759686628
F            2.48035269670228       -1.33973009301851       -0.09651483401411
C            3.45699427738745        1.45263912314571        0.25587501389738
H           -0.13066324254536       -1.31057452685939       -0.90386455652771
16
 energy: -35.095683044209 gnorm: 0.010292354732 xtb: 6.5.0 (746241f)
C           -0.19927826475673        0.85298653192239       -0.90275818255198
C            0.35874877026551       -0.37392756113779       -0.71164566622641
F            3.23386567171322        3.79662169756774       -0.14666736812291
H            6.75966565275317        1.42232259349287        1.46426932626039
S            4.67527292281357        0.35980722940342        0.82386579188996
C            5.78804562736061        1.63918167154196        1.07068248058820
S            0.89253170817198        2.13222975673951       -0.58039569106000
C            5.27574892671102        2.85517860076421        0.72428310424782
C            1.69603995521394       -0.26776898994019       -0.28959444271028
H           -1.19767355297705        1.08211699002560       -1.21234380508255
H            5.79878427855384        3.79129247643281        0.79501057451380
C            2.15935442416857        1.02277737029807       -0.16281200858733
C            3.95455191676778        2.74069605275499        0.25635911649602
F            2.45789405389008       -1.34423301945303       -0.01895062141824
C            3.45666339285927        1.45869946233560        0.24449424576846
H           -0.14421548350888       -1.31468086274817       -0.85639685400532
16
 energy: -35.095661510376 gnorm: 0.014154399877 xtb: 6.5.0 (746241f)
C           -0.18811617888374        0.84669832458135       -0.92909284258048
C            0.35334037866746       -0.37809431269593       -0.69180283281326
F            3.21215220392846        3.82234648307150       -0.07186679302714
H            6.77477683470725        1.41157846776892        1.41487007763989
S            4.69092322031200        0.35272965666828        0.76459134503486
C            5.79381914079212        1.63986159249981        1.04335469717420
S            0.91299883659874        2.13815595704267       -0.65139437506532
C            5.27402866116299        2.85521933723435        0.73791378059966
C            1.68768900768000       -0.27398147920382       -0.25878049161902
H           -1.18120004069546        1.07903626196821       -1.26156598149864
H            5.79224867252940        3.79290798138402        0.83425064645461
C            2.16436782101336        1.02071689604057       -0.17704376804852
C            3.94509410506886        2.75172614363752        0.28506843398607
F            2.43305999626693       -1.34629263878490        0.04143351589870
C            3.46107192880742        1.45840708814503        0.22814805516748
H           -0.16025458795590       -1.31771575935759       -0.81068346730346
16
 energy: -35.095816855677 gnorm: 0.004895762471 xtb: 6.5.0 (746241f)
C           -0.19273779656004        0.84738183842943       -0.91912969612375
C            0.35433269842706       -0.37514456460721       -0.69776717615926
F            3.22460593295489        3.80916188256216       -0.09974269279197
H            6.76932731470976        1.41817038240288        1.42966369275115
S            4.68362434697533        0.35735164870945        0.78677910147384
C            5.79109122503480        1.64201063756588        1.05249575628367
S            0.90591148790833        2.13033761430365       -0.62031537917668
C            5.27403669627498        2.85663685091212        0.73452729080789
C            1.68985973140336       -0.27014131971525       -0.26966440378046
H           -1.18760613373928        1.07887678328540       -1.24766801659657
H            5.79463855352169        3.79259071143308        0.82075508995087
C            2.16247645084807        1.01885579217584       -0.17057208602035
C            3.95059098809448        2.74433102155599        0.27379858134322
F            2.44016306664908       -1.34392594874517        0.01946016058381
C            3.46027335970675        1.45792840201809        0.23344383476093
H           -0.15458792220937       -1.31112173228637       -0.82866405730672
16
 energy: -35.095841052451 gnorm: 0.001782416300 xtb: 6.5.0 (746241f)
C           -0.19261564854951        0.84799306347462       -0.92367994915334
C            0.35368520334688       -0.37483293421907       -0.69612754706497
F            3.22214761679040        3.80932301471491       -0.09592761704292
H            6.77228981846124        1.41685942822308        1.42305246215902
S            4.68356134171804        0.35698711288048        0.78745182041758
C            5.79333977962924        1.64033640622952        1.04952431651476
S            0.90631637554272        2.13146596009749       -0.62405700193724
C            5.27353152134492        2.85587520938229        0.73636520984293
C            1.68936815112201       -0.26872762124912       -0.26862831553360
H           -1.18611159949749        1.07744911850384       -1.25320642062593
H            5.79292223176276        3.79194208815621        0.82249765026858
C            2.16188852159990        1.01978393766051       -0.17047118664552
C            3.94938014027070        2.74416916686499        0.27661067263083
F            2.44146371454458       -1.34204036883889        0.02111013359574
C            3.45948109928367        1.45881746700481        0.23600372427019
H           -0.15464826737018       -1.31210104888565       -0.82311795169647
16
 energy: -35.095851530467 gnorm: 0.001849140364 xtb: 6.5.0 (746241f)
C           -0.19244871105812        0.84822982047050       -0.93006578977804
C            0.35293863359875       -0.37440212276820       -0.69473420700848
F            3.21836769767716        3.81074354553844       -0.08572927101818
H            6.77602648802417        1.41508137627859        1.41368304194259
S            4.68502970781076        0.35570016488178        0.78210733662547
C            5.79581794637795        1.63805413723944        1.04516189314280
S            0.90758785122265        2.13267112141647       -0.63255676561217
C            5.27372537037468        2.85472282290672        0.73791909188012
C            1.68736121863875       -0.26643524579127       -0.26417750979631
H           -1.18425893161009        1.07422289893594       -1.26292112885408
H            5.79160664884040        3.79111612565441        0.82477478551680
C            2.16076675482159        1.02126402701223       -0.16973712289567
C            3.94782913598729        2.74437265485967        0.28209928155357
F            2.44157865118532       -1.33888938171521        0.02832351229892
C            3.45810989982445        1.46030142418228        0.23943063442669
H           -0.15403836171582       -1.31345336910179       -0.81617778242440
16
 energy: -35.095857410133 gnorm: 0.001057120855 xtb: 6.5.0 (746241f)
C           -0.19172910952896        0.84768855343217       -0.93239935705764
C            0.35267439025524       -0.37442950246413       -0.69404106123393
F            3.21713456853119        3.81207407938116       -0.07936720891342
H            6.77717039046829        1.41442097556484        1.40955874126168
S            4.68573110782088        0.35526649104035        0.77815263065387
C            5.79630799793248        1.63764223958281        1.04233313134315
S            0.90834137746290        2.13243537451908       -0.63606874558216
C            5.27388657257986        2.85476096382882        0.73860659669651
C            1.68651327928391       -0.26616110921099       -0.26201022774956
H           -1.18333765857025        1.07311530236461       -1.26759148711131
H            5.79141401631745        3.79135065090266        0.82740775745260
C            2.16084319589724        1.02148817837252       -0.17037124667663
C            3.94761368713315        2.74486716143125        0.28394353329339
F            2.43968979591923       -1.33827438335754        0.03459492420463
C            3.45805130055909        1.46057979847265        0.23852317763260
H           -0.15430491206182       -1.31352477386025       -0.81387115821416
16
 energy: -35.095865098532 gnorm: 0.000657813190 xtb: 6.5.0 (746241f)
C           -0.19021208399074        0.84679556461057       -0.93633253911277
C            0.35220416284926       -0.37460323518482       -0.69213533883498
F            3.21467395538778        3.81424498657261       -0.06827031255359
H            6.77901000785430        1.41308338201647        1.40266632812057
S            4.68823711772077        0.35446789353020        0.76798167713144
C            5.79702260711795        1.63712911256950        1.03790102084728
S            0.91064608888822        2.13171735541525       -0.64497772789056
C            5.27356189646086        2.85506666747063        0.74059905962573
C            1.68538562011532       -0.26602341399237       -0.25814781943924
H           -1.18138684731737        1.07203110365996       -1.27483055694332
H            5.79057360424443        3.79180972322402        0.83287810758679
C            2.16108497176859        1.02177421502465       -0.17150482971531
C            3.94668784248000        2.74588895693750        0.28768713615942
F            2.43587363017908       -1.33752397099925        0.04653609326980
C            3.45806778797939        1.46096479085541        0.23659699470828
H           -0.15543036173795       -1.31352313171035       -0.80924729295990
16
 energy: -35.095870735376 gnorm: 0.000847611459 xtb: 6.5.0 (746241f)
C           -0.18840800590403        0.84618921516808       -0.94174366779834
C            0.35166522159050       -0.37466339313926       -0.68991299003631
F            3.21119355329694        3.81591631610355       -0.05662605205310
H            6.78155166636797        1.41174887810216        1.39443618960324
S            4.69080791752127        0.35382141538154        0.75903425891390
C            5.79873116829371        1.63642634238267        1.03212704851408
S            0.91314676805159        2.13108930812047       -0.65387276090556
C            5.27290085856259        2.85526970993997        0.74279835606823
C            1.68418886384552       -0.26575294167557       -0.25389614226492
H           -1.17880542188739        1.07130855195947       -1.28296468619711
H            5.78861479393834        3.79230221015314        0.83979037928968
C            2.16154371467939        1.02194928909036       -0.17323633043334
C            3.94543865031867        2.74661477808136        0.29151021351532
F            2.43206092664226       -1.33665720265028        0.05870806987478
C            3.45852784843348        1.46115303663397        0.23432911981973
H           -0.15715852375092       -1.31341551365165       -0.80308100591068
16
 energy: -35.095874915669 gnorm: 0.000545777084 xtb: 6.5.0 (746241f)
C           -0.18684658045544        0.84589196213708       -0.94656663172188
C            0.35097195997189       -0.37454142448683       -0.68750705712144
F            3.20742250649968        3.81673547432006       -0.04620713329861
H            6.78429966840039        1.41096554808160        1.38643476456932
S            4.69408161154680        0.35308551254132        0.74982786848104
C            5.80038438417719        1.63603896115804        1.02760253327237
S            0.91615246211346        2.13050368338902       -0.66306816899958
C            5.27201032261892        2.85543263240197        0.74508195472724
C            1.68294886494192       -0.26545640555991       -0.24991066201201
H           -1.17602153398411        1.07091396372162       -1.29098239046725
H            5.78649067555967        3.79269862333809        0.84573905116137
C            2.16187218582543        1.02191643496258       -0.17432495853895
C            3.94391544622899        2.74695918496095        0.29563741562595
F            2.42860813558795       -1.33592210756755        0.06918701141826
C            3.45892363680218        1.46110682382490        0.23335345920386
H           -0.15921374583504       -1.31302886722295       -0.79689705630006
