30
 energy: -45.782817670849 gnorm: 7.312811794211 xtb: 6.5.0 (746241f)
C            3.92980000000000       11.62510000000000       -1.28100000000000
C            4.43810000000000       11.99660000000000       -0.09000000000000
S            4.37280000000000       10.51600000000000        0.78150000000000
C            3.89390000000000        9.94320000000000       -0.06600000000000
C            3.54300000000000        8.52510000000000        0.37260000000000
C            3.52890000000000        7.79040000000000        1.21140000000000
C            2.95280000000000        6.50920000000000        0.94280000000000
C            2.66910000000000        6.57840000000000       -0.12180000000000
C            2.03400000000000        5.67240000000000       -1.13360000000000
C            1.81320000000000        5.71510000000000       -2.21430000000000
C            1.22530000000000        4.43810000000000       -2.47790000000000
C            1.10390000000000        3.74680000000000       -1.61110000000000
C            0.59860000000000        2.39100000000000       -1.12830000000000
C            0.66930000000000        2.17580000000000       -0.02040000000000
C            0.03700000000000        0.91850000000000        0.22180000000000
C           -0.35950000000000        0.49970000000000       -0.99570000000000
S            0.19430000000000        1.78650000000000       -1.99240000000000
S            1.59310000000000        4.66260000000000       -1.20620000000000
S            3.10340000000000        7.59090000000000       -0.04680000000000
C            3.62760000000000       10.23830000000000       -1.12470000000000
H            3.78410000000000       12.23140000000000       -2.16910000000000
H            4.82710000000000       12.91600000000000        0.33040000000000
H            3.92070000000000        8.02850000000000        2.20930000000000
H            2.89160000000000        5.73560000000000        1.71020000000000
H            1.96170000000000        6.45200000000000       -3.00540000000000
H            0.90100000000000        4.17090000000000       -3.49220000000000
H            1.09170000000000        2.73560000000000        0.80970000000000
H           -0.08440000000000        0.41940000000000        1.17760000000000
H           -0.87060000000000       -0.37330000000000       -1.38310000000000
H            3.20290000000000        9.68210000000000       -1.95600000000000
30
 energy: -49.319994148052 gnorm: 2.956050198001 xtb: 6.5.0 (746241f)
C            3.92975905529909       11.62577758125042       -1.28219852059113
C            4.44063242228404       12.00189121080980       -0.08784482632700
S            4.42580449842632       10.58069966792970        0.87575250375046
C            3.86007571836281        9.88899268412928       -0.11428706158382
C            3.59223228931788        8.64746259899507        0.39483745576335
C            3.54466516628490        7.78634569788097        1.27153288512107
C            2.95397789765312        6.48054197381541        0.98701640404535
C            2.61092773422645        6.46225157546656       -0.15995131202128
C            2.09190532353581        5.78874911091982       -1.09546538451153
C            1.81485519337067        5.74254034362347       -2.25925680456656
C            1.21328866823394        4.44056559079323       -2.53892016930335
C            1.04730594971436        3.62725847812644       -1.63136491077860
C            0.63129465455294        2.44585899943024       -1.07989921824930
C            0.67447693507022        2.17365089311533        0.02067965933651
C            0.03699613433919        0.91787687914213        0.22300663279348
C           -0.36216677580456        0.49444584636356       -0.99781844801985
S            0.14862274438869        1.71859927690042       -2.08826809630987
S            1.60198748576866        4.63081523281475       -1.11005604151782
S            3.09618968361078        7.62225912355552       -0.14338972547325
C            3.61552944275256       10.24324190336467       -1.16401625154445
H            3.78421587960452       12.23112983351158       -2.16839635148038
H            4.82678668804226       12.91644678760107        0.32918031803708
H            3.92168113730132        8.02583015361019        2.21626726298425
H            2.89302637001570        5.73436957365591        1.71618447340285
H            1.96074421060850        6.45300482298957       -3.01157338735299
H            0.90063042603079        4.17332479500819       -3.49937854882352
H            1.09240883635942        2.73615275143244        0.81309401187709
H           -0.08444679952377        0.41964247333075        1.17688089207749
H           -0.87061626061535       -0.37360923079095       -1.38179948208381
H            3.20160929078873        9.68178337122445       -1.95924795865045
30
 energy: -50.422240239532 gnorm: 1.722042436260 xtb: 6.5.0 (746241f)
C            3.93171530805650       11.63557720905007       -1.28777896633054
C            4.44335057426413       12.00869031902033       -0.08881080468222
S            4.45354505660628       10.61935786117758        0.92493589532936
C            3.86456421677656        9.87171791225269       -0.08862918730651
C            3.62558242157189        8.71151729132896        0.42824716227948
C            3.55603804125242        7.77792887046032        1.32164153707087
C            2.96382827119233        6.47357172335680        1.03570107542933
C            2.58986402667566        6.41155855367209       -0.15633632846859
C            2.11234692911096        5.83980795010244       -1.09889425449259
C            1.80602317401050        5.74920214796612       -2.30807874631010
C            1.20545122479569        4.44744069205267       -2.59003532942763
C            1.01374527686065        3.56309800664262       -1.66493590905140
C            0.63463340187078        2.46000038343189       -1.10744902322720
C            0.67446306893847        2.15154106159460        0.08943896410066
C            0.03413795464795        0.90846241927752        0.22880363316049
C           -0.36442570373001        0.48744058156705       -0.99696366573465
S            0.12176091144794        1.67956110509519       -2.13739884638876
S            1.61027801841979        4.59743650801325       -1.01294091189230
S            3.09022294468639        7.65488056776778       -0.24091991355594
C            3.60138423933321       10.27107912002569       -1.22912190338310
H            3.78489943897208       12.23302771450157       -2.16758265846833
H            4.82625950869381       12.91803144983939        0.32582332093908
H            3.92608443968809        8.01947490306309        2.24069047430154
H            2.89668518967164        5.72723398128326        1.73633223015066
H            1.95891751986716        6.45925654272266       -3.03245600165378
H            0.89796345056304        4.17903784047677       -3.52440681511383
H            1.09517695913366        2.73833555271582        0.82709668664764
H           -0.08557787031648        0.41792967454390        1.17619137046412
H           -0.87069775215112       -0.37494794332156       -1.37828515059350
H            3.19617975909001        9.68065000031943       -1.97257793379228
30
 energy: -51.190253433984 gnorm: 1.034095485614 xtb: 6.5.0 (746241f)
C            3.93418516884519       11.64481827618779       -1.29063541529121
C            4.44956040505714       12.02758121654029       -0.08935259335529
S            4.49612345891889       10.69959515650036        0.97563772557575
C            3.86786913834374        9.87263218504262       -0.09161771903945
C            3.65299589934312        8.74655110104466        0.47408915228950
C            3.56702581493321        7.76468065870832        1.37742237583525
C            2.98186203117250        6.47517902133537        1.10490568978543
C            2.58303181557933        6.37096593019140       -0.11251512153285
C            2.11860077701018        5.88082458190053       -1.14262797605411
C            1.78849606960387        5.74753602291719       -2.37721279735038
C            1.19812037714885        4.45906644502022       -2.64683308337943
C            0.99010385271289        3.52635235913745       -1.71203666540946
C            0.63671673854723        2.45708699179165       -1.10574859992033
C            0.66935998701421        2.12736827558798        0.13415043425831
C            0.03113001171225        0.89944076149983        0.23180987753870
C           -0.37236955603772        0.46920153750067       -0.99591832308537
S            0.07660275122033        1.60025822602218       -2.18716260603655
S            1.61753084069837        4.54734816359167       -0.88963616060903
S            3.08496454388717        7.70432599449735       -0.36460281425455
C            3.59530464172159       10.29979638555415       -1.27091768233720
H            3.78568343007119       12.23627823318551       -2.16687853956613
H            4.82692709059161       12.92565799048196        0.32166297491170
H            3.93627147023513        8.01607687491027        2.28149232434547
H            2.90038268450153        5.71142854452192        1.76806981560798
H            1.95841727795954        6.47354331938715       -3.06531980317310
H            0.88985189443520        4.18164725638376       -3.56592199946724
H            1.10061218808959        2.74644137646449        0.83858334921190
H           -0.08720303432436        0.41500514285371        1.17574668795619
H           -0.87342013513522       -0.38177775874904       -1.37355587826557
H            3.18966236614344        9.67298972998858       -1.98377662918893
30
 energy: -51.660275593100 gnorm: 0.611784642029 xtb: 6.5.0 (746241f)
C            3.93841722442407       11.66205591010566       -1.29586364750378
C            4.45645694119207       12.05081698171781       -0.09215979686527
S            4.53925545188504       10.78355978332037        1.02407333410868
C            3.87627674387079        9.88408498614657       -0.09429157551493
C            3.67003048146830        8.75023500297212        0.51813620753852
C            3.57270517697054        7.74151797593734        1.42747449700810
C            2.99739415340112        6.47343268405322        1.16739358898375
C            2.58073933526238        6.33900534678424       -0.06862181360962
C            2.12161335832466        5.91266784205057       -1.18680699190052
C            1.77428619237597        5.74872968312761       -2.44001237174646
C            1.19615602715219        4.48054594856139       -2.69786021532048
C            0.98050217846729        3.51951987101564       -1.75811189553217
C            0.63492812559285        2.44319208199752       -1.10479418331176
C            0.66280472687303        2.10181980589226        0.17097409352815
C            0.02511765737566        0.88292091735525        0.23754741225161
C           -0.38163146705534        0.44683013328357       -0.99236087163828
S            0.02995955331956        1.51752444273811       -2.23452790319355
S            1.63315115661975        4.50504918257944       -0.74745648444978
S            3.07162645444742        7.74602614375722       -0.50739459524822
C            3.59240468821457       10.32919812742145       -1.30530825349035
H            3.78748216064583       12.24741221565261       -2.16902897000692
H            4.82911450435970       12.94336078597648        0.31448232965924
H            3.94975065267791        8.01140249679600        2.33741418637085
H            2.90149912031409        5.68498519837526        1.80770621788117
H            1.96038244955191        6.49864702306212       -3.10595497691351
H            0.87880050803578        4.18540152329240       -3.62256020075274
H            1.10562259573800        2.75171003959098        0.85662717901382
H           -0.09195517279714        0.40504935975116        1.17873163768481
H           -0.88039241573147       -0.39762891811851       -1.36506733252149
H            3.18190143702346        9.66882742480414       -2.00107860450885
30
 energy: -51.892973461471 gnorm: 0.387182626321 xtb: 6.5.0 (746241f)
C            3.94621095239542       11.68815802189159       -1.30052587466165
C            4.46588421625647       12.08475732254142       -0.09865417800317
S            4.58048237146058       10.86386858535227        1.07191502236844
C            3.89161372265001        9.90136972729017       -0.08176370783781
C            3.68274113750771        8.74351393214644        0.55058680906229
C            3.58022280811812        7.72880910236551        1.47017108943008
C            3.01232534735123        6.47765005909550        1.21431531352888
C            2.58756433156975        6.33021171260590       -0.03824842998406
C            2.11926511823972        5.92003116339546       -1.21852448918878
C            1.76209306527467        5.74335671549544       -2.48776405178253
C            1.19156244583605        4.49205569455305       -2.74123693038236
C            0.97800973915234        3.52226439343483       -1.79318946673187
C            0.62741867523800        2.42281254794432       -1.11942959483282
C            0.65463620920101        2.07991167036558        0.18472440780471
C            0.01539924835905        0.85755540792317        0.24279404348618
C           -0.39462215064563        0.41416302897935       -0.98476658738189
S           -0.01553320451350        1.43860787814128       -2.28119497807648
S            1.64608264408603        4.46277538798964       -0.62243074383538
S            3.06363035273229        7.78687410721774       -0.63375875659180
C            3.59549472004580       10.35306145369036       -1.31778152632767
H            3.79128540229226       12.27058007241483       -2.17451958342508
H            4.83399825151224       12.98383215347009        0.29737543528519
H            3.96426082741490        8.00669170496832        2.39922473863707
H            2.90405848311151        5.66150181070357        1.85408568826600
H            1.95945998963707        6.52149738892879       -3.15291733363437
H            0.86623174729668        4.18923204778500       -3.68487665431720
H            1.10534309916760        2.74758290533452        0.87326090088928
H           -0.10170237412849        0.38424617392425        1.18585669303530
H           -0.89613913752988       -0.43390825956505       -1.34506625093712
H            3.17712196091099        9.67483608961666       -2.01636100386135
30
 energy: -52.012938467328 gnorm: 0.290540616341 xtb: 6.5.0 (746241f)
C            3.95961543112806       11.72525351249205       -1.30115306970520
C            4.48123273303570       12.13726440315264       -0.10630415056529
S            4.62163876419704       10.94879877124978        1.11854679368107
C            3.91638572182846        9.93255541449293       -0.05193442336394
C            3.69611244818819        8.73761279285460        0.57009007898647
C            3.59206830892458        7.73117591725442        1.50391782424792
C            3.02712210001085        6.48719485103695        1.24218596533455
C            2.60435458365743        6.34357200289822       -0.02695903655970
C            2.11457324522061        5.90237241419986       -1.23331451274889
C            1.75384292872963        5.73110941190035       -2.51766422502101
C            1.18313871471691        4.48842099456044       -2.77576853456919
C            0.97832506478141        3.52305738425509       -1.81617895414937
C            0.60955197411343        2.38878896614328       -1.15121600436317
C            0.63985879766426        2.05191018787481        0.17318920663358
C            0.00054182358405        0.82093883950454        0.24391127068048
C           -0.41530254445192        0.36358296776882       -0.97557412684394
S           -0.06392579146333        1.35621782331172       -2.32601488318712
S            1.65437056353373        4.41852948823412       -0.52606208560753
S            3.06653749898978        7.82742544063721       -0.73309330467191
C            3.60866356198387       10.38150172278301       -1.30588892529819
H            3.79901444235607       12.30717829006999       -2.17950078478633
H            4.84194792642460       13.05544174715352        0.26416575756828
H            3.97622951124974        8.00060685014721        2.45834599278919
H            2.90899946674718        5.65619059954933        1.89614454753500
H            1.95208409947800        6.52807794687596       -3.19418598731393
H            0.85442422061549        4.19496004336206       -3.74388458184580
H            1.09174945011163        2.71984178362406        0.88135628518678
H           -0.11764065868165        0.35085907553779        1.19310424289875
H           -0.92320359917531       -0.49815362133008       -1.30681731093287
H            3.18208921250153        9.70561397840528       -2.02214306400864
30
 energy: -52.090741682512 gnorm: 0.244734949882 xtb: 6.5.0 (746241f)
C            3.97837254078807       11.77100073853836       -1.29464274152094
C            4.50230670362478       12.20268833723805       -0.10960526414290
S            4.66031459322434       11.03675632680822        1.16163400755235
C            3.94646538785966        9.97484730363667       -0.01168805534795
C            3.71127187700853        8.73872452308956        0.57384417818866
C            3.60804322808133        7.74975647748761        1.52636954545567
C            3.04284075374853        6.50434941124668        1.25150372328430
C            2.63000722247936        6.37596548806316       -0.03470715931086
C            2.10905616153193        5.86266664546290       -1.23126539994923
C            1.74868174066548        5.70973265490930       -2.53016885729422
C            1.17099467407373        4.46855684593850       -2.79908956674938
C            0.97942081584445        3.51607162645614       -1.82404333966348
C            0.58314877903834        2.34485503031774       -1.19266320367455
C            0.61742331771337        2.01498740220858        0.14352523809724
C           -0.01934016681765        0.77539298111253        0.23780323421318
C           -0.44244933008890        0.30030267058747       -0.97059928650457
S           -0.11478451898007        1.27274771990402       -2.36613404127902
S            1.65918099049377        4.36890488795482       -0.44786398082546
S            3.07945618971987        7.87101287049692       -0.81589797700127
C            3.63027958795707       10.41839780036769       -1.27608956629674
H            3.81211452520541       12.35242144682464       -2.17811337164950
H            4.85243108871481       13.14661429298012        0.22054926743722
H            3.98430173052427        7.99783764628532        2.50689934465134
H            2.91663279966804        5.67222608670005        1.92852472323253
H            1.93862143116223        6.51483737447425       -3.22469874044885
H            0.84315626528797        4.19864631694742       -3.79136022779292
H            1.06406640595131        2.66677349161727        0.88142624346527
H           -0.13814722541816        0.30837197570615        1.19381363456871
H           -0.95674084779603       -0.58051253659403       -1.25714172353674
H            3.19727327873421        9.76296616323386       -2.01882063715782
30
 energy: -52.151266153046 gnorm: 0.207245476915 xtb: 6.5.0 (746241f)
C            4.00099894368675       11.82364477601990       -1.28166386544638
C            4.52731405178083       12.27540932746924       -0.10702286876077
S            4.69359576490592       11.12392689787365        1.19624651402973
C            3.97756319868506       10.02397724033359        0.03132110898513
C            3.72603251890153        8.74425100540321        0.56069713945104
C            3.62541414018075        7.77902524600689        1.53632595738514
C            3.05783101604686        6.52655540589973        1.24186336894786
C            2.66133316972845        6.42206339268079       -0.06186708306629
C            2.10467092798443        5.80670421118613       -1.21153938783541
C            1.74752002819113        5.68214607494780       -2.52453605070793
C            1.15764495479203        4.43805252593020       -2.80990907649177
C            0.98261842000542        3.50419219600176       -1.81533658684888
C            0.55145983361509        2.29572932671650       -1.23580323035864
C            0.58834077567655        1.96984260294489        0.10419511238451
C           -0.04385244196109        0.72307691032128        0.22537159948879
C           -0.47424819132705        0.22994302128007       -0.97143004767685
S           -0.16523500281257        1.19208255771487       -2.39655721739273
S            1.66297427899521        4.31705808475310       -0.38107635081397
S            3.09891992783332        7.91485305907620       -0.88858103966129
C            3.65713904920136       10.46392088670696       -1.23627100905682
H            3.83028158079886       12.40291457572951       -2.16994417367880
H            4.86543065429243       13.24382126379358        0.17589201112370
H            3.98688785122524        7.99801037388781        2.54099398642374
H            2.92540742703398        5.70394487573181        1.94576393768767
H            1.92304963174573        6.48628955636559       -3.23997376180111
H            0.83373816744996        4.20096721760995       -3.82339990610496
H            1.02558856757616        2.59513608686199        0.87633944133091
H           -0.16153406738011        0.25958773555047        1.18715886651667
H           -0.99190577043485       -0.66934603515018       -1.20669125036140
H            3.21942059358269        9.84011960035267       -2.00926613769080
30
 energy: -52.201052807311 gnorm: 0.161669302188 xtb: 6.5.0 (746241f)
C            4.02526096053498       11.87884394330191       -1.26351543655948
C            4.55379515865516       12.34928009741588       -0.09912108927248
S            4.71871253233706       11.20331578925828        1.21785894729894
C            4.00595929807786       10.07311341798134        0.07194411303137
C            3.73796278132795        8.75120191233028        0.53144011427977
C            3.64165142972674        7.81381557404671        1.53372890705601
C            3.07032469692969        6.55140710009741        1.21501504749724
C            2.69483297478132        6.47708605599656       -0.10617853504967
C            2.10201642480582        5.74042981734997       -1.17545547415446
C            1.75038423489466        5.65158751701877       -2.50188922548061
C            1.14521675621227        4.40229877183526       -2.80804071357172
C            0.98891103715626        3.49098614476726       -1.79041813400332
C            0.51862794387425        2.24803187598957       -1.27559681826967
C            0.55513486392594        1.92061396513269        0.06085931129035
C           -0.07113684903859        0.66840294294529        0.20801235491897
C           -0.50814496712511        0.15853000045517       -0.97752945627153
S           -0.21065700955258        1.12043844760013       -2.41322193101884
S            1.66662322359799        4.26770129204643       -0.32599255893010
S            3.12165827939435        7.95519377768162       -0.95014041249702
C            3.68591100755906       10.51421064066599       -1.19191313661708
H            3.85189542056861       12.45454992720223       -2.15606405995668
H            4.88043144228954       13.33722156983552        0.13660950659584
H            3.98364457437108        8.00129751155130        2.55695589530886
H            2.93434126242461        5.74545030919991        1.94430805089571
H            1.90891589791910        6.44721536727096       -3.23744876598404
H            0.82737468329798        4.20164138359625       -3.83663256354816
H            0.98068309708839        2.51524254586494        0.86514558391537
H           -0.18577906975386        0.20839127825029        1.17410540324898
H           -1.02541005983585       -0.75596661525733       -1.16262237877567
H            3.24525797355541        9.92636763856933       -1.99290254537681
30
 energy: -52.238466022631 gnorm: 0.112742326941 xtb: 6.5.0 (746241f)
C            4.04955220917931       11.93363035073345       -1.24126382363226
C            4.57954316702890       12.41750867886249       -0.08577034236966
S            4.73306495142298       11.26531638619268        1.22246385139295
C            4.02779100737158       10.11526255038353        0.10276063460525
C            3.74435762336409        8.75741882553868        0.48770092200226
C            3.65392560339321        7.84844312992927        1.51766988018603
C            3.07898695217476        6.57694153090198        1.17451273885037
C            2.72532736418702        6.53238973233543       -0.16187108188901
C            2.10231587941725        5.67385742185136       -1.12761634437591
C            1.75676117166548        5.62070901589337       -2.46518598386781
C            1.13646824849671        4.36690253576841       -2.79260200529422
C            0.99871733379808        3.47934798104515       -1.75034424674303
C            0.48946427653238        2.20849714345457       -1.30486496754150
C            0.52027798551612        1.86960414289629        0.02196222081064
C           -0.09979111266045        0.61450869805242        0.18688408361578
C           -0.54132696192615        0.09265706107109       -0.98912272926546
S           -0.24540649202538        1.06630566896305       -2.41290875860499
S            1.67123153028484        4.22701709787704       -0.28396511074365
S            3.14309165807160        7.98699670580574       -0.99833477403571
C            3.71340142174176       10.56740538563745       -1.15128239737322
H            3.87652440710817       12.50650546245633       -2.13636147774561
H            4.89757017312385       13.41840757614691        0.11015927285248
H            3.97540259520778        8.01094248242122        2.54949921430812
H            2.94273270403076        5.79106434738637        1.92103432376403
H            1.89993061678952        6.40193823802322       -3.21490625903396
H            0.82426450499001        4.19712600569814       -3.82615711217170
H            0.93335926445484        2.43450776286551        0.84954542729123
H           -0.21036961164195        0.15558339305398        1.15456793769287
H           -1.05489955272835       -0.83292857150869       -1.13299814651098
H            3.27213108163138       10.01403326026348       -1.97190494617320
30
 energy: -52.261751228325 gnorm: 0.087071007781 xtb: 6.5.0 (746241f)
C            4.07361846166988       11.99076673776506       -1.21710905867958
C            4.60355970687710       12.47469647758932       -0.06513646051012
S            4.73769209024600       11.30270967775775        1.21205718831139
C            4.04064624038412       10.14731257010550        0.11408312478435
C            3.74453931046396        8.76559704721603        0.43339732642232
C            3.66084298503765        7.87977846267985        1.48611512952864
C            3.08564559880831        6.60458486836781        1.12879488076930
C            2.74692202346680        6.57532154658170       -0.21607456397550
C            2.10673024232720        5.62133445002382       -1.07966387389820
C            1.76394795803170        5.58834059954503       -2.42265711218690
C            1.13378364631701        4.33450108390183       -2.76190547157030
C            1.00996488481021        3.46752565934169       -1.69844841758848
C            0.46784074809597        2.17986582527934       -1.31424197061710
C            0.48525500512701        1.81488066152422        0.00090496208115
C           -0.13078980469031        0.55917700748629        0.16451012287139
C           -0.57184689357307        0.03742858492440       -1.00826692702797
S           -0.26606177347576        1.03535231963978       -2.39878376370542
S            1.67785426797641        4.19778192139958       -0.24953586617671
S            3.15777580201578        8.00898832111396       -1.03761886060074
C            3.73663253214987       10.62618368116751       -1.12734195393737
H            3.90582173363210       12.56626800952108       -2.11036836355560
H            4.91925576124579       13.47994141902466        0.11016831180503
H            3.96642054651649        8.03641195446430        2.51449956749782
H            2.95157828156800        5.83513807895118        1.87876667358989
H            1.89913665533246        6.35441594654873       -3.17592742019229
H            0.82197481052849        4.17729793847725       -3.78836706968436
H            0.88750687952527        2.35675765670225        0.83963856175360
H           -0.23868244385408        0.09420328026892        1.12853219724987
H           -1.07962770238476       -0.89398699930250       -1.13229036383714
H            3.29646244582449       10.09932521193358       -1.95643052892085
30
 energy: -52.276114780293 gnorm: 0.080444038528 xtb: 6.5.0 (746241f)
C            4.09724502052772       12.05131660926688       -1.19469531769489
C            4.62587598045489       12.51886787519509       -0.03763868716142
S            4.73806064864404       11.31856834639792        1.19667173490494
C            4.04607705754303       10.17013180091482        0.10485946736021
C            3.74108793751314        8.77974210552196        0.37507616106580
C            3.66396948650318        7.90945513859964        1.44235814578134
C            3.09359369466189        6.63710409087765        1.08717427024873
C            2.75869198331546        6.60135185365021       -0.25822720954273
C            2.11392091633837        5.58820256540387       -1.04179543126908
C            1.76824928497683        5.55165634702835       -2.38371163066240
C            1.13560885539229        4.30333444002124       -2.71930585043108
C            1.01930332886576        3.45171056000109       -1.64124134667981
C            0.45453483758931        2.16048296343763       -1.30328803517069
C            0.45221893575496        1.75712508432680        0.00245503490013
C           -0.16339788733084        0.50127534424685        0.14443960354563
C           -0.59828300342864       -0.00562395275252       -1.03488928031820
S           -0.27557034872684        1.02360487624655       -2.38156383635168
S            1.68616957153947        4.17466820750333       -0.21009153316651
S            3.16385749630532        8.02721504079840       -1.08023329635021
C            3.75468622088642       10.68952138869707       -1.12515407863403
H            3.93903832959416       12.63900668056499       -2.08028114044001
H            4.94647442573515       13.51996256659125        0.14315762033155
H            3.96163305457488        8.08283914578761        2.46117809067137
H            2.96148945829043        5.87357143350513        1.83033743771346
H            1.90511303828762        6.30907575139010       -3.13257865433541
H            0.81607721590061        4.13656444182616       -3.73254550050929
H            0.84718945581704        2.28501949952900        0.84626485026419
H           -0.27292351830275        0.02026245092066        1.09903479954345
H           -1.10046899538009       -0.93723370102726       -1.16703719647331
H            3.31487751815735       10.17912104552939       -1.95742919113993
30
 energy: -52.287622989029 gnorm: 0.063117032044 xtb: 6.5.0 (746241f)
C            4.12086709255392       12.11342269804105       -1.17552273353612
C            4.64737402013624       12.55547767117670       -0.00654909840902
S            4.73609399485018       11.32148285160129        1.18308192089123
C            4.04715424800044       10.18669629579616        0.08429092607099
C            3.73553998801659        8.79907544204399        0.31560140995679
C            3.66426335885144        7.93866270489522        1.39098642294488
C            3.10333489643842        6.67436569246202        1.04871917448154
C            2.76485375881465        6.61582978229481       -0.29149219227580
C            2.12353411463006        5.56754123436257       -1.01201985007168
C            1.76999400714952        5.51028612360674       -2.34780769585017
C            1.13958249439648        4.27265329093354       -2.66905671838733
C            1.02628570362890        3.43220127577320       -1.58187848664597
C            0.44622445287542        2.14745198300926       -1.28114861470741
C            0.42100570875952        1.69655526163458        0.01628418032452
C           -0.19545422069904        0.44180324288703        0.12758136338162
C           -0.62218051381134       -0.04158073246867       -1.06548944209651
S           -0.28062314564018        1.02429669763268       -2.36681597056775
S            1.69635251927947        4.15366209639623       -0.16365412379754
S            3.16423786448521        8.04447253965312       -1.12896520400306
C            3.77116167282403       10.75585137590127       -1.13522663443344
H            3.97376876840726       12.71965069103653       -2.05019545841776
H            4.97797469884816       13.54966910424352        0.19801494261832
H            3.95988393557878        8.14630400803044        2.40000386616920
H            2.97042785879942        5.90530498590838        1.77969163388093
H            1.91620935817007        6.26850268193359       -3.08777018046592
H            0.80391998562021        4.07997863843660       -3.66827505895698
H            0.81276171682741        2.21786346686904        0.86314118495610
H           -0.30973620973293       -0.06123088574020        1.07000877435298
H           -1.12107794736129       -0.97178694520618       -1.22478737846737
H            3.33066581930316       10.25343672685535       -1.96945095893914
30
 energy: -52.296067619736 gnorm: 0.038792158872 xtb: 6.5.0 (746241f)
C            4.14445732558893       12.17505781623197       -1.16157790024570
C            4.66738438661344       12.58713414129408        0.02328933344687
S            4.73265104271515       11.31883996701668        1.17400341561390
C            4.04576496839056       10.20156752755730        0.05779722387672
C            3.72911494117407        8.82277993906757        0.26079956637676
C            3.66296342427636        7.96801794392862        1.33904871315771
C            3.11495265745054        6.71390025190395        1.01606062604993
C            2.76850848037360        6.62249535028807       -0.31538354610195
C            2.13424125237931        5.55481430502290       -0.99135488772271
C            1.76917270255048        5.46647314549942       -2.31764774584465
C            1.14309316231973        4.24232270974495       -2.61779665746149
C            1.02984136346489        3.40968408770201       -1.52621528320087
C            0.44032380540994        2.13636589803277       -1.25301647323583
C            0.39275448318324        1.63481711361218        0.03563169068603
C           -0.22501294307476        0.38219907753237        0.11537438193747
C           -0.64367393935835       -0.07257538492654       -1.09506940704002
S           -0.28523462082029        1.03115709749590       -2.35638890452970
S            1.70745886008044        4.13434254176002       -0.11586374810396
S            3.16116240039411        8.06059197138007       -1.17848351175803
C            3.78768917252930       10.82239061444462       -1.15148708275071
H            4.00831214924482       12.80309010976523       -2.02324713146721
H            5.01078113137381       13.57043514033031        0.26637471266724
H            3.96192404894148        8.22070219368994        2.33930046980760
H            2.97815102928452        5.93035287751284        1.73369149530990
H            1.92940942033882        6.23432035672613       -3.04729794595973
H            0.78543483547590        4.01282709945636       -3.60407578775509
H            0.78493734922352        2.15421223851404        0.88634745334998
H           -0.34651309667195       -0.14511650184998        1.04422232622386
H           -1.14163633143161       -0.99746724162637       -1.29645638090809
H            3.34598653858024       10.32216761289238       -1.98927901441811
30
 energy: -52.300196630698 gnorm: 0.042161043780 xtb: 6.5.0 (746241f)
C            4.16766165633474       12.23169788231841       -1.15227626581704
C            4.68480949015531       12.61564578655474        0.04686201125187
S            4.72952337738762       11.32103920471856        1.16873030432278
C            4.04485994993347       10.22107676265436        0.03201548162145
C            3.72327990551741        8.84698267041718        0.21792542404096
C            3.66227748835571        7.99764274662777        1.29804408422462
C            3.12629821581238        6.74868082786205        0.99363009563840
C            2.77254464587624        6.62780709732708       -0.33033212182037
C            2.14243517642714        5.54394907545669       -0.97933917468434
C            1.76641639138576        5.42779883803178       -2.29735196596088
C            1.14262913038766        4.21285354205141       -2.57664648786800
C            1.02993603551969        3.38754203037642       -1.48192831301146
C            0.43400498439418        2.12046348685541       -1.22555095744920
C            0.37032068750570        1.57796030103702        0.05328951259370
C           -0.24994724949270        0.32639032703701        0.10670946198240
C           -0.66260970166849       -0.10005562224566       -1.11837718312723
S           -0.29225689484375        1.03376115239148       -2.34912539849390
S            1.71663838831284        4.11775619451821       -0.07676187358627
S            3.15749415448315        8.07461482464700       -1.21882471614912
C            3.80416746887333       10.88192072669444       -1.16751911800862
H            4.04168802822827       12.88096815351576       -2.00039436207639
H            5.03895807934892       13.58459210040321        0.33176655386650
H            3.96817667973551        8.28901510252280        2.28918283161004
H            2.98607417444698        5.95364698605028        1.70364290133766
H            1.93716397411187        6.20450445469696       -3.02077344392660
H            0.76661961134375        3.94911309745019       -3.55135919231170
H            0.76367360487314        2.09230413315549        0.91163748471311
H           -0.37968181173136       -0.22358829985593        1.02188177554888
H           -1.16162209881549       -1.01442711418501       -1.36412080371906
H            3.36286645780124       10.38624353091470       -2.01333654474202
30
 energy: -52.302233282101 gnorm: 0.050002659173 xtb: 6.5.0 (746241f)
C            4.18928938033163       12.27749938376759       -1.14533039423927
C            4.69898439592772       12.63953696054640        0.06407327390777
S            4.72620853240894       11.32721933692372        1.16576046431668
C            4.04468085521316       10.24282370656553        0.00999435151466
C            3.71736045761319        8.86802645481311        0.18717584924282
C            3.66134477350839        8.02504296924059        1.27007623576613
C            3.13436018707756        6.77458668467463        0.98011167490744
C            2.77601076404795        6.63294736827791       -0.33929042146904
C            2.14742282166722        5.53462915628008       -0.97261582978461
C            1.76290794296467        5.39934038271879       -2.28514507777966
C            1.13822915176100        4.18724343683879       -2.54753984897586
C            1.02782864462956        3.36937494871274       -1.44938678981131
C            0.42782890759407        2.10163430845851       -1.20204740462731
C            0.35570814175600        1.53108516604855        0.06621868858614
C           -0.26819126398429        0.27970912664886        0.09906942591867
C           -0.67827015399324       -0.12280364143876       -1.13527729063112
S           -0.30062266108459        1.03254407081260       -2.34363131069947
S            1.72306118285333        4.10632443422458       -0.04964556217091
S            3.15327084445034        8.08463784261318       -1.24652785584933
C            3.81963482002125       10.92883664852470       -1.18059831117412
H            4.07346867389225       12.94424526635082       -1.98157426056418
H            5.05995520206423       13.59633334197648        0.38253229151827
H            3.97545869074568        8.34172346181955        2.25228545790077
H            2.99313656806976        5.97668287115887        1.68963643008377
H            1.93719378547636        6.17882453171173       -3.00764635202610
H            0.75114614470417        3.89858982131893       -3.51257931026055
H            0.74986818920368        2.03453481864833        0.93375953836015
H           -0.40455415041232       -0.28935217782810        1.00181633507318
H           -1.18020654845590       -1.02650346278121       -1.41554015136612
H            3.38188571994848       10.44258278237231       -2.03683384566734
30
 energy: -52.304084180618 gnorm: 0.050084272242 xtb: 6.5.0 (746241f)
C            4.21373564446774       12.32038304649068       -1.13814484354139
C            4.71320351042225       12.66195370949778        0.08044000225239
S            4.72109688383961       11.33409303577387        1.16452330562494
C            4.04422817407923       10.26784118254942       -0.01381944365494
C            3.70900337206287        8.89042663615926        0.15932954885626
C            3.65851443752242        8.05556052945971        1.24635230468309
C            3.14000019489214        6.79800603133083        0.97037833799792
C            2.77832924130886        6.63787453273702       -0.34565313813811
C            2.15101709658509        5.52626825800624       -0.96802600522363
C            1.75793318822665        5.37459902382991       -2.27590622147016
C            1.12951609712910        4.16092680073785       -2.52122204976647
C            1.02334016794217        3.35165792836199       -1.41874543210896
C            0.42190936178508        2.07933032739936       -1.17676904250098
C            0.34629110315766        1.48486382972155        0.07762126393865
C           -0.28288212019001        0.23369779115490        0.08955851974233
C           -0.69329113254276       -0.14421084496476       -1.15147628804667
S           -0.31072874583365        1.03175938281559       -2.33898162966457
S            1.72874614701648        4.09861225954238       -0.02660438488587
S            3.14632395097583        8.09208636159753       -1.26941192809272
C            3.83715550250333       10.97235183181631       -1.19400301717215
H            4.11065927926843       13.00387708603750       -1.96240704975369
H            5.07897389964714       13.60764407175451        0.42880738479784
H            3.98289702334474        8.39160857179546        2.21901260142433
H            2.99987488841440        6.00417325089745        1.68567378244965
H            1.93026320585821        6.15191613489514       -3.00221141448875
H            0.73478214749515        3.85069300893537       -3.47684677263520
H            0.74154333274254        1.97034033951518        0.95643420986082
H           -0.42475239531952       -0.35486327094703        0.97881133197280
H           -1.19992147209619       -1.03674348412056       -1.46155305767951
H            3.40663801529531       10.50117263721936       -2.06386087477708
30
 energy: -52.306245276090 gnorm: 0.041225512840 xtb: 6.5.0 (746241f)
C            4.24333190553682       12.36185119278520       -1.12913167800965
C            4.72882355751500       12.68255804026683        0.09881085063200
S            4.71297524919400       11.33874325463069        1.16591577493786
C            4.04266566418821       10.29625198377007       -0.04235154966863
C            3.69627093505155        8.91648020639752        0.13051341562320
C            3.65229807440119        8.09231437213537        1.22386568529453
C            3.14287185870093        6.82133560460558        0.96261722355474
C            2.77895921522912        6.64266240219481       -0.35075760143023
C            2.15380224545625        5.51865158596089       -0.96418549991067
C            1.75077636805175        5.35152614237211       -2.26753198720974
C            1.11516020901165        4.13187474544111       -2.49399804514476
C            1.01587736540971        3.33308036564329       -1.38549578215022
C            0.41689056685524        2.05352375095253       -1.14673866414594
C            0.34261273900582        1.43632683797417        0.08837887850760
C           -0.29407120737646        0.18597420057610        0.07598407571726
C           -0.70821855599646       -0.16422009093502       -1.17004899298688
S           -0.32277063217480        1.03494897791921       -2.33577343198167
S            1.73485451894901        4.09550969244607       -0.00460535083809
S            3.13453960507064        8.09636871591430       -1.29021620855329
C            3.85816386975357       11.01469291205544       -1.20908884654123
H            4.15711003353352       13.06186726802462       -1.94103551575339
H            5.09762756408270       13.61822006615346        0.47250218889287
H            3.98897941597093        8.44271568542642        2.18657824672223
H            3.00682675247946        6.03980493927186        1.69165750669735
H            1.91461794692139        6.12052479040569       -3.00406810555772
H            0.71550521851888        3.80285670946882       -3.44044746832988
H            0.73943923440456        1.89468582132378        0.98124944656138
H           -0.43987374750357       -0.42379485380426        0.94985021869345
H           -1.22095608596165       -1.04535549288569       -1.50444259926735
H            3.43931011572136       10.56592017350879       -2.09670618435495
30
 energy: -52.308264715847 gnorm: 0.030678775137 xtb: 6.5.0 (746241f)
C            4.27486742425348       12.39501163751992       -1.11845152248611
C            4.74423583429164       12.69605907353092        0.11912460250953
S            4.70207404456417       11.33623292847607        1.17028861803257
C            4.03903529080195       10.32126175318908       -0.07250102843283
C            3.67958842278913        8.94260004541446        0.10130566538465
C            3.64225397124428        8.13026220665374        1.20316158192243
C            3.14174092173282        6.84297189953802        0.95517431033994
C            2.77696882196259        6.64717448582755       -0.35628733961936
C            2.15559147768149        5.51261724874859       -0.95894521889979
C            1.74198241093169        5.33231379384084       -2.25805351302375
C            1.09738500063998        4.10446675514633       -2.46677319154263
C            1.00703806501881        3.31654383041252       -1.35049829965227
C            0.41472626362696        2.03064605475814       -1.11522882721741
C            0.34552536987806        1.39220179070268        0.09807136869387
C           -0.29932271347893        0.14353125300039        0.05871241674300
C           -0.72034198376246       -0.17811293815608       -1.19116797916677
S           -0.33391398148897        1.04598993447798       -2.33502838940244
S            1.74148381737865        4.09855236694503        0.01616374346485
S            3.11793850312972        8.09610614150039       -1.30863447996529
C            3.87929511046216       11.04997877974790       -1.22475719584724
H            4.20806739172027       13.10828927374451       -1.92032655946316
H            5.11419686069296       13.62530935150718        0.50665769970827
H            3.98901998207566        8.48766741414445        2.15859066099218
H            3.01325102240045        6.08031136720913        1.70400665465277
H            1.89186406614412        6.08712813392754       -3.01068807224136
H            0.69562935573621        3.76403154932982       -3.40673410514276
H            0.74421099174305        1.81861449798480        1.00491522367066
H           -0.44574608872377       -0.48633560887908        0.91784403672341
H           -1.23864656588617       -1.05088211417512       -1.53798812415898
H            3.47440091244031       10.62735709393206       -2.13065273657580
30
 energy: -52.309687044874 gnorm: 0.027216899280 xtb: 6.5.0 (746241f)
C            4.30539515749899       12.41926795818828       -1.10797570834390
C            4.75881593080564       12.70133703727093        0.14016567591607
S            4.68993950553971       11.32620601894638        1.17530299969957
C            4.03323739625196       10.33796584381867       -0.10026749851977
C            3.66146505286854        8.96494893125020        0.07140082405356
C            3.62991804913321        8.16320829245964        1.18255349759165
C            3.13729609385108        6.86377489864233        0.94530254266178
C            2.77222626118327        6.65233534136361       -0.36434548878163
C            2.15591144911324        5.50789117304999       -0.94990822702827
C            1.73214220413742        5.31602605856746       -2.24491352233451
C            1.08096680487247        4.08240403144111       -2.43934054904143
C            0.99959611562833        3.30389607466780       -1.31448860946306
C            0.41555252714791        2.01572560478372       -1.08616210652459
C            0.35132362880354        1.35480314651483        0.10855280317365
C           -0.29943783745178        0.10822558657806        0.04069042082504
C           -0.72808664901159       -0.18526656956270       -1.21374299434348
S           -0.34168497021583        1.06385370082536       -2.33526192493264
S            1.74788069989487        4.10497172045066        0.03770226500132
S            3.09906466333879        8.09366460985727       -1.32700871999327
C            3.89725087981418       11.07847551978055       -1.24105077625284
H            4.25829232172727       13.14226305984799       -1.90304145076188
H            5.12981871729302       13.62739351164136        0.53284335212365
H            3.98023876086016        8.52346838386498        2.13505436734242
H            3.01818521630716        6.11925332965002        1.71249221566853
H            1.86819907102941        6.05542631983392       -3.01419120247391
H            0.67751601991411        3.73796710925461       -3.37626887249656
H            0.75237568696732        1.75293980123334        1.02586202542905
H           -0.44348545433944       -0.53955841232276        0.88731638810809
H           -1.25017904019260       -1.05347217372751       -1.56473714226174
H            3.50466573722994       10.67850409182963       -2.16123458404074
30
 energy: -52.311351503115 gnorm: 0.014392369151 xtb: 6.5.0 (746241f)
C            4.30925881710133       12.41445902843361       -1.10319442367332
C            4.75817867258635       12.68026291170708        0.15129050334668
S            4.68394005046717       11.29735541689573        1.17524004036610
C            4.02681565506382       10.32967590227054       -0.11675893709145
C            3.65733166488263        8.95895884057809        0.04772667314597
C            3.63688651427777        8.16660006360754        1.16751289642200
C            3.13273845470858        6.87785377393469        0.93774867780081
C            2.76179257004946        6.65769006796373       -0.36708440645379
C            2.14825294494563        5.51019639817497       -0.94191570440122
C            1.72386256797562        5.30801818357216       -2.23353531837397
C            1.08929494668613        4.07281224474290       -2.42780550218149
C            1.01212186668764        3.30674429872224       -1.29215643368163
C            0.42527552181160        2.02284334281948       -1.07006677028564
C            0.35266069006162        1.35448825081854        0.12372423581055
C           -0.29790455230760        0.11062696884391        0.03430126964973
C           -0.72069332401772       -0.16694484110612       -1.22666913334973
S           -0.32995902962690        1.09146211770735       -2.33583940685558
S            1.75730515859509        4.12283595471978        0.05693240688055
S            3.06071835921212        8.08626380386465       -1.33979124400636
C            3.89303470555584       11.07958659362435       -1.25560810878246
H            4.27016962764096       13.14462666866404       -1.89168582538168
H            5.13117082506482       13.60241289833007        0.55082153554778
H            3.97188804747733        8.52775993301294        2.12518379988568
H            3.02486339240667        6.13279139346732        1.70595549641903
H            1.86310817538177        6.04058575352753       -3.00870366183644
H            0.68327064417057        3.73537505070075       -3.36639199227578
H            0.75405861537468        1.74712101034982        1.04194284962027
H           -0.44586915879428       -0.54596727071356        0.87298609507328
H           -1.24171495912980       -1.03227858015106       -1.58571294622259
H            3.50254253569142       10.68368382091665       -2.17714666511513
30
 energy: -52.312183238603 gnorm: 0.006790250889 xtb: 6.5.0 (746241f)
C            4.31948194690314       12.41652805267492       -1.09557828410932
C            4.76307460381743       12.65873124103922        0.16642049058615
S            4.67246207148098       11.26409353714276        1.17132466349956
C            4.01568237455325       10.32483253378929       -0.14153635182536
C            3.63936919528611        8.96056987468585        0.01726691935452
C            3.63508215980039        8.17899923799263        1.14735285157890
C            3.12990326503033        6.89501503847956        0.92829812775699
C            2.74192007332177        6.66834637298527       -0.37020662844486
C            2.13389541822136        5.51319550113085       -0.92910355437854
C            1.71533718232819        5.29602386319907       -2.21983086188296
C            1.09242596111598        4.05939999668965       -2.40740243091298
C            1.02243480666499        3.30731925623012       -1.25938878521348
C            0.43820277622119        2.02642215116273       -1.04574310266059
C            0.35630152522254        1.34353377227444        0.14242895778984
C           -0.29945935092499        0.10544549435722        0.02401964824866
C           -0.71335867059762       -0.14974675905681       -1.24542958882399
S           -0.30982175663431        1.12147586375796       -2.33368600383411
S            1.76102875849903        4.14494329802867        0.08223833695594
S            3.02328696538714        8.07639865791263       -1.35648111129802
C            3.89482946667766       11.08835002461021       -1.27610878367618
H            4.29134157787978       13.15875132786699       -1.87321092547117
H            5.13894865981992       13.57454692025884        0.57728073955456
H            3.97253359033504        8.53719252684862        2.10409020602833
H            3.04124151574131        6.14617725800079        1.69643106186031
H            1.85662382155425        6.02199316616445       -3.00164925860328
H            0.69124109155463        3.72403348979345       -3.34790830845806
H            0.75533662168653        1.72983138874063        1.06311713145044
H           -0.45578138472536       -0.56403416168915        0.85090543989319
H           -1.23422079180768       -1.00962016045737       -1.61709948899674
H            3.50505652558735       10.69915123538620       -2.19951110596760
30
 energy: -52.312406040716 gnorm: 0.005709985215 xtb: 6.5.0 (746241f)
C            4.33069474192600       12.42457758857154       -1.09147116070441
C            4.76947877190614       12.65419547528778        0.17448499995244
S            4.66620665985179       11.25282687787456        1.16724888112528
C            4.00933075357677       10.32853783847153       -0.15536632694135
C            3.62855638041736        8.96666479381769        0.00125053402809
C            3.63443642359090        8.18845089751587        1.13446569279013
C            3.12990074641125        6.90331581814156        0.92333723883895
C            2.73339913844069        6.67416244458225       -0.37297485169629
C            2.12690897962765        5.51317615416349       -0.92169683221192
C            1.71014527529331        5.28989144475753       -2.21260550604083
C            1.09331750129138        4.04962975787875       -2.39399817730323
C            1.02527365886355        3.30376944985384       -1.24120057704158
C            0.44319482262851        2.02264723560051       -1.03160711444553
C            0.35561114840217        1.32996623513086        0.15088386337612
C           -0.30214444442348        0.09449844364462        0.01726446040714
C           -0.71104302196027       -0.14828224159293       -1.25620765433998
S           -0.30019022064084        1.13120212466337       -2.33054203373534
S            1.75729137069464        4.15263269765810        0.09572151696983
S            2.99923274633269        8.07881779002289       -1.36293897722356
C            3.89726274509390       11.10105518273946       -1.28514138432549
H            4.31136241606468       13.17376816978985       -1.86280893962527
H            5.14869673231719       13.56513282910946        0.59282142864114
H            3.97854838834759        8.54764899840215        2.08798518997347
H            3.04683191182051        6.15450276194152        1.69209031174852
H            1.84997587303974        6.01367921848603       -2.99679030089456
H            0.69674371168439        3.70978811693304       -3.33430270168660
H            0.75278214757601        1.71111400070556        1.07446066523082
H           -0.46458174670571       -0.58253423234119        0.83688852593894
H           -1.23262323545823       -1.00387169847298       -1.63638032701162
H            3.50979962399006       10.71693582666293       -2.21157044379318
30
 energy: -52.312588015472 gnorm: 0.003700950608 xtb: 6.5.0 (746241f)
C            4.34429713132748       12.43453066073373       -1.08854625985747
C            4.77959465791895       12.65351584224573        0.18012322594189
S            4.65959409292762       11.24803040778444        1.16342618286452
C            4.00176142121207       10.33596155887722       -0.16621007025079
C            3.61516982705425        8.97545222976268       -0.01063727850041
C            3.63212360646338        8.19828585944217        1.12327578981886
C            3.12913334259464        6.91048800280899        0.91963114240318
C            2.72229724225790        6.68105632839778       -0.37441755752167
C            2.11746539809574        5.51399200126637       -0.91429597338078
C            1.70493134588610        5.28501131296429       -2.20643709367817
C            1.09290558960378        4.04069156310946       -2.38146291899075
C            1.02522693393322        3.29951118866412       -1.22575181134447
C            0.44581568804003        2.01636816000010       -1.01955443865275
C            0.35381775437446        1.31429662723246        0.15644071466876
C           -0.30439988925065        0.08062985896029        0.01075098437391
C           -0.70862434654361       -0.15199836953824       -1.26578296278086
S           -0.29279896011195        1.13520342677667       -2.32716238940670
S            1.75004558291071        4.15644737800871        0.10727443190613
S            2.97629766331573        8.08592884512525       -1.36644451995379
C            3.90081236648766       11.11585031035094       -1.29135306956639
H            4.33548761464572       13.18915340064673       -1.85475366703437
H            5.16496588538239       13.55881175892670        0.60480949145376
H            3.98817173755501        8.55957046635352        2.07167002326837
H            3.05244267319762        6.16157066171251        1.68847902270800
H            1.84314179974583        6.00706282073991       -2.99210450621509
H            0.70199523101154        3.69255533447757       -3.32098625081772
H            0.74883257026279        1.68966344069286        1.08360591671569
H           -0.47161359811022       -0.60350028142080        0.82343309067045
H           -1.22970001833927       -1.00395490001767       -1.65438708575489
H            3.51520965615144       10.73771410491506       -2.22133216308632
30
 energy: -52.312697191792 gnorm: 0.003218808831 xtb: 6.5.0 (746241f)
C            4.35847615560588       12.44319221663967       -1.08719615928404
C            4.79099777411092       12.65446471525358        0.18364213653580
S            4.65513597457853       11.24713365830228        1.16101670284320
C            3.99496262610633       10.34407492696626       -0.17336594921910
C            3.60272295288388        8.98404162459452       -0.01852430709273
C            3.62989705479772        8.20680359219554        1.11492615243142
C            3.12695210539750        6.91756940075607        0.91700807782526
C            2.70986790161325        6.68781010218459       -0.37417828894198
C            2.10684609582503        5.51610377348598       -0.90798933316426
C            1.69890539222034        5.28121676707099       -2.20097420746923
C            1.09194929776006        4.03335768073140       -2.37172557995218
C            1.02371920900680        3.29578456008210       -1.21403293705732
C            0.44691789331706        2.00981807460416       -1.01087603948023
C            0.35194181754248        1.30023164998368        0.15973942936379
C           -0.30494052285867        0.06695838689925        0.00513949434427
C           -0.70545895000628       -0.15823326889258       -1.27382475882853
S           -0.28720915942709        1.13527812651755       -2.32526653597277
S            1.73989387923368        4.15965967658150        0.11726996926931
S            2.95311709323512        8.09507989807333       -1.36754301743559
C            3.90458398779306       11.12889942390060       -1.29534990557337
H            4.35992734345108       13.20116918617404       -1.85007498546895
H            5.18323170759072       13.55456986131316        0.61308380707928
H            3.99754252434518        8.57058381937604        2.05826544142149
H            3.05794566550371        6.16854766054928        1.68604982533621
H            1.83632242517666        6.00112074396411       -2.98828050921119
H            0.70576803590191        3.67653595179098       -3.31017291107538
H            0.74429067275693        1.66965955948794        1.09071916415379
H           -0.47481512341529       -0.62307626757456        0.81217584928702
H           -1.22492231191676       -1.00780476847514       -1.66971002814912
H            3.51983048187061       10.75734926746314       -2.22865059651477
30
 energy: -52.312760343720 gnorm: 0.002794050401 xtb: 6.5.0 (746241f)
C            4.37241925123161       12.44997989337423       -1.08659385121183
C            4.80286914091351       12.65512000299054        0.18603249273503
S            4.65222357000710       11.24714421678752        1.15969397864138
C            3.98915205095930       10.35141533693886       -0.17866318443331
C            3.59135100001509        8.99199694951171       -0.02452075136325
C            3.62792697911241        8.21441452861102        1.10834273268418
C            3.12371562773136        6.92505197798599        0.91491466392795
C            2.69583421538907        6.69454736009474       -0.37257441862089
C            2.09452497299203        5.51969326716700       -0.90222596075337
C            1.69163174010893        5.27808690587618       -2.19555966817782
C            1.09038681353318        4.02721202984407       -2.36371712592756
C            1.02106216004356        3.29296946995692       -1.20401920369082
C            0.44734686059934        2.00415573739931       -1.00404269467565
C            0.35061669754836        1.28813921282384        0.16218649042792
C           -0.30385344566752        0.05433608963245       -0.00011829445256
C           -0.70088703460707       -0.16505615638786       -1.28125807641704
S           -0.28221980873425        1.13431223276906       -2.32464438758373
S            1.72856149641209        4.16381485759994        0.12675251754546
S            2.92991141871243        8.10393307266770       -1.36768266105927
C            3.90858194141427       11.13959923951113       -1.29871431762709
H            4.38342602072895       13.20999892040158       -1.84729749989782
H            5.20165114375517       13.55061115617915        0.61920892969714
H            4.00567961525204        8.57998388531255        2.04716668069732
H            3.06343001694049        6.17592216990064        1.68445443142621
H            1.82943610039468        5.99511328773425       -2.98524546137345
H            0.70882463530608        3.66272921611229       -3.30130660756263
H            0.73969294767114        1.65169945823638        1.09696156975368
H           -0.47498808867444       -0.64078127742256        0.80222502399451
H           -1.21797262799066       -1.01315452795605       -1.68351640675084
H            3.52406458890214       10.77491148634687       -2.23493893995178
30
 energy: -52.312792838192 gnorm: 0.001679290635 xtb: 6.5.0 (746241f)
C            4.38583116701265       12.45506337326102       -1.08636780996844
C            4.81439330027483       12.65521351295570        0.18773087019437
S            4.65078852098654       11.24699974862142        1.15875237424971
C            3.98459656716347       10.35757095122923       -0.18309736157111
C            3.58136818898748        8.99925020506610       -0.02951484245141
C            3.62616268360550        8.22125191496720        1.10283294924195
C            3.11977885437206        6.93250648907031        0.91324177527336
C            2.68154299657957        6.70093316503937       -0.37022337257937
C            2.08160040435919        5.52406367026987       -0.89691506471658
C            1.68356221500440        5.27569008856473       -2.19018725799261
C            1.08818825547398        4.02217491348738       -2.35667536663461
C            1.01745361837343        3.29092799348135       -1.19500141452738
C            0.44734992501682        1.99957676220871       -0.99826545315238
C            0.34967985238555        1.27784620581353        0.16426530976563
C           -0.30139642035833        0.04282001223546       -0.00524542414980
C           -0.69507064576473       -0.17186325673873       -1.28825047550615
S           -0.27728970726971        1.13318191038649       -2.32477206567223
S            1.71630273625540        4.16909209780063        0.13591057939992
S            2.90755847784965        8.11188368840643       -1.36734421405562
C            3.91276852269666       11.14821478322257       -1.30189557886632
H            4.40538014586703       13.21625999147346       -1.84566356936732
H            5.21885083427222       13.54671239435355        0.62394769388904
H            4.01241724786270        8.58747992760356        2.03787875988780
H            3.06761280368618        6.18358579515528        1.68359605650304
H            1.82198198507325        5.98968606421068       -2.98258708826970
H            0.71128746143951        3.65170479161327       -3.29381969719952
H            0.73513604706877        1.63596035228834        1.10257674819151
H           -0.47272745674276       -0.65675451689317        0.79315639902302
H           -1.20916230787550       -1.01918689471495       -1.69610867975229
H            3.52845372634458       10.79005386556057       -2.24065477918647
30
 energy: -52.312805612511 gnorm: 0.000621273472 xtb: 6.5.0 (746241f)
C            4.39525994375791       12.45662502166750       -1.08688600345693
C            4.82281915881774       12.65459222413797        0.18777083348531
S            4.65135801545154       11.24690867158933        1.15826298603084
C            3.98295707918498       10.36061901751019       -0.18531302367695
C            3.57560358146881        9.00370272529931       -0.03159184967987
C            3.62442754263150        8.22531147304671        1.10033248294516
C            3.11552565756285        6.93756160908576        0.91291780590169
C            2.67062589330881        6.70536685634899       -0.36757474936591
C            2.07104454502923        5.52822939236590       -0.89340470203797
C            1.67643797021254        5.27549032691229       -2.18642722759916
C            1.08503074965163        4.02045860743753       -2.35252036256436
C            1.01294913464741        3.29069437619724       -1.18980359421400
C            0.44649403768224        1.99759072544427       -0.99531977220697
C            0.34947650093111        1.27242422271954        0.16513311937178
C           -0.29746707520866        0.03554398842848       -0.00882480824094
C           -0.68866565068802       -0.17725440429532       -1.29275791366387
S           -0.27378677031342        1.13194973247114       -2.32550861276508
S            1.70617907011937        4.17374971309394        0.14174205130696
S            2.89337116012829        8.11669590404028       -1.36628177647321
C            3.91641063328133       11.15193664712017       -1.30392071483242
H            4.41978127547532       13.21759898294236       -1.84612589222005
H            5.23059856094420       13.54388921896590        0.62523776602395
H            4.01554384291239        8.59052186653999        2.03348849684522
H            3.06777647583055        6.18919142719935        1.68409221987608
H            1.81540226711507        5.98739157412832       -2.98081057632975
H            0.71193799795329        3.64751382829981       -3.29003199070462
H            0.73187097208134        1.62755074787752        1.10559582437809
H           -0.46738562354863       -0.66658088715031        0.78760470030180
H           -1.19939238730681       -1.02506033099887       -1.70380485198000
H            3.53221544088647       10.79768674157402       -2.24396986445479
30
 energy: -52.312813948628 gnorm: 0.000814749371 xtb: 6.5.0 (746241f)
C            4.39730191929238       12.45469839483685       -1.08804216337099
C            4.82495500548515       12.65376488627005        0.18631811374234
S            4.65319758095978       11.24698824807978        1.15818982651767
C            3.98423232618086       10.35978481190445       -0.18462191557967
C            3.57570050509933        9.00363375633425       -0.03008630802150
C            3.62325736014116        8.22511737755127        1.10173662268489
C            3.11275373577631        6.93800775445761        0.91420218363581
C            2.66779485351300        6.70618612311249       -0.36606653673925
C            2.06758592788212        5.53002109890075       -0.89295188868096
C            1.67339761121378        5.27753112614833       -2.18593465084500
C            1.08233602505007        4.02247063077983       -2.35276986709070
C            1.00983302243309        3.29216999714242       -1.19042445760482
C            0.44530579470763        1.99854699213177       -0.99611546613535
C            0.34992052725916        1.27345646736545        0.16452810135965
C           -0.29399176484563        0.03495984622066       -0.00932394525443
C           -0.68461940956424       -0.17914539999315       -1.29309232999908
S           -0.27295721539512        1.13097449860379       -2.32627333401831
S            1.70237757145214        4.17532885184990        0.14188297506538
S            2.89247862061052        8.11709131632736       -1.36501349557947
C            3.91786773884314       11.15004692746898       -1.30398156219600
H            4.42185231354302       13.21456814822581       -1.84835840245187
H            5.23299109585315       13.54329612753385        0.62296033048122
H            4.01433596672968        8.58886961272455        2.03536875281694
H            3.06395807167870        6.19004851879903        1.68568640387891
H            1.81237735468301        5.98944940793941       -2.98035793231981
H            0.71023000485516        3.65070096630357       -3.29103625381095
H            0.73125528502949        1.62939788395326        1.10498052067219
H           -0.46184502188976       -0.66711304080937        0.78759451660130
H           -1.19311970985006       -1.02832000884857       -1.70397360484901
H            3.53363690327335       10.79536867868491       -2.24372423290908
30
 energy: -52.312824958771 gnorm: 0.000865598846 xtb: 6.5.0 (746241f)
C            4.39947595533839       12.45135396722295       -1.09017436110993
C            4.82744028622382       12.65249255453146        0.18376206150691
S            4.65577543386955       11.24723292933080        1.15810534618220
C            3.98654119594786       10.35794929545713       -0.18312318246955
C            3.57660333634115        9.00260782086526       -0.02714615991550
C            3.62152898953544        8.22410326805934        1.10473197939964
C            3.10867596392408        6.93781395074852        0.91670684061461
C            2.66468548283449        6.70707631422679       -0.36410121813356
C            2.06325366871476        5.53222796107194       -0.89245138161328
C            1.66923246577795        5.28125570169241       -2.18576064366736
C            1.07790882964553        4.02630900006837       -2.35387446160151
C            1.00517409769508        3.29495526718435       -1.19232923427372
C            0.44331764822714        2.00043502214825       -0.99786009070215
C            0.35053940907259        1.27595583520602        0.16342305609680
C           -0.28868836966698        0.03491152836704       -0.00951508995913
C           -0.67844662543706       -0.18167735479257       -1.29312264222504
S           -0.27184458836084        1.12941893380535       -2.32738159366454
S            1.69754531575091        4.17694339056969        0.14109270507821
S            2.89332400951784        8.11721576525151       -1.36302360813069
C            3.91996758330488       11.14635567090464       -1.30385740025706
H            4.42343053822617       13.20967296389103       -1.85217341493609
H            5.23554066804461       13.54279783348766        0.61882651036353
H            4.01214250188383        8.58610413578952        2.03934035372652
H            3.05734298264894        6.19013644163459        1.68840711373754
H            1.80832184185848        5.99377684451621       -2.97962001928421
H            0.70651172205400        3.65643035446469       -3.29321637889091
H            0.73050909153196        1.63431914233684        1.10353649874876
H           -0.45342275841323       -0.66691935783807        0.78835939294767
H           -1.18348804236367       -1.03320869315470       -1.70342067543718
H            3.53550136627271       10.78985351295223       -2.24284030213093
30
 energy: -52.312835133882 gnorm: 0.000719340526 xtb: 6.5.0 (746241f)
C            4.40251189736298       12.44755706351061       -1.09271311629280
C            4.83065641614226       12.65108107816759        0.18076483346505
S            4.65890193838591       11.24771528097002        1.15792735284588
C            3.98891252384661       10.35621757680458       -0.18124857694918
C            3.57724651430690        9.00158798927744       -0.02383467835869
C            3.61917827732299        8.22313016699315        1.10806706925759
C            3.10380774357611        6.93778215905117        0.91939284715374
C            2.66114884384100        6.70819819306534       -0.36212385121165
C            2.05833311431985        5.53454214934144       -0.89161828980203
C            1.66406001068676        5.28558117061921       -2.18528264945472
C            1.07251349446010        4.03075554530000       -2.35486991969980
C            1.00008098406404        3.29806347647874       -1.19430038611222
C            0.44121255497525        2.00225624031929       -0.99984472471587
C            0.35119335570073        1.27845890985400        0.16205266169586
C           -0.28250137967811        0.03454364803260       -0.00985732578268
C           -0.67100823556561       -0.18480936560827       -1.29336022106536
S           -0.26995610865269        1.12723892212658       -2.32867140739622
S            1.69190542227567        4.17862963805633        0.14030024986041
S            2.89373733581664        8.11775714702283       -1.36052327423272
C            3.92250022859011       11.14237595536093       -1.30354870634596
H            4.42638763276884       13.20416356192592       -1.85642906234759
H            5.23919087276289       13.54213979791085        0.61385348650705
H            4.00925317003740        8.58393428310708        2.04337935655678
H            3.04944315033602        6.19025912694244        1.69099839049450
H            1.80318293732348        5.99912597282281       -2.97816114300717
H            0.70120163300905        3.66247365486373       -3.29488033175956
H            0.72956197839013        1.63977752803422        1.10172344229436
H           -0.44399463260424       -0.66721083894138        0.78873926748841
H           -1.17200814446428       -1.03899334689454       -1.70304928577341
H            3.53774647066357       10.78356731548456       -2.24158200731197
30
 energy: -52.312842693291 gnorm: 0.000472339097 xtb: 6.5.0 (746241f)
C            4.40589294976291       12.44482091597228       -1.09472555974437
C            4.83428610372572       12.64960462750585        0.17853524555289
S            4.66044475105605       11.24792272653625        1.15786585309412
C            3.99000155877220       10.35527072723907       -0.18013622472299
C            3.57650139208662        9.00125944944479       -0.02179509650641
C            3.61676241981100        8.22296846023331        1.11031814843163
C            3.09972638437521        6.93830164481659        0.92134934463423
C            2.65731299165214        6.70964545197808       -0.36056201771678
C            2.05373807523038        5.53654030898245       -0.89049053215616
C            1.65936299634348        5.28879062128016       -2.18446539756410
C            1.06805653621634        4.03391956402749       -2.35500217167571
C            0.99636375893789        3.30032716517938       -1.19496964044466
C            0.43997169127720        2.00334669413215       -1.00089112427786
C            0.35176803555559        1.27969878851227        0.16125991298846
C           -0.27770076206114        0.03368745101943       -0.01045698055093
C           -0.66469472402636       -0.18736394772946       -1.29419965132639
S           -0.26772345399933        1.12575226163803       -2.32967976424126
S            1.68818434001055        4.17975905796104        0.14011866206669
S            2.89263488052677        8.11854704955728       -1.35877205340177
C            3.92456115320717       11.13985304943686       -1.30363328389742
H            4.43057180358295       13.20041133497316       -1.85944015512242
H            5.24372581720998       13.54092761042960        0.61028508316624
H            4.00715117633062        8.58341094284799        2.04570135292987
H            3.04397012031482        6.19051389324976        1.69268020786775
H            1.79849817248933        6.00317237782679       -2.97657753556673
H            0.69670062850873        3.66605160039422       -3.29519970662792
H            0.72862832214035        1.64306307494985        1.10080363772350
H           -0.43721223416225       -0.66844134348794        0.78820920016960
H           -1.16246675595832       -1.04347290727753       -1.70383087329934
H            3.53938187108374       10.77961134837004       -2.24099887978171
30
 energy: -52.312848805172 gnorm: 0.000312650718 xtb: 6.5.0 (746241f)
C            4.40916145861758       12.44333047955791       -1.09602163378388
C            4.83734809576853       12.64858642512749        0.17726076264024
S            4.66164136136099       11.24791102642118        1.15758717784456
C            3.98997086348154       10.35522632533167       -0.17965294128427
C            3.57497525042805        9.00163861134163       -0.02089930821573
C            3.61477245671026        8.22343248295466        1.11134633586064
C            3.09681382213097        6.93914780136680        0.92244101267056
C            2.65444067364830        6.71080777438135       -0.35962355535219
C            2.05065350181734        5.53775475627281       -0.88947821137650
C            1.65562627645681        5.29073143069347       -2.18347268841788
C            1.06503880284773        4.03559502721699       -2.35444287767549
C            0.99450523648248        3.30134025731251       -1.19472169454107
C            0.43975525617536        2.00348698140043       -1.00120070737905
C            0.35217526459518        1.27967096628246        0.16089379682772
C           -0.27456114594642        0.03241555802873       -0.01124673487612
C           -0.66028175062978       -0.18927576252582       -1.29530316932134
S           -0.26522294909521        1.12457353757662       -2.33040807026330
S            1.68565139737936        4.18058851887751        0.14060226542174
S            2.89003662620562        8.11969521884263       -1.35759566826444
C            3.92596556297375       11.13892555829238       -1.30384694262505
H            4.43547403180655       13.19834596200683       -1.86124274477309
H            5.24811399917605       13.53967974014625        0.60824386732606
H            4.00557801155381        8.58418677028579        2.04642869956980
H            3.04036584341193        6.19121955386437        1.69353231668634
H            1.79406587822637        6.00591350774528       -2.97496206113379
H            0.69314772670274        3.66754905243802       -3.29435417887924
H            0.72779287205968        1.64399359090937        1.10059847867125
H           -0.43325302668919       -0.67026935911554        0.78705752261849
H           -1.15595760478698       -1.04643556060679       -1.70525516632099
H            3.54060620713095       10.77813376757222       -2.24096388165393
30
 energy: -52.312854627451 gnorm: 0.000341802662 xtb: 6.5.0 (746241f)
C            4.41268436042713       12.44261546170165       -1.09692113270057
C            4.84088911910317       12.64759983617623        0.17642709330436
S            4.66170124085282       11.24787389220456        1.15744216966831
C            3.98939856014614       10.35571935547128       -0.17975333634499
C            3.57278930054284        9.00258369376385       -0.02078089185731
C            3.61265037981425        8.22456935050100        1.11163771232458
C            3.09434980374750        6.94045142777012        0.92306069329595
C            2.65126056788508        6.71217826053464       -0.35884641182187
C            2.04762744627898        5.53887284626013       -0.88832024058398
C            1.65209768090660        5.29193949650759       -2.18225451679146
C            1.06255745773836        4.03640800901143       -2.35328834491207
C            0.99354597014323        3.30165463835533       -1.19372189171791
C            0.44019720038890        2.00302138949709       -1.00092400526334
C            0.35266910244049        1.27864550867813        0.16084543845253
C           -0.27242279945850        0.03074160580326       -0.01222615582477
C           -0.65674359550027       -0.19095862126052       -1.29674229749660
S           -0.26262727053047        1.12375768248976       -2.33094143417360
S            1.68483473724953        4.18082722780835        0.14133727190620
S            2.88698169341002        8.12084428103476       -1.35693635362369
C            3.92722140663203       11.13902471379911       -1.30433259701730
H            4.44077677423939       13.19742148286114       -1.86222096655719
H            5.25307956170452       13.53815596166352        0.60713553751941
H            4.00423029235587        8.58581888631966        2.04619814860354
H            3.03823098202884        6.19231783921024        1.69397539670321
H            1.78971676557446        6.00763616061291       -2.97342805131370
H            0.69028749803500        3.66774425485203       -3.29282199864913
H            0.72708877007145        1.64318773511393        1.10095141144602
H           -0.43110063959555       -0.67259700518250        0.78546958465320
H           -1.15102084061069       -1.04860585199132       -1.70734564262801
H            3.54144847397925       10.77845048043183       -2.24137418859978
30
 energy: -52.312860534285 gnorm: 0.000403989450 xtb: 6.5.0 (746241f)
C            4.41650821343470       12.44233420095758       -1.09765377074649
C            4.84447361009267       12.64675348017037        0.17590238126453
S            4.66218528547489       11.24759933927598        1.15703300455440
C            3.98840532945195       10.35655091512711       -0.18016617001644
C            3.57014828005148        9.00389323346300       -0.02100933203761
C            3.61035386047072        8.22610303395109        1.11162622565738
C            3.09173561838388        6.94210049206686        0.92358622498845
C            2.64815379922086        6.71354034176815       -0.35812737013699
C            2.04495989019571        5.53981633510277       -0.88717563067662
C            1.64841042830645        5.29290839066830       -2.18083791067904
C            1.06029723839777        4.03677710006462       -2.35182149325713
C            0.99328085918727        3.30142884216658       -1.19244160524784
C            0.44120475849201        2.00209178956074       -1.00039674588765
C            0.35327680754688        1.27702912885295        0.16093447063445
C           -0.27059327493153        0.02866854945523       -0.01337023002490
C           -0.65360291111579       -0.19266604622311       -1.29837659052916
S           -0.25958988716178        1.12285340067347       -2.33149259435852
S            1.68452185623974        4.18095185231866        0.14233681898864
S            2.88332771367123        8.12212116854634       -1.35654888911913
C            3.92837836496517       11.13971227445034       -1.30498230735069
H            4.44695977685303       13.19695566632533       -1.86307201678521
H            5.25853105678020       13.53649782232030        0.60654276373534
H            4.00259394666237        8.58782693892812        2.04572737738969
H            3.03606037645222        6.19397981108065        1.69455000167102
H            1.78440751309550        6.00920482978265       -2.97175503116724
H            0.68734473777006        3.66770771942736       -3.29092295700295
H            0.72656924150804        1.64132153490826        1.10158699988919
H           -0.42955013320192       -0.67535660677712        0.78366652519905
H           -1.14680964994762       -1.05053118622268       -1.70984855349918
H            3.54245729365424       10.77972564780927       -2.24219359544931
30
 energy: -52.312866178633 gnorm: 0.000380254059 xtb: 6.5.0 (746241f)
C            4.42051257105460       12.44209373694391       -1.09835103691537
C            4.84845239900153       12.64586789615532        0.17529413301033
S            4.66249445008553       11.24741711971325        1.15670332364195
C            3.98784251283456       10.35733727986465       -0.18074441384076
C            3.56788610815396        9.00521999921724       -0.02131212165631
C            3.60783009951647        8.22783573509968        1.11159693160197
C            3.08899669242547        6.94387232181604        0.92410046050591
C            2.64518030602829        6.71481060190594       -0.35742060323907
C            2.04234884207423        5.54072584525988       -0.88609143273038
C            1.64452437689355        5.29389230604307       -2.17936748608956
C            1.05787791580035        4.03712836448493       -2.35030099251459
C            0.99316766967960        3.30101469659311       -1.19124888420617
C            0.44245504521211        2.00097351347023       -0.99990250298616
C            0.35416856018754        1.27518360267716        0.16093937527130
C           -0.26875237398946        0.02650060009231       -0.01454407875608
C           -0.65057279788111       -0.19444412612323       -1.29994533551106
S           -0.25666426257660        1.12188173896163       -2.33203225414094
S            1.68472636246211        4.18081078072735        0.14321145948159
S            2.88016952397021        8.12322401230596       -1.35628972276075
C            3.92977754001898       11.14045784251532       -1.30567036980942
H            4.45275933768502       13.19654622932291       -1.86378906900001
H            5.26405084945836       13.53483222297122        0.60599144554836
H            4.00022058925125        8.58991246752429        2.04545798188078
H            3.03327802038054        6.19611601100348        1.69534648210966
H            1.77858945918449        6.01076188764352       -2.97010203604798
H            0.68423987356628        3.66797458366757       -3.28908898614387
H            0.72636482705749        1.63910054361972        1.10215843730539
H           -0.42802568310861       -0.67804250790012        0.78195698620542
H           -1.14293549859486       -1.05238491315179       -1.71225045686607
H            3.54343668416850       10.78127960757459       -2.24300523334808
30
 energy: -52.312871379304 gnorm: 0.000304213508 xtb: 6.5.0 (746241f)
C            4.42411533893478       12.44179458435219       -1.09900109536549
C            4.85185337480617       12.64504798284936        0.17478977743679
S            4.66351903217275       11.24697658022546        1.15618666219686
C            3.98730298374985       10.35795454152059       -0.18126578848302
C            3.56573341546963        9.00639940511774       -0.02147816620770
C            3.60514913006528        8.22948350282744        1.11176970113147
C            3.08583238029472        6.94565356669137        0.92478311340864
C            2.64216445277746        6.71605732943675       -0.35665218512018
C            2.03974885484223        5.54169477016574       -0.88512343695450
C            1.64070673832716        5.29498135255463       -2.17802598549082
C            1.05537725762425        4.03763894401754       -2.34897433466616
C            0.99295275705440        3.30070825729198       -1.19030493746799
C            0.44360683293966        2.00002520838980       -0.99951261529169
C            0.35524747442224        1.27354189707388        0.16088581567452
C           -0.26675343461358        0.02449481021805       -0.01559886102441
C           -0.64771342836664       -0.19609950227122       -1.30129795583945
S           -0.25409421868084        1.12101507378220       -2.33252743829522
S            1.68527236790420        4.18056007704668        0.14382267233951
S            2.87818530111793        8.12386733312799       -1.35623997805935
C            3.93114350151692       11.14098542999936       -1.30635595971433
H            4.45833145747264       13.19595726966366       -1.86469110565159
H            5.26914964470618       13.53324029195725        0.60547146766461
H            3.99757167446692        8.59167726220631        2.04558294198853
H            3.03004147299489        6.19827541947116        1.69643667153584
H            1.77279712008571        6.01239503679373       -2.96861465331157
H            0.68105431642166        3.66872270122468       -3.28758201096507
H            0.72664773522976        1.63705505250639        1.10254867043279
H           -0.42602249456309       -0.68051274551978        0.78050479708767
H           -1.13926933375168       -1.05415661546475       -1.71433632208717
H            3.54474829457880       10.78246518274291       -2.24389946090155
30
 energy: -52.312876095697 gnorm: 0.000212089105 xtb: 6.5.0 (746241f)
C            4.42748348136763       12.44128187525048       -1.09970031729131
C            4.85529584487559       12.64416349468409        0.17411707337686
S            4.66419979622176       11.24667114975889        1.15587575236773
C            3.98754296648170       10.35817737781407       -0.18176400823932
C            3.56449210734826        9.00715361553687       -0.02156740806904
C            3.60253750984413        8.23087475461424        1.11214945494645
C            3.08272041659553        6.94718671455176        0.92555182496724
C            2.63985696862661        6.71698699643742       -0.35600893461639
C            2.03762913807001        5.54251270832810       -0.88441253036306
C            1.63714246194965        5.29619092126967       -2.17690470125220
C            1.05290912734121        4.03834921479270       -2.34796209031669
C            0.99260921495986        3.30055259240812       -1.18974202495027
C            0.44457353524145        1.99928597931167       -0.99934789902966
C            0.35650799743517        1.27222381110944        0.16069894700256
C           -0.26451907371197        0.02273832159871       -0.01648573377620
C           -0.64503781593862       -0.19762664939089       -1.30233594118547
S           -0.25219149670233        1.12027030570065       -2.33293295842313
S            1.68547562556488        4.18045126328598        0.14423129863790
S            2.87681720123690        8.12432241445428       -1.35625579662979
C            3.93266896299122       11.14111973415750       -1.30696140715975
H            4.46275298045705       13.19521465360545       -1.86554571299826
H            5.27361980956037       13.53184681956645        0.60481896692045
H            3.99433098122612        8.59319926652465        2.04616576198031
H            3.02595579394435        6.20047065985637        1.69776232818174
H            1.76727455620746        6.01419459017436       -2.96728892739434
H            0.67780929677504        3.66993779762449       -3.28645242232654
H            0.72735502592285        1.63546939669168        1.10266892708013
H           -0.42345267951810       -0.68263172430067        0.77938444786536
H           -1.13587746900535       -1.05584829712702       -1.71589841451370
H            3.54591773463194       10.78316024170956       -2.24455755479158
