16
 energy: -25.189765861936 gnorm: 3.910102872268 xtb: 6.5.0 (746241f)
C            0.79460000000000        4.52190000000000       -0.30880000000000
C           -0.30740000000000        5.01020000000000        0.29060000000000
S           -1.16410000000000        3.55880000000000        0.62810000000000
C           -0.37510000000000        2.84480000000000        0.22500000000000
C           -0.65290000000000        1.33230000000000        0.28630000000000
C           -1.20540000000000        0.93460000000000       -0.62330000000000
C           -1.43130000000000       -0.46970000000000       -0.49600000000000
C           -0.85820000000000       -0.78910000000000        0.67960000000000
S           -0.24710000000000        0.74080000000000        1.16950000000000
C            0.60220000000000        3.10690000000000       -0.29170000000000
H            1.63860000000000        5.06660000000000       -0.71900000000000
H           -0.68310000000000        5.99560000000000        0.53780000000000
H           -1.56850000000000        1.46130000000000       -1.50250000000000
H           -1.94500000000000       -1.12010000000000       -1.19640000000000
H           -0.72910000000000       -1.69590000000000        1.25790000000000
H            1.35670000000000        2.45520000000000       -0.72550000000000
16
 energy: -26.331379891763 gnorm: 0.830640436754 xtb: 6.5.0 (746241f)
C            0.79785543219501        4.52221975074357       -0.31047325186512
C           -0.31301880676505        5.01880051556668        0.29367958929307
S           -1.29180019526789        3.66951260190550        0.69525038364738
C           -0.32033518199959        2.75535497089466        0.19290576505837
C           -0.67678718596253        1.41191727360805        0.21463474549979
C           -1.24112951571150        0.92251053528157       -0.68454085541294
C           -1.43314039706222       -0.47048708062111       -0.49907593916791
C           -0.85561144359937       -0.79674371200489        0.68666097306206
S           -0.18218691513223        0.65011796534109        1.31325636965786
C            0.66600580755240        3.11002687183051       -0.32473922645386
H            1.63726935945936        5.06671600736750       -0.71820134782125
H           -0.68106382223083        5.99643951187575        0.53680402537705
H           -1.57457784071668        1.46171941912261       -1.51405420481374
H           -1.94431736473993       -1.12000279137407       -1.19499575369428
H           -0.73030936757625       -1.69699906214890        1.25611582021554
H            1.36804743755730        2.45309722261148       -0.73162709258202
16
 energy: -26.502869596574 gnorm: 0.445673619524 xtb: 6.5.0 (746241f)
C            0.81145194069503        4.55925316025934       -0.31389237229040
C           -0.30861224697542        5.04012526893235        0.29169162275841
S           -1.33636317085344        3.72713095098193        0.73439433260168
C           -0.33977346159184        2.76214991175839        0.22119896567366
C           -0.67614843960829        1.41115738201851        0.24964691954567
C           -1.29143134394198        0.86463739439104       -0.73735012661199
C           -1.44461739740969       -0.50825066959262       -0.50281689511512
C           -0.85933951218151       -0.81829721770012        0.68629935403870
S           -0.16908418918218        0.60258977279479        1.37961497927289
C            0.73982136220461        3.16037461606952       -0.35087473608092
H            1.64188080797286        5.09071678824273       -0.71751957110118
H           -0.66978859046285        6.01139447735534        0.53222614467602
H           -1.60818231758402        1.44433041900488       -1.56158147444134
H           -1.94978436486309       -1.14372742021174       -1.19274956262711
H           -0.73804885517358       -1.71306404871237        1.24879272981434
H            1.42291977895540        2.46367921440803       -0.75548031011330
16
 energy: -26.577618421036 gnorm: 0.251336462086 xtb: 6.5.0 (746241f)
C            0.81804748677720        4.59705277507962       -0.31539493717819
C           -0.30061110706987        5.08435739208490        0.28694694085319
S           -1.36894875238531        3.81222210867732        0.76124253598418
C           -0.34375984525448        2.78150650446854        0.23208799781297
C           -0.67967991836348        1.39421983312151        0.26414212259215
C           -1.32094715392560        0.81835468855664       -0.76478544913003
C           -1.45131365659557       -0.54604855459989       -0.50103557363234
C           -0.86577735351570       -0.86305841897372        0.68570288187007
S           -0.16080225669975        0.52527000219937        1.43416618384178
C            0.78187531725049        3.20265924310718       -0.36545940903818
H            1.64571786374896        5.12943278802944       -0.71833431718490
H           -0.64676161657662        6.05955165480083        0.52068473450223
H           -1.62628517092971        1.43106484815943       -1.58636709110278
H           -1.95455085102864       -1.18213563925301       -1.18876342777586
H           -0.75357239457378       -1.76361371329018        1.23513264075697
H            1.45226940914187        2.47336448783201       -0.76836583317125
16
 energy: -26.611777618627 gnorm: 0.140863038378 xtb: 6.5.0 (746241f)
C            0.82447737934537        4.63138486580449       -0.31498345520683
C           -0.29146234261341        5.12733179951602        0.28289131935761
S           -1.39301086792620        3.88855241020687        0.78283543667137
C           -0.34365779836985        2.79059992409661        0.23756360972073
C           -0.68318192137836        1.38623017620743        0.27019109194362
C           -1.34292424771631        0.78704209503989       -0.78004168904347
C           -1.45872306971381       -0.58007878309132       -0.49820007267563
C           -0.87347464010911       -0.90651623311187        0.68485437067491
S           -0.15638277380210        0.45521453947227        1.47827875403697
C            0.81021796408816        3.23194288393325       -0.37154398933257
H            1.64685025134024        5.18690910533597       -0.71565701756224
H           -0.60993734738488        6.12088889750971        0.50222955625434
H           -1.64859081046536        1.40108516025244       -1.60411494427894
H           -1.95990992465791       -1.23825763281535       -1.17720527990020
H           -0.77756009545165       -1.82905184343692        1.21060242756049
H            1.48217024481519        2.50092263508050       -0.77610011822017
16
 energy: -26.626529230726 gnorm: 0.096261842810 xtb: 6.5.0 (746241f)
C            0.83119733144335        4.66260497813094       -0.31099226911884
C           -0.28166132872187        5.16770673721980        0.28161035921054
S           -1.40253455729880        3.94802129575275        0.79558250706962
C           -0.33757956440581        2.79685674289801        0.23668701500711
C           -0.68814472131133        1.37962569381380        0.26728176211229
C           -1.35791452561257        0.76270257137817       -0.78211967448538
C           -1.46813016426957       -0.61044101862586       -0.49313086960290
C           -0.88307277777141       -0.94695498647688        0.68550692597945
S           -0.15849762974573        0.39946468308603        1.50430995912309
C            0.82516042665895        3.25628942912341       -0.36940049144575
H            1.64229612613762        5.24837689714624       -0.70614400121053
H           -0.56428681324089        6.18298318374691        0.47951781412357
H           -1.67759056329971        1.35107969948155       -1.61813894887267
H           -1.96436962034558       -1.29684876872414       -1.15626100512999
H           -0.80662980938396       -1.89642855794683        1.17792552693279
H            1.51665819116730        2.54916141999610       -0.78063460969238
16
 energy: -26.633938296802 gnorm: 0.068108440744 xtb: 6.5.0 (746241f)
C            0.83750170863587        4.68914742532373       -0.30300091659146
C           -0.27425038213734        5.20152656814961        0.28392588105267
S           -1.40410966560766        3.99170455546129        0.79803158960945
C           -0.32815553189341        2.79852432088920        0.22653335261482
C           -0.69067936336114        1.37575865938784        0.25412998319276
C           -1.36659397646423        0.74193625046942       -0.77781882104146
C           -1.47909075019980       -0.63549578460622       -0.48536992104156
C           -0.89226335271476       -0.98018639466150        0.68928558487687
S           -0.16088472470949        0.35705394430306        1.51482033743344
C            0.83113791876982        3.27789565267124       -0.36483105685590
H            1.63807582281796        5.29979284814219       -0.68781777503942
H           -0.52316845283066        6.23176151512251        0.46213573183717
H           -1.71103677133205        1.28957442428790       -1.63286455128910
H           -1.97332488425879       -1.34406303440280       -1.13000548794978
H           -0.83406921479482       -1.94953937349165        1.14978480163531
H            1.55581162008050        2.60880842295419       -0.78533873244379
16
 energy: -26.637647591195 gnorm: 0.041572899167 xtb: 6.5.0 (746241f)
C            0.84309326162176        4.71017556963467       -0.29202613789606
C           -0.27020595208788        5.22534053606894        0.28949274704926
S           -1.40068390954525        4.01707141279710        0.78908491196996
C           -0.31740484847506        2.79556230954923        0.20651157194056
C           -0.68874686358359        1.37466472927770        0.23133573044984
C           -1.36940931505508        0.72412195589273       -0.77202602863961
C           -1.49077850300588       -0.65457672912595       -0.47573305845567
C           -0.89987197244215       -1.00283132500660        0.69582485778717
S           -0.16032365204501        0.33042333919463        1.51006055848604
C            0.83122677954857        3.29654854677019       -0.36169718752897
H            1.63975175286102        5.33347878700124       -0.66290881587408
H           -0.49704719700127        6.26090692426560        0.45764028969111
H           -1.74302549050547        1.22637616848689       -1.64627562389170
H           -1.98986424733270       -1.37300450395461       -1.10461863937994
H           -0.85491231247258       -1.98032125703250        1.13697174755639
H            1.59310246952057        2.67026353618076       -0.79003692326429
16
 energy: -26.639203628513 gnorm: 0.024022590974 xtb: 6.5.0 (746241f)
C            0.84742784155558        4.72401841761700       -0.28107609224990
C           -0.26923468727531        5.23675056702008        0.29596968908471
S           -1.39554256696352        4.02341261389151        0.77253085154820
C           -0.30848749007607        2.78972355926729        0.18222598529513
C           -0.68280850620948        1.37575293014701        0.20552217676781
C           -1.36872244606731        0.71066917485507       -0.76861428481144
C           -1.50103770942211       -0.66652989739637       -0.46668375004711
C           -0.90476053390148       -1.01295943091506        0.70261686748199
S           -0.15605757262282        0.32109109590058        1.49479617406691
C            0.82945263970108        3.31031802040802       -0.36163807343570
H            1.64824691332289        5.34721605988892       -0.63859490302788
H           -0.49049579503692        6.27072153482701        0.46603820184780
H           -1.76533572718112        1.17777174218233       -1.65393487131049
H           -2.01078654052015       -1.38277689870047       -1.08688085573469
H           -0.86536893218975       -1.98883826752005        1.14202375076205
H            1.61841111288648        2.71785877852714       -0.79270086623736
16
 energy: -26.639839777269 gnorm: 0.018513313318 xtb: 6.5.0 (746241f)
C            0.85079876587978        4.73212436041237       -0.27221931813128
C           -0.26982810780482        5.23884593952897        0.30137309944188
S           -1.39145670665165        4.01744424112465        0.75436437356229
C           -0.30296950019824        2.78406323665956        0.16007376539356
C           -0.67517124012204        1.37720840598658        0.18333012122096
C           -1.36813203237910        0.70110400971626       -0.76917760243243
C           -1.50907045773750       -0.67315164781195       -0.45982905764661
C           -0.90728109403910       -1.01403676611948        0.70774864092336
S           -0.14936105933721        0.32363334279824        1.47662510480211
C            0.82972942890694        3.31958392543742       -0.36409241498844
H            1.65986728767953        5.34937508370991       -0.61926682972509
H           -0.49794637257084        6.26879957684779        0.48131202779685
H           -1.77667834021543        1.15107505803030       -1.65660466634672
H           -2.03106081031170       -1.38218114544053       -1.07694050536673
H           -0.86724227426585       -1.98389590013555        1.15829078637616
H            1.63070251316722        2.74420827925548       -0.79338752487986
16
 energy: -26.640208083477 gnorm: 0.014274573080 xtb: 6.5.0 (746241f)
C            0.85479440103529        4.73936113915367       -0.26365553467396
C           -0.27050868773074        5.23777786510651        0.30629041795261
S           -1.38832204401990        4.00672454364621        0.73460121883572
C           -0.29893656542973        2.77948034379307        0.13805358303036
C           -0.66641090775721        1.37770371637763        0.16223458059331
C           -1.36987510192309        0.69143921514727       -0.77262464106263
C           -1.51742594667216       -0.67900109438896       -0.45370745827088
C           -0.90930245555894       -1.01208620223873        0.71197350435872
S           -0.14074001706116        0.33062115464025        1.45682539692482
C            0.83353996413269        3.32856998560955       -0.36765300751414
H            1.67284761802733        5.35023120216775       -0.60100326230465
H           -0.51188692433479        6.26283430838714        0.50019986739767
H           -1.78488276021875        1.13543705698915       -1.65835859202023
H           -2.05185004594059       -1.38055594521762       -1.06883529567257
H           -0.86544168838634       -1.97401430092310        1.18035086213967
H            1.63930116183811        2.75967701175022       -0.79309163971382
16
 energy: -26.640401205870 gnorm: 0.008690086205 xtb: 6.5.0 (746241f)
C            0.85936013032235        4.74610109595394       -0.25628602895188
C           -0.27055664600377        5.23707094178853        0.30950909725683
S           -1.38655939889011        3.99776917703545        0.71763017449605
C           -0.29612732581551        2.77728122381016        0.12005811900399
C           -0.65892474334162        1.37661422959849        0.14552373749416
C           -1.37463174505454        0.68226324802484       -0.77670330738496
C           -1.52558538522869       -0.68459733459805       -0.44896426626022
C           -0.91095208026571       -1.01082269767223        0.71451932795186
S           -0.13256428530475        0.33642686519487        1.44036700485072
C            0.84020029404869        3.33712374951317       -0.37000672501731
H            1.68313879406721        5.35405670960851       -0.58557907525463
H           -0.52482915328928        6.25783659798706        0.51513256890282
H           -1.79309597054435        1.12773100494204       -1.65999262619976
H           -2.06901392785583       -1.38219894822515       -1.06108421667665
H           -0.86239719650027       -1.96582471013557        1.19878722653326
H            1.64743863965616        2.76736884717396       -0.79131101074425
16
 energy: -26.640491842824 gnorm: 0.004590600357 xtb: 6.5.0 (746241f)
C            0.86352221210004        4.75113336494726       -0.25100571241351
C           -0.27031421401260        5.23781420944137        0.31012927103299
S           -1.38610957614406        3.99349162392186        0.70621139879011
C           -0.29440629968826        2.77702341741278        0.10850711852115
C           -0.65411771399236        1.37478715496227        0.13503912707286
C           -1.38092868801971        0.67555161391177       -0.77919212470475
C           -1.53218536904389       -0.68885445214196       -0.44601394804422
C           -0.91151220672002       -1.01145399530605        0.71502501338447
S           -0.12653654693175        0.33865913035367        1.42999455308289
C            0.84716328035341        3.34361132834735       -0.36979362916497
H            1.68892748052506        5.36026395269401       -0.57408687703634
H           -0.53231732516694        6.25602909100342        0.52106701402927
H           -1.80176115547476        1.12485857125589       -1.66048534402161
H           -2.08039831677383       -1.38662903053713       -1.05370515014442
H           -0.85921561405417       -1.96261950023795        1.20742054661527
H            1.65509005304384        2.77053351997146       -0.78751125699917
16
 energy: -26.640534537618 gnorm: 0.003998580908 xtb: 6.5.0 (746241f)
C            0.86636510265658        4.75347706565492       -0.24806126687828
C           -0.27037058497725        5.23910258184086        0.30848371233222
S           -1.38655952752024        3.99287549131375        0.70026050452739
C           -0.29366413246076        2.77751034705156        0.10316212732380
C           -0.65189095470396        1.37335200454929        0.13031860529300
C           -1.38682618986026        0.67255858712444       -0.77943768513479
C           -1.53627609463864       -0.69080311941892       -0.44473178936944
C           -0.91062397147720       -1.01299971053119        0.71392764928341
S           -0.12290685137571        0.33828034028433        1.42523906330882
C            0.85238164994389        3.34681197244918       -0.36731389496354
H            1.69086264309231        5.36585436826758       -0.56690655122130
H           -0.53457163604745        6.25676816393181        0.51878394092056
H           -1.80963981866579        1.12504125706671       -1.65908415683461
H           -2.08618285823010       -1.39099819061434       -1.04788479660878
H           -0.85609759586669       -1.96361864493357        1.20689963216449
H            1.66090082013126        2.77098748596362       -0.78205509414294
16
 energy: -26.640561188170 gnorm: 0.004408664380 xtb: 6.5.0 (746241f)
C            0.86829080594189        4.75393360275669       -0.24620253407089
C           -0.27097033882297        5.24007718844823        0.30554783320722
S           -1.38751942498370        3.99347087995376        0.69650702104152
C           -0.29345656355769        2.77792017351426        0.10066983874693
C           -0.65076018966219        1.37251403574279        0.12822009424033
C           -1.39224545436057        0.67222240013949       -0.77819768514518
C           -1.53891273287445       -0.69103667364413       -0.44417071757295
C           -0.90856438747588       -1.01443142891860        0.71201150592462
S           -0.12010348929237        0.33711643312057        1.42277593918599
C            0.85625345955260        3.34763290002870       -0.36341461630234
H            1.69125105866014        5.36983232053915       -0.56178787604734
H           -0.53467978219754        6.25834995984624        0.51218889908173
H           -1.81738769762331        1.12671250382932       -1.65607421490443
H           -2.08946840393635       -1.39405959372999       -1.04319925015128
H           -0.85247937332847       -1.96630656622767        1.20181574099475
H            1.66565251396086        2.77025186460121       -0.77508997822867
16
 energy: -26.640584249996 gnorm: 0.004478335157 xtb: 6.5.0 (746241f)
C            0.86997822717988        4.75345173979824       -0.24412392367541
C           -0.27223072107487        5.24035836622033        0.30182687260289
S           -1.38899954575831        3.99377854777426        0.69193374192415
C           -0.29344050013253        2.77797317333305        0.09816075557536
C           -0.64944747550030        1.37203453022585        0.12614790969645
C           -1.39792039883887        0.67336868873677       -0.77615484208245
C           -1.54141932827447       -0.69029840345135       -0.44346278463380
C           -0.90548602328855       -1.01528060073638        0.70968860936273
S           -0.11640534171995        0.33612378671517        1.41987050532242
C            0.85982268866933        3.34714703203458       -0.35846008991906
H            1.69186998309866        5.37241415873993       -0.55622122022540
H           -0.53499555250508        6.25958555051500        0.50365943233406
H           -1.82658293636994        1.12886711848050       -1.65176290683797
H           -2.09311449561850       -1.39568593686935       -1.03851296546396
H           -0.84761049226016       -1.96897688848089        1.19519534882849
H            1.67088191239366        2.76933913696431       -0.76618444280848
16
 energy: -26.640610507537 gnorm: 0.004419068134 xtb: 6.5.0 (746241f)
C            0.87203267047947        4.75251185715978       -0.24070903194587
C           -0.27436128672244        5.23971899749023        0.29712131554168
S           -1.39146861852758        3.99306139411632        0.68391867058334
C           -0.29345395622598        2.77763851925760        0.09362372004610
C           -0.64700312679765        1.37158847068151        0.12235308631099
C           -1.40503425609553        0.67546089796011       -0.77345960389856
C           -1.54493118303486       -0.68890041060899       -0.44193652941404
C           -0.90108869573652       -1.01534582148442        0.70686871351447
S           -0.10996050338180        0.33560273829145        1.41449371111277
C            0.86418672119610        3.34591552532861       -0.35202361465293
H            1.69390805295627        5.37384499907079       -0.54796744927054
H           -0.53704017199874        6.25981731650445        0.49350465236004
H           -1.83954987574642        1.13116475644917       -1.64577684559332
H           -2.09934044992542       -1.39579608571658       -1.03258786581267
H           -0.84034157207728       -1.97084753581138        1.18800488311846
H            1.67834625163837        2.76876438131140       -0.75382781199991
16
 energy: -26.640640902877 gnorm: 0.004804486608 xtb: 6.5.0 (746241f)
C            0.87467564568188        4.75160450704649       -0.23534221490953
C           -0.27729474796785        5.23802058586247        0.29178109460578
S           -1.39533337783400        3.99087948513030        0.67088618055708
C           -0.29335856179857        2.77699337835066        0.08591291741892
C           -0.64292579913520        1.37089419824091        0.11583213279996
C           -1.41360612534829        0.67784307662078       -0.77057389927904
C           -1.54999318444547       -0.68722983197989       -0.43912146326367
C           -0.89561085424270       -1.01443354183215        0.70377801920644
S           -0.09955023091960        0.33573406166579        1.40549540652269
C            0.86964627833442        3.34450425677584       -0.34458712463616
H            1.69826545159562        5.37398405194369       -0.53589899543951
H           -0.54187933328095        6.25845246536068        0.48321299344104
H           -1.85677390637341        1.13286961365600       -1.63850497994283
H           -2.10950518202007       -1.39410328276908       -1.02500973665879
H           -0.83055706306742       -1.97102112970020        1.18194281492508
H            1.68870099082161        2.76920810562773       -0.73820314534744
16
 energy: -26.640676697949 gnorm: 0.005865194280 xtb: 6.5.0 (746241f)
C            0.87812296189170        4.75124337371257       -0.22758399115394
C           -0.28081822293201        5.23546881358001        0.28602967028670
S           -1.40101976357716        3.98720864808198        0.65165560366231
C           -0.29292089388261        2.77620570233449        0.07435210205883
C           -0.63705129408323        1.36965728958485        0.10593274351351
C           -1.42362902599012        0.67977232068566       -0.76791482091081
C           -1.55705151434184       -0.68572620168067       -0.43468442232022
C           -0.88936336549149       -1.01271890406191        0.70051982766079
S           -0.08417489541192        0.33635821760971        1.39213323251515
C            0.87646152882207        3.34357158937688       -0.33662573192022
H            1.70540841558562        5.37323589430174       -0.51903075313671
H           -0.54991681807344        6.25544866106390        0.47386386026683
H           -1.87840310326551        1.13329086909303       -1.63033426430474
H           -2.12455513684463       -1.39085871654023       -1.01515159806477
H           -0.81850559770364       -1.96924793562730        1.17810715269823
H            1.70231672529821        2.77129037848531       -0.71966861085094
16
 energy: -26.640723158391 gnorm: 0.007434355581 xtb: 6.5.0 (746241f)
C            0.88287120793397        4.75173036651666       -0.21643536043209
C           -0.28506103259479        5.23225609471236        0.27923607976491
S           -1.40942066926674        3.98198814077870        0.62359478811851
C           -0.29170909525237        2.77532655459616        0.05771959684288
C           -0.62908448004602        1.36759477751435        0.09142500216126
C           -1.43614341743547        0.68088919982976       -0.76546980458701
C           -1.56707868843537       -0.68453949733585       -0.42802173901276
C           -0.88190346895485       -1.01049324277745        0.69667912976462
S           -0.06165432940411        0.33712824738093        1.37271867445947
C            0.88551461279391        3.34352640936773       -0.32762701751927
H            1.71587141311236        5.37245155056122       -0.49482692446831
H           -0.56157082171983        6.25094994826365        0.46480945171209
H           -1.90640810236859        1.13215341640518       -1.62064905783750
H           -2.14635431935866       -1.38649055571255       -1.00107207511864
H           -0.80349089918506       -1.96575920183528        1.17621697168757
H            1.72052209018163        2.77548779173445       -0.69669771553569
16
 energy: -26.640793411646 gnorm: 0.009526038534 xtb: 6.5.0 (746241f)
C            0.88970887158874        4.75307236633359       -0.19973452757339
C           -0.29070994584691        5.22810057303637        0.26978343673554
S           -1.42237053908708        3.97455585424999        0.58078061388794
C           -0.28886565719361        2.77415877226886        0.03341336967244
C           -0.61833043649039        1.36440754999628        0.06966867561157
C           -1.45345955674880        0.68134096510856       -0.76279048989657
C           -1.58190604334809       -0.68334437788943       -0.41778442859899
C           -0.87175859664703       -1.00772172392382        0.69125066815531
S           -0.02720144572290        0.33777113961866        1.34326483011480
C            0.89848615614416        3.34441920686313       -0.31594249726156
H            1.73079323598184        5.37220237802226       -0.45808507866623
H           -0.57815752607216        6.24455350465470        0.45406386066579
H           -1.94547961890147        1.12951085699279       -1.60745853056704
H           -2.17870272748671       -1.38072459434219       -0.97901492538186
H           -0.78330441159647       -1.96043176662433        1.17528430442475
H            1.74615824142686        2.78232929563462       -0.66509928132250
16
 energy: -26.641136411246 gnorm: 0.003946754624 xtb: 6.5.0 (746241f)
C            0.89122739502299        4.75313024682113       -0.19533855677149
C           -0.29168262807444        5.23261992196114        0.26250255198814
S           -1.43590649705176        3.98337090834635        0.54776401142971
C           -0.28671994635054        2.77445309814445        0.05003841504298
C           -0.62913356732072        1.36690090676348        0.08223578130472
C           -1.45612329099223        0.68195983438907       -0.75711441770435
C           -1.58557395466387       -0.68270911254538       -0.41498467310522
C           -0.86724792114137       -1.01339585166934        0.68658423436581
S            0.00160809853121        0.32404208367241        1.32501403151188
C            0.89763077080574        3.34494384996269       -0.30973568727494
H            1.73378358128885        5.37177150655479       -0.44769904682880
H           -0.57578058971829        6.24995257464550        0.44553929813321
H           -1.94621645278430        1.13428511809405       -1.60064729826653
H           -2.18683429459160       -1.37863306900999       -0.97219083914541
H           -0.78098771642726       -1.96736307354968        1.16792419175873
H            1.74285701346758        2.77887105741936       -0.65829199643841
16
 energy: -26.641316098103 gnorm: 0.002441981859 xtb: 6.5.0 (746241f)
C            0.89401366072038        4.75239220581509       -0.19169560765792
C           -0.29654734847822        5.23579475027039        0.24257959739320
S           -1.44265292272560        3.98705675203834        0.52535042800491
C           -0.28334341379162        2.77377094425009        0.05715671048764
C           -0.63574653407411        1.36862654948242        0.08615454499752
C           -1.46770831169722        0.68486757140474       -0.74890481325929
C           -1.58986271089719       -0.68148142900483       -0.41362988489186
C           -0.85254561395300       -1.01974181401838        0.67340584192421
S            0.01924301823254        0.31683586569411        1.31090482751473
C            0.90276589322926        3.34411943718007       -0.29619753076850
H            1.74010766107016        5.37116871636565       -0.43078532570336
H           -0.57992254803520        6.25400801449066        0.42095284946166
H           -1.96817996206169        1.14418155882288       -1.58264913556732
H           -2.20131334632363       -1.37539733683692       -0.96183945618417
H           -0.76442882014020       -1.97542523965585        1.15066931714564
H            1.75102129892532        2.77342345370158       -0.62987236289707
16
 energy: -26.641571138721 gnorm: 0.005618503155 xtb: 6.5.0 (746241f)
C            0.89927315427747        4.75101656675632       -0.18259351564054
C           -0.30315290237710        5.23761429525264        0.21726117242254
S           -1.45300762491657        3.98853832466091        0.48735942111273
C           -0.27866384210788        2.77207663891337        0.05761739554770
C           -0.63975608065064        1.37010697278980        0.08372897014918
C           -1.48879388573086        0.68957934324673       -0.73655800061107
C           -1.59916780375578       -0.67879549568630       -0.40924195242786
C           -0.83340187427542       -1.02560920097705        0.65650271097688
S            0.04848944625278        0.30924882345137        1.28557257739747
C            0.91354252849300        3.34273705023806       -0.27378562855628
H            1.74899990031469        5.37159215479238       -0.40409815816184
H           -0.58893629688770        6.25697808840072        0.38445509840495
H           -2.00861357453677        1.15810004651079       -1.55403146097758
H           -2.22333306447895       -1.37157842896478       -0.94467382863362
H           -0.73730091145074       -1.98424553814195        1.12608183667677
H            1.76872283183045        2.76684035875705       -0.58199663767944
16
 energy: -26.641989108510 gnorm: 0.011599109349 xtb: 6.5.0 (746241f)
C            0.90792167467258        4.74885343710111       -0.16566697706119
C           -0.31239517415646        5.23864539142943        0.18084376312072
S           -1.46910031733086        3.98892598816972        0.42474823365911
C           -0.27279829113661        2.76927201988232        0.05173074503688
C           -0.64121913723335        1.37149727032368        0.07526460048738
C           -1.52309925830433        0.69706019580596       -0.71660073457988
C           -1.61553452180822       -0.67413849327889       -0.40039983534406
C           -0.80600349021180       -1.03250455394383        0.63177247470310
S            0.09598081681141        0.29872049601118        1.24293817584681
C            0.93114865102314        3.34064709973697       -0.23746212436663
H            1.76233975213915        5.37257865951311       -0.36156214585780
H           -0.60390914159813        6.25971321083138        0.32769763734542
H           -2.07445797741971        1.17819079457302       -1.50799808874756
H           -2.25774808764008       -1.36575669625831       -0.91680215582307
H           -0.69421471257100       -1.99606032801462        1.08803826129695
H            1.79798921476424        2.75855550811780       -0.50494182971620
16
 energy: -26.642516361958 gnorm: 0.022105839942 xtb: 6.5.0 (746241f)
C            0.92016964177507        4.74547786267824       -0.13934969686434
C           -0.32400161333204        5.23942003342046        0.12758193311638
S           -1.49123545529592        3.98955059824958        0.32991146032351
C           -0.26630938894145        2.76527135761834        0.04040637622683
C           -0.64016353536617        1.37307204569682        0.06180008606653
C           -1.57401676645687        0.70886301182627       -0.68389070361783
C           -1.63996502645495       -0.66683287396049       -0.38600358615702
C           -0.76748641971295       -1.04196369373091        0.59444003129798
S            0.16602719387285        0.28263939095720        1.17714685685270
C            0.95555275274334        3.33739228509035       -0.18089288559702
H            1.78114332508474        5.37282641253300       -0.29856167655984
H           -0.62521371949737        6.26326492253782        0.23865724702286
H           -2.17230937572830        1.20722674938276       -1.43482603660782
H           -2.30784026524209       -1.35590688945841       -0.87520878826845
H           -0.62837871219342       -2.01397497577522        1.02704468331855
H            1.83892736474550        2.74787376293422       -0.38665530055306
16
 energy: -26.642995799166 gnorm: 0.024985714154 xtb: 6.5.0 (746241f)
C            0.92640940001626        4.74339671064817       -0.12193685308256
C           -0.32824676940821        5.23851171087523        0.09394051083827
S           -1.50068876870689        3.98846147586048        0.26788222621611
C           -0.26368419258383        2.76246195530387        0.02899632619334
C           -0.63597287342761        1.37368911552310        0.05054142666865
C           -1.60530438601712        0.71643570354460       -0.65936870841084
C           -1.65456212585097       -0.66206200276650       -0.37544012866961
C           -0.74565700923142       -1.04671856531277        0.56894346360541
S            0.20769285280703        0.27335836194986        1.13112478254354
C            0.96811544702648        3.33584353464753       -0.14244469604721
H            1.79125434312493        5.37249860339616       -0.25553114698758
H           -0.63661653724407        6.26390795127461        0.17521987781355
H           -2.23413254805593        1.22411855696827       -1.38057042508127
H           -2.33970834802908       -1.34857456161728       -0.84539665427831
H           -0.58449199316319       -2.02506965691552        0.98121575473309
H            1.86049350874358        2.74394110662025       -0.30557575605460
16
 energy: -26.644049730826 gnorm: 0.016355116362 xtb: 6.5.0 (746241f)
C            0.92896108887679        4.74100438305630       -0.10192344643493
C           -0.32507271572261        5.23411573330961        0.06473459813581
S           -1.50073617323579        3.98493014501471        0.20415816127405
C           -0.26650853645912        2.76003263140467        0.00980334581224
C           -0.62310195771697        1.37288266267621        0.03588439689162
C           -1.62903987720133        0.72418209039934       -0.62815603025795
C           -1.66743151404413       -0.65636766018846       -0.36079471785125
C           -0.73223183718079       -1.04763756101046        0.54246107366234
S            0.24249265615654        0.26576035139419        1.07817019268786
C            0.97065655774524        3.33488464147658       -0.10256800398255
H            1.79623786065136        5.36929570700275       -0.21014065162976
H           -0.64145448357165        6.25987122728166        0.10387294948809
H           -2.28428602348547        1.23525476188201       -1.31475397468538
H           -2.36834611945352       -1.33779811186689       -0.81134583111284
H           -0.54148156501627       -2.03325855257986        0.92451999057182
H            1.86624263965768        2.74704755074768       -0.22232205256925
16
 energy: -26.645152236616 gnorm: 0.021427455387 xtb: 6.5.0 (746241f)
C            0.93779010884446        4.73666542622577       -0.06218912243336
C           -0.33138304437661        5.23205750062318        0.00597127882407
S           -1.52212502294456        3.98776952850836        0.07484879925950
C           -0.27075047338814        2.75906599069972       -0.00637063296865
C           -0.61072342723506        1.37123102059083        0.02471962918004
C           -1.66338798625280        0.73732022798704       -0.58369338998666
C           -1.69616543091215       -0.64566020776186       -0.33369601874848
C           -0.69494374571020       -1.05549742570806        0.49724071151845
S            0.33046815504411        0.24160006237550        0.98400780130360
C            0.97463236031704        3.33147541223797       -0.04509410038568
H            1.81501235433505        5.36039412066446       -0.12492471593641
H           -0.65284214345436        6.25619608328425        0.00282990347740
H           -2.36280447721349        1.25741376300053       -1.21893421575680
H           -2.42987725214982       -1.31521430493466       -0.75304509853842
H           -0.47691611616205       -2.04662001832909        0.84704045033304
H            1.87891614125853        2.74600282053611       -0.09711127914174
16
 energy: -26.645989464349 gnorm: 0.016241472810 xtb: 6.5.0 (746241f)
C            0.93647066469917        4.73671905562570       -0.04056753161747
C           -0.33218132482929        5.23196126281839       -0.03141921341717
S           -1.52715982541089        3.99215002612572       -0.01209125966626
C           -0.27853737919222        2.76230252175918       -0.01109850808355
C           -0.60185678939624        1.36765489260109        0.02554547684829
C           -1.66822849282421        0.74512647812088       -0.55541778979254
C           -1.70676685714147       -0.64192541578565       -0.31521151154107
C           -0.67391632290895       -1.06181984529550        0.46691871926209
S            0.38163994423961        0.22253684474162        0.91603849352636
C            0.96287669462547        3.32893807990041       -0.01785595239536
H            1.82123226104227        5.35060756959454       -0.07375514372045
H           -0.64846936426437        6.25082018034058       -0.04598260177654
H           -2.39390033274026        1.26643755472994       -1.15498037097273
H           -2.46228801244350       -1.29711407094637       -0.71605089970254
H           -0.45373273645172       -2.04999502669500        0.80362824867798
H            1.86971787299652        2.74979989236452       -0.02610015562913
16
 energy: -26.646664750640 gnorm: 0.017072799031 xtb: 6.5.0 (746241f)
C            0.93935795225595        4.73844795751961       -0.01621155639272
C           -0.33127577418163        5.23102927408423       -0.07870493446645
S           -1.52141734829277        3.98884457904866       -0.10476735264314
C           -0.27560570146729        2.76194291030541       -0.01996311727052
C           -0.59951675421050        1.36634289978742        0.01656006319383
C           -1.70365335317765        0.75532564662676       -0.51783284052226
C           -1.72248673576856       -0.63956053343249       -0.29646352094350
C           -0.64892424557716       -1.06914366285372        0.42739630646847
S            0.42728547972514        0.20944416739732        0.83618013107637
C            0.97160937541838        3.32725271994549        0.03403146387830
H            1.82655326312855        5.34901301908091       -0.01373815381126
H           -0.65558393599821        6.25116378764591       -0.13231368373436
H           -2.46617155558054        1.28235164927738       -1.07276053164710
H           -2.49919959999189       -1.28544539999242       -0.66988684973327
H           -0.40087836959973       -2.06493487629849        0.73659918369134
H            1.88480730331782        2.75212586185806        0.08347539285617
16
 energy: -26.646772615426 gnorm: 0.030045385720 xtb: 6.5.0 (746241f)
C            0.93654668154165        4.74448739051171       -0.00349153442118
C           -0.32166159258967        5.22792647370964       -0.09826492315947
S           -1.48866187895504        3.97634422743620       -0.14344590807058
C           -0.26688888535011        2.76296282448486       -0.01599209824041
C           -0.60912919970069        1.36565529162504        0.01517342187587
C           -1.72207117053573        0.75777325951249       -0.49876375053099
C           -1.72730050473990       -0.64318772354355       -0.28344415169818
C           -0.64612859159984       -1.06992923930003        0.40555207368923
S            0.42143730781775        0.21347092292628        0.78442276379666
C            0.97649774933617        3.32905671620335        0.06013426881051
H            1.81605806281538        5.35385038499283        0.01378442634429
H           -0.65368224283429        6.25133095050058       -0.17666055638346
H           -2.48914870336023        1.27881768207493       -1.03345919162203
H           -2.50548721298410       -1.28500051787831       -0.64072332083786
H           -0.37826578795601       -2.07282241267105        0.69913221442062
H            1.88278596909458        2.76346376941508        0.12764626602689
16
 energy: -26.647634655537 gnorm: 0.012242968893 xtb: 6.5.0 (746241f)
C            0.93756461661826        4.74207931456594        0.01339365535180
C           -0.32538390457322        5.22380268290811       -0.12977504012185
S           -1.49875076986719        3.97182438364245       -0.21386742199804
C           -0.26656409206010        2.76051087449417       -0.02649233598846
C           -0.60362325813169        1.36623060241195        0.00595181545383
C           -1.73338440196334        0.75975064434388       -0.48070155189801
C           -1.73717633308466       -0.63794505906547       -0.27054645592787
C           -0.62568123462791       -1.07114987463088        0.38097017758015
S            0.46832843832155        0.20623008021479        0.73126067577811
C            0.97606476152388        3.33083142365636        0.08146022585988
H            1.82206775572248        5.35409066525372        0.06375331339740
H           -0.65174232738411        6.24382485700364       -0.21245032758979
H           -2.52627340889429        1.28758889769999       -0.98498167749918
H           -2.53763973794561       -1.27687904999953       -0.60288904131098
H           -0.36002397179968       -2.07175980125899        0.66736358170774
H            1.88711786814553        2.76516935875995        0.18915040720515
16
 energy: -26.647889929533 gnorm: 0.012212185549 xtb: 6.5.0 (746241f)
C            0.93709404816576        4.74001810460442        0.02836494935651
C           -0.32403288043298        5.22243439534331       -0.15926937266182
S           -1.49540170953549        3.96928847834345       -0.26822254120242
C           -0.26528323044482        2.75888531191388       -0.02721427042103
C           -0.60423361284045        1.36764148710628        0.00437745891130
C           -1.74506401323767        0.76350265506080       -0.45973471795024
C           -1.74479893947489       -0.63329939980520       -0.25835427225680
C           -0.61071391294044       -1.07499335953487        0.35575835521032
S            0.49516260211827        0.19912940516266        0.68434354830638
C            0.97426217415880        3.33138321797320        0.10565992376894
H            1.81800724881522        5.35428987097332        0.09813391450608
H           -0.64566714931388        6.24177446023306       -0.25316093945777
H           -2.55009606446228        1.29711850784941       -0.93869555936103
H           -2.55288257051816       -1.27091081438213       -0.57242654054383
H           -0.34289700428450       -2.07710666978731        0.63026732344927
H            1.88144501422740        2.76504434894577        0.24177274034602
16
 energy: -26.648146914029 gnorm: 0.012763897840 xtb: 6.5.0 (746241f)
C            0.93171791138216        4.73811950460046        0.03373497472224
C           -0.32014037359163        5.22038502808482       -0.18794746563804
S           -1.48861324348134        3.96493436258229       -0.31685981154902
C           -0.26408560751855        2.75610207770179       -0.03047645370028
C           -0.60331924038955        1.36974359399679        0.00059847884586
C           -1.74846044452198        0.76279132219512       -0.44250212928769
C           -1.74308979575020       -0.63022458717914       -0.25137459735148
C           -0.59831524990434       -1.07816532239386        0.32973860564155
S            0.51605827101568        0.19462597074067        0.63999604050096
C            0.96780853904183        3.33525227399354        0.12153267342024
H            1.80691542845585        5.36075699032190        0.13150830120713
H           -0.62929464311900        6.23805991819049       -0.28126208839425
H           -2.56926704351177        1.30916500064109       -0.88947481309378
H           -2.56202412619011       -1.27089809707398       -0.53790795166453
H           -0.34114165915258       -2.07918030803013        0.59764125540396
H            1.87015127723543        2.76273227162820        0.29465498093701
16
 energy: -26.648400470174 gnorm: 0.012826436477 xtb: 6.5.0 (746241f)
C            0.93317585026205        4.73695842524082        0.05044921604901
C           -0.31398025072984        5.21946343610877       -0.21549079412209
S           -1.47721704569349        3.96189206213123       -0.35723461636532
C           -0.26202589093854        2.75450232047896       -0.03235291849805
C           -0.60398971823790        1.37089854289575       -0.00230239558641
C           -1.76318777109188        0.76580328881700       -0.41775334138357
C           -1.75335517304375       -0.62624803173281       -0.23862069991574
C           -0.58850019612312       -1.08235761496768        0.30362147411622
S            0.52859264070137        0.19002419106266        0.60010734866659
C            0.96655779564716        3.33735113856789        0.15036456395283
H            1.79946771281475        5.36641939909629        0.16591676207162
H           -0.62192818083916        6.23875185343074       -0.33384434377476
H           -2.57913022646575        1.31695501516066       -0.84506740937790
H           -2.57475571054404       -1.27010516415672       -0.50463325001227
H           -0.31874887196797       -2.08937840125256        0.55053589191404
H            1.85392503625004        2.76326953911907        0.33790451226565
16
 energy: -26.648535678063 gnorm: 0.012280442172 xtb: 6.5.0 (746241f)
C            0.93297681763175        4.73926526545586        0.06126801705757
C           -0.30637999607765        5.21779111003026       -0.24115805387204
S           -1.46544906762532        3.95863659370382       -0.40473561193523
C           -0.26005351064416        2.75467388457222       -0.03940833031570
C           -0.60180552734629        1.36940698135213       -0.00914073468647
C           -1.77855334424132        0.76933624186580       -0.39373988889429
C           -1.75913857830670       -0.62664295828407       -0.22925155092274
C           -0.58081730927745       -1.08557762171999        0.27809102326499
S            0.54466622489804        0.18436894487735        0.55413477900086
C            0.96622558414627        3.33884114798556        0.17905610541725
H            1.79306801955699        5.37092494630012        0.19647541316351
H           -0.61707887576557        6.23775170627689       -0.38756143134577
H           -2.61453640077368        1.32810902905622       -0.78726443351823
H           -2.58619884147935       -1.26890688066187       -0.47528368086784
H           -0.29365309342649       -2.09795204763603        0.50361788396851
H            1.85162789873082        2.76417365682579        0.40650049448548
16
 energy: -26.648633438575 gnorm: 0.008719049574 xtb: 6.5.0 (746241f)
C            0.93157150157846        4.74143749203563        0.05755202934053
C           -0.30212969294284        5.21769877860713       -0.24143756421248
S           -1.46113314898551        3.95989870162797       -0.39974171513982
C           -0.26120226544877        2.75619248972173       -0.04123043696844
C           -0.59991892239684        1.36765153173544       -0.00973039163676
C           -1.77432964124934        0.76899066588243       -0.39122959601499
C           -1.75610813483121       -0.62933433493770       -0.23113583447695
C           -0.58423982740880       -1.08576131063965        0.27554265533982
S            0.53830769157892        0.18374231546245        0.55609841419366
C            0.96133187871625        3.33940772994999        0.17872748870948
H            1.78837841613084        5.37295578220924        0.19286612493237
H           -0.61083492627981        6.23586011882883       -0.38764490484250
H           -2.60827854867631        1.32826653178713       -0.78035494162310
H           -2.58041720313977       -1.27126898049803       -0.47536412927675
H           -0.29876467953100       -2.09644120854226        0.49982317633043
H            1.84266750288562        2.76490369676974        0.40885962534537
16
 energy: -26.648763822686 gnorm: 0.005505153305 xtb: 6.5.0 (746241f)
C            0.92947320495720        4.74237981577370        0.06928281714958
C           -0.29919844421674        5.21528549091197       -0.26979563438851
S           -1.45487764476437        3.95654026744467       -0.44770005058867
C           -0.26128296974824        2.75607900931201       -0.04749655676501
C           -0.59643754716454        1.36667262191430       -0.01485539853378
C           -1.77957157169106        0.77117635883973       -0.37162554020827
C           -1.76070205588712       -0.62812879455460       -0.22022289577945
C           -0.57122464487360       -1.08844570034798        0.25026466859491
S            0.55917674608525        0.17842242754281        0.51277684992617
C            0.95501143327262        3.34092211401093        0.19814276359612
H            1.78705706668295        5.37468965942627        0.23384266705065
H           -0.60271185636904        6.23039734077455       -0.42412457743548
H           -2.62275988419161        1.33203550432257       -0.73510682550108
H           -2.60163147440856       -1.26579736755207       -0.44066695596213
H           -0.28543189672850       -2.09784999980783        0.46444980964028
H            1.83001153904527        2.76982125198905        0.45443485920450
16
 energy: -26.648802907279 gnorm: 0.006797096575 xtb: 6.5.0 (746241f)
C            0.92849309786929        4.74170620926794        0.08161417247841
C           -0.29293301183715        5.21333886390167       -0.28897158326769
S           -1.44885283536948        3.95484158759769       -0.48736392508381
C           -0.26005147158732        2.75543632646474       -0.04887878307690
C           -0.59676970677386        1.36702422714657       -0.01675851933964
C           -1.78559601878985        0.77420797622415       -0.35263935333551
C           -1.76670643150999       -0.62523149267128       -0.20958860820743
C           -0.56590736326760       -1.09019574795543        0.23072381151787
S            0.57592877932219        0.17285729802147        0.47647704997689
C            0.94951733997143        3.34156338314860        0.21743729627588
H            1.77951589387372        5.37419853549727        0.25514318106335
H           -0.59433143954795        6.22786978655265       -0.46175177830241
H           -2.63791998930010        1.33781758582135       -0.69239164280640
H           -2.60693283091199       -1.26120115854136       -0.41912712441483
H           -0.27190129771875       -2.10231187694692        0.42854703300361
H            1.81934728557731        2.77227849647097        0.49912877351844
16
 energy: -26.648847909404 gnorm: 0.003674588097 xtb: 6.5.0 (746241f)
C            0.92770257870823        4.74240733372814        0.08265578332233
C           -0.29184247832965        5.21280430609811       -0.29252482976254
S           -1.44480496306768        3.95294401548149       -0.48920690776724
C           -0.25893502828625        2.75503874669149       -0.05199918557326
C           -0.59573016380558        1.36672835866996       -0.02002116553630
C           -1.78699693488382        0.77431765789044       -0.34979090894480
C           -1.76620519209465       -0.62580490636924       -0.20843742833192
C           -0.56491435326492       -1.09037835284842        0.22714229156044
S            0.57328263799009        0.17419225681853        0.47272195293402
C            0.94933925650162        3.34201445230258        0.22080612695015
H            1.77855965995869        5.37449769817837        0.25914437143968
H           -0.59296838213180        6.22667904256464       -0.46826002112362
H           -2.64217728289599        1.33678860986405       -0.68450661511119
H           -2.60816980393603       -1.26076424155238       -0.41534543349706
H           -0.26969732858745       -2.10235027480655        0.42235796987283
H            1.81845777812508        2.77508529728885        0.50686399956831
16
 energy: -26.648856135873 gnorm: 0.004402129426 xtb: 6.5.0 (746241f)
C            0.92458241042833        4.74358109251794        0.08435857019311
C           -0.28865729773721        5.21217274407410       -0.30102087366809
S           -1.43943091855097        3.95120663916862       -0.50473639115768
C           -0.25754426746186        2.75455188209302       -0.05546085331068
C           -0.59613701328084        1.36691364099302       -0.02357282762269
C           -1.79162509199486        0.77532678483238       -0.34046374232594
C           -1.76661393660508       -0.62599498401756       -0.20390804468367
C           -0.56289243240771       -1.09121391662884        0.21834789783496
S            0.57877769522648        0.17291200300890        0.45551282994376
C            0.94718632475184        3.34294361936933        0.22991709318653
H            1.77572918969146        5.37507610242846        0.27054026993839
H           -0.58747555542603        6.22506059877899       -0.48297892557754
H           -2.64762974167030        1.33527341556024       -0.66594903263705
H           -2.61247141230281       -1.25914905649734       -0.40407093870798
H           -0.26500532628210       -2.10368713623440        0.40643223755577
H            1.81410737362155        2.77922657055321        0.52865273103863
16
 energy: -26.648864421175 gnorm: 0.003643497436 xtb: 6.5.0 (746241f)
C            0.92392496471750        4.74404992803797        0.09257744925183
C           -0.28589669239037        5.21148731347698       -0.31180211351054
S           -1.43410049254652        3.94906173314413       -0.52404407513814
C           -0.25528204782476        2.75367011866264       -0.05774081837806
C           -0.59447909020688        1.36649960500153       -0.02710901496259
C           -1.79225641671800        0.77561172966586       -0.33207191553603
C           -1.76666225809083       -0.62594164458991       -0.19911082277358
C           -0.55936910041561       -1.09294554450875        0.20774220918121
S            0.58219667801623        0.17131094372683        0.43862873167764
C            0.94498591199229        3.34404854430617        0.23979488163078
H            1.77272421229893        5.37549243508429        0.28371233844119
H           -0.58302201839568        6.22362958961823       -0.50221911231241
H           -2.65808314823027        1.33706450129243       -0.64144877626667
H           -2.61652179739638       -1.25712616294333       -0.39194112610548
H           -0.26077936192570       -2.10568043026269        0.38910719636821
H            1.80752065711595        2.78396734028768        0.54752496843247
16
 energy: -26.648876657429 gnorm: 0.001068495636 xtb: 6.5.0 (746241f)
C            0.92302694507369        4.74428774661079        0.09375644873907
C           -0.28633935058679        5.21182703327425       -0.31058372011764
S           -1.43328680220425        3.94922211541177       -0.52578692741706
C           -0.25536294143807        2.75366375500446       -0.05892058370845
C           -0.59457378232774        1.36639160060358       -0.02739086578430
C           -1.79250022833472        0.77560841333457       -0.33232230982699
C           -1.76844662820446       -0.62543503878814       -0.19581647574694
C           -0.55979276705370       -1.09284371961084        0.20972432756325
S            0.58369110186412        0.17079357897945        0.43537245789616
C            0.94480488687954        3.34403326337417        0.23815563540537
H            1.77234863461751        5.37586655628840        0.28320947751186
H           -0.58322474303285        6.22408090462895       -0.49985499726329
H           -2.65611522242442        1.33679458085158       -0.64371479682888
H           -2.61641853863657       -1.25708917025618       -0.39257290659320
H           -0.26086062812146       -2.10593882467054        0.39045869313171
H            1.80795006393006        2.78293720496381        0.54788654303916
16
 energy: -26.648878215786 gnorm: 0.000732128066 xtb: 6.5.0 (746241f)
C            0.92264775264559        4.74436884907819        0.09413895455286
C           -0.28659611371305        5.21190389853168       -0.31014246291404
S           -1.43281290797700        3.94931548629711       -0.52691059401613
C           -0.25483801431252        2.75355303006815       -0.06192520875766
C           -0.59374878415365        1.36614517929339       -0.03049579058934
C           -1.79233934826392        0.77549158762432       -0.33336669375105
C           -1.76903410169727       -0.62525342635341       -0.19559888479357
C           -0.55963945246522       -1.09287918097867        0.20937445680826
S            0.58422940531048        0.17045394177700        0.43465010881514
C            0.94468780310271        3.34408402683604        0.23695901434680
H            1.77179450504657        5.37630206278391        0.28394712133870
H           -0.58370855373131        6.22450732182885       -0.49673113651768
H           -2.65512958947889        1.33710045485721       -0.64359567622439
H           -2.61667612736203       -1.25724877301489       -0.39067161078186
H           -0.26179079195167       -2.10587035609468        0.39342716269486
H            1.80785431900106        2.78222589746587        0.54854123978893
