23
 energy: -35.289608870835 gnorm: 5.869125812451 xtb: 6.5.0 (746241f)
C            1.12860000000000        5.48440000000000       -1.46260000000000
C            1.88110000000000        5.99310000000000       -0.46720000000000
S            2.32760000000000        4.56780000000000        0.38460000000000
C            1.68130000000000        3.90130000000000       -0.25820000000000
C            1.54710000000000        2.51270000000000        0.35650000000000
C            1.82940000000000        1.85750000000000        1.21210000000000
C            1.23330000000000        0.56470000000000        1.08180000000000
C            0.62910000000000        0.49800000000000        0.14830000000000
C           -0.25930000000000       -0.39500000000000       -0.71060000000000
C           -0.62550000000000        0.05450000000000       -1.68080000000000
C           -1.16990000000000       -1.01370000000000       -2.45640000000000
C           -1.06840000000000       -2.09710000000000       -1.66180000000000
S           -0.38540000000000       -1.41350000000000       -0.23950000000000
S            1.06670000000000        1.52250000000000        0.18080000000000
C            1.10930000000000        4.07800000000000       -1.21690000000000
H            0.65390000000000        6.01240000000000       -2.28320000000000
H            2.22480000000000        6.98180000000000       -0.18860000000000
H            2.46480000000000        2.10800000000000        2.07300000000000
H            1.39500000000000       -0.21650000000000        1.83780000000000
H           -0.60600000000000        1.06200000000000       -2.08700000000000
H           -1.58740000000000       -0.95020000000000       -3.45600000000000
H           -1.34030000000000       -3.14230000000000       -1.74480000000000
H            0.57870000000000        3.41770000000000       -1.89740000000000
23
 energy: -37.763962291398 gnorm: 1.995791605696 xtb: 6.5.0 (746241f)
C            1.12772909717155        5.48518898172795       -1.46433815732865
C            1.88448534786965        6.00104234081954       -0.46586493392319
S            2.41187283054095        4.65746330630302        0.46894674095200
C            1.63741589630406        3.83453232444131       -0.29601660630280
C            1.59909454677410        2.66051126079829        0.34968858496477
C            1.87132411734607        1.86257263434841        1.28069737040077
C            1.25432118389666        0.51782973223239        1.14369749552527
C            0.55318430426201        0.36542825525467        0.11215261469785
C           -0.24108291554623       -0.31065247658422       -0.72942252784489
C           -0.63885524805012        0.08091588043954       -1.72255698182807
C           -1.17076289756962       -1.01330572711283       -2.45827942885033
C           -1.07161753024949       -2.10526922315464       -1.66247896192057
S           -0.40239440008668       -1.54884070479316       -0.17910722912288
S            1.02679110218920        1.54990365484657        0.08990829724483
C            1.08161091278913        4.07897719681407       -1.25987350039596
H            0.65417356789139        6.01223831825896       -2.28230611992940
H            2.22364867196175        6.98259830192973       -0.18998105229806
H            2.46868759238411        2.10604553172008        2.07924979660120
H            1.39780725242318       -0.21885139702419        1.84447115102915
H           -0.60674065647593        1.06595981294963       -2.09091579103286
H           -1.58689680734347       -0.95056999621583       -3.45528221814932
H           -1.34074132990146       -3.14205124105414       -1.74670898779775
H            0.57544536141918        3.41643323305484       -1.90177955469112
23
 energy: -38.383388557897 gnorm: 1.142643357650 xtb: 6.5.0 (746241f)
C            1.12677625127744        5.50229076871204       -1.47477686856048
C            1.88882284963115        6.01511066228398       -0.47052472655006
S            2.45141321337421        4.71353961643503        0.51077336337618
C            1.66053744280876        3.83317072742427       -0.26881374591223
C            1.63819846975532        2.72610058910149        0.37123523435674
C            1.89854513720128        1.85777392582981        1.33016316304806
C            1.27272096150776        0.49233183724749        1.19060270869040
C            0.52523494930197        0.29082192770345        0.11873437750199
C           -0.23550968090062       -0.32796935587459       -0.69801129646221
C           -0.67724227840732        0.09746409391971       -1.79799962008972
C           -1.18151418846728       -1.02183903271489       -2.47227930048797
C           -1.08101384825527       -2.11599314521540       -1.66844481085266
S           -0.41236884309594       -1.62575940855423       -0.15581629629271
S            0.99490580188763        1.57219688792655        0.01253086778146
C            1.04713518492560        4.11064027041645       -1.33165373155861
H            0.65375202063770        6.01806130763264       -2.28199686339532
H            2.22058920620241        6.98791101463922       -0.19419687367796
H            2.49292640233495        2.09561899331616        2.10767625759021
H            1.40610067610694       -0.22940506012560        1.88079064193741
H           -0.61199256250524        1.08109485404764       -2.11016235420041
H           -1.58782618343800       -0.95548065813758       -3.45821258928821
H           -1.34296832299396       -3.14385349501528       -1.75364042360640
H            0.56127734111049        3.41427267900165       -1.92207711334750
23
 energy: -38.806425833759 gnorm: 0.714668160129 xtb: 6.5.0 (746241f)
C            1.12995081098585        5.52251625032227       -1.48314169870158
C            1.89369521791214        6.04994207097404       -0.48111013517800
S            2.49903543324444        4.82371158007926        0.53964097740733
C            1.67884688050573        3.85871849972361       -0.27297518172564
C            1.68521956558367        2.76723185776779        0.41287120639114
C            1.92439275982572        1.84256329232278        1.38038934826504
C            1.29427889001261        0.47651851613381        1.24263255018704
C            0.51317377076921        0.22529715347329        0.15283007188528
C           -0.25706425074641       -0.35130966655680       -0.69821406720288
C           -0.71083679307597        0.09298395293154       -1.85089081187561
C           -1.19357338501898       -1.03461507678430       -2.48403608846599
C           -1.09953907197630       -2.14165597984724       -1.68681472454326
S           -0.45130955880770       -1.74343839014670       -0.15820621525139
S            0.95141918325427        1.60331059195846       -0.10003049042670
C            1.02892567879167        4.14809482691042       -1.37709664661643
H            0.65276223951974        6.02746999371002       -2.28423083714472
H            2.21830356155958        7.00762208089709       -0.20352596022715
H            2.53050397255138        2.08396284284331        2.15995413273659
H            1.42299738134140       -0.25386475699282        1.93832441975952
H           -0.61078845976196        1.09723931216854       -2.11685171551556
H           -1.59077064494191       -0.96211939568547       -3.46462164924894
H           -1.35214807851409       -3.15570394847806       -1.76962110919077
H            0.55102489698591        3.40362439227514       -1.93137537531733
23
 energy: -39.084064364608 gnorm: 0.445009216601 xtb: 6.5.0 (746241f)
C            1.13258634682359        5.54446258291684       -1.49238661047254
C            1.89821973216349        6.08179775301132       -0.49222803160971
S            2.54965828072353        4.93200526238319        0.57076878213742
C            1.70053934494598        3.87441970092125       -0.27760429148334
C            1.73092613144823        2.78701842741875        0.45926313726835
C            1.94675605862750        1.82105772637556        1.42983706476971
C            1.31726159312972        0.46981869211152        1.29706800108952
C            0.51305459882665        0.17729338239089        0.20085588369257
C           -0.27704105327557       -0.36859085511368       -0.69491245282728
C           -0.73288131887885        0.08947856160226       -1.89026734050216
C           -1.20904876647577       -1.04997473119140       -2.49716834542151
C           -1.11940635784570       -2.16410820180649       -1.70451266218973
S           -0.48733997105275       -1.86231885515160       -0.16015722636839
S            0.89149826724657        1.64659046395543       -0.24593592746918
C            1.01435246510060        4.17471661268291       -1.41000315620195
H            0.65048436105732        6.04819876925069       -2.28994696088286
H            2.21469874964511        7.03964030998536       -0.21699889421693
H            2.56556101704710        2.07369719456446        2.22174429128768
H            1.44728140069399       -0.28298805907205        1.99831582813431
H           -0.61015643461850        1.10862060793072       -2.12720037032725
H           -1.59996326537251       -0.97651940129808       -3.47878994968384
H           -1.36861329227047       -3.17528691091656       -1.79393723067083
H            0.54007211231074        3.39907096704870       -1.94190353805206
23
 energy: -39.224387401761 gnorm: 0.292339556190 xtb: 6.5.0 (746241f)
C            1.13944203561979        5.57695391148380       -1.50179509128219
C            1.90528679358224        6.12669015627450       -0.50734963538052
S            2.59799416572482        5.02983574776117        0.60016155954060
C            1.73094670969526        3.89345102178023       -0.27311956269297
C            1.76617437193336        2.78198367133533        0.49897808480268
C            1.96610486987198        1.79755511454329        1.47272990648044
C            1.33791524090250        0.46555193432791        1.34563480018439
C            0.52296674654474        0.15267869467623        0.24754897058193
C           -0.29498143012365       -0.39442220115643       -0.68046417946898
C           -0.74739663423765        0.07170889229458       -1.90283905064978
C           -1.22954038727629       -1.07429516740073       -2.51164202201111
C           -1.14705842101407       -2.19533899220641       -1.72778237725180
S           -0.51895791962849       -1.97062112092088       -0.15808186509855
S            0.84005699367290        1.68258775056037       -0.37206328460674
C            1.01841667680400        4.20037391709123       -1.41909142582930
H            0.64852429346089        6.08408186953753       -2.29763842077111
H            2.20397982156497        7.10066035288969       -0.24687025595172
H            2.59461808915552        2.05649979499961        2.28023525017340
H            1.47172636187789       -0.30310201195230        2.05703753183616
H           -0.61880995990896        1.10146652692641       -2.14164829186313
H           -1.61467662668546       -1.00200784269481       -3.50055165961151
H           -1.39990175193197       -3.20925809386151       -1.84538395527162
H            0.53566996039568        3.41506607371119       -1.95210502585858
23
 energy: -39.297524667787 gnorm: 0.223059831232 xtb: 6.5.0 (746241f)
C            1.15709176280715        5.61844471075505       -1.50436118087247
C            1.92068243384340        6.18492055121592       -0.51976047045082
S            2.63950111242925        5.11614162856578        0.63245723249324
C            1.76679709026337        3.91933410675024       -0.25290403251617
C            1.78653444185095        2.76670042973342        0.52018295414840
C            1.97925877104901        1.77989140577479        1.49807413285999
C            1.35246972292915        0.46478588631036        1.37567470686624
C            0.53587298815743        0.14794747177537        0.27675175737785
C           -0.30752116963650       -0.43499661637080       -0.65790475226079
C           -0.75827363190637        0.03104984696645       -1.89163858878851
C           -1.25423608705686       -1.11178951194238       -2.51954069508492
C           -1.18137880937173       -2.24147263889074       -1.75051930633426
S           -0.54143543293418       -2.06930403808701       -0.15437786221566
S            0.80237696915548        1.70958780348735       -0.46975654943550
C            1.04249206682189        4.23234698058972       -1.40194668967087
H            0.65502593345980        6.13123587990872       -2.29902765908661
H            2.18775462039560        7.18656575315258       -0.29513328097622
H            2.61145932966349        2.03330184401425        2.32644683347013
H            1.49221621737396       -0.30589509585831        2.10845253656777
H           -0.64181513994080        1.06218209653953       -2.15979624701004
H           -1.63312169405563       -1.04182949251338       -3.51849401348177
H           -1.44695587781845       -3.25406605387541       -1.92192900694394
H            0.54370438252060        3.46301705199852       -1.95704981865509
23
 energy: -39.345533595631 gnorm: 0.188628031512 xtb: 6.5.0 (746241f)
C            1.18571698443161        5.66854897283043       -1.49673305024360
C            1.94545731882416        6.25143264952417       -0.52241154399037
S            2.67062237648351        5.19520629528315        0.66756341848934
C            1.80136116892359        3.95198125075619       -0.22131809336101
C            1.79184335179183        2.74784502092597        0.52134038588955
C            1.98424694748869        1.76950258021902        1.50500533650787
C            1.35945319271778        0.46719462817990        1.38553104955656
C            0.54812493272433        0.15785430490145        0.28461871435693
C           -0.31248256728731       -0.48651601783083       -0.63397306768731
C           -0.76645663814603       -0.03052948913601       -1.86789305180749
C           -1.28071555226266       -1.16369964231758       -2.51849935004131
C           -1.21638862603027       -2.30158540989026       -1.76567535577769
S           -0.55322988937217       -2.16090792052788       -0.15340256939992
S            0.77114353941291        1.73218993902116       -0.55490166108329
C            1.07901881135211        4.27516963846061       -1.36649559164940
H            0.67559595130764        6.18510211962494       -2.29063319880947
H            2.17685985186460        7.27882632621912       -0.34600046517438
H            2.61351871467457        2.00790857048661        2.35617209343584
H            1.50627249944961       -0.29310903659036        2.14576496569771
H           -0.67585178680990        0.99514087339311       -2.18278118706719
H           -1.65554843210464       -1.09503154585016       -3.52445381482780
H           -1.50096858375614       -3.30408146156838       -1.99879239601947
H            0.56090643432217        3.53965735388566       -1.95813156699414
23
 energy: -39.381553120096 gnorm: 0.161541435443 xtb: 6.5.0 (746241f)
C            1.22142118607199        5.72388905520512       -1.47953631132310
C            1.97650517278624        6.32182225283845       -0.51469865645808
S            2.68997631814505        5.26642354640677        0.70068620216744
C            1.83081158108151        3.98797921641374       -0.18260713020956
C            1.78318603223436        2.72694424345036        0.50388749453415
C            1.98140878256246        1.76691330885747        1.49578678195227
C            1.35824949252764        0.47266644425991        1.37786831812402
C            0.55836173407163        0.18128430828115        0.27301824006725
C           -0.30980614981160       -0.54315302454608       -0.61216468778134
C           -0.77076523543091       -0.10661278795772       -1.83869420555678
C           -1.30620497354375       -1.22635205330176       -2.51025026857096
C           -1.24871591037706       -2.37160898275354       -1.77311158490978
S           -0.55743038276739       -2.24202684892881       -0.15820376668484
S            0.74407429798302        1.75213905087704       -0.63110082517316
C            1.12105301415545        4.32618102976846       -1.31849132560818
H            0.70855050903918        6.24059057514615       -2.27494349777032
H            2.17761656145185        7.36652879170638       -0.38861879525764
H            2.60335596847368        1.98481006113109        2.36754690631897
H            1.51263938668416       -0.26941988954582        2.16544399610663
H           -0.71221068715225        0.90904246349833       -2.20672226401563
H           -1.68147029453992       -1.15609687896410       -3.51862225419476
H           -1.55560055197523       -3.35690386329131       -2.06078220195104
H            0.58349414832985        3.63305998144874       -1.95179016380563
23
 energy: -39.409499999023 gnorm: 0.134182337589 xtb: 6.5.0 (746241f)
C            1.25953612660926        5.77734002825817       -1.45488362193555
C            2.00949567677864        6.38815246556353       -0.49836914780283
S            2.69527419387588        5.32241782182170        0.72596902671307
C            1.85083156400990        4.02016754809146       -0.14170159850724
C            1.76165557466792        2.70495478297240        0.47039022678129
C            1.97116673896094        1.77211180369824        1.47339204621717
C            1.34864934085810        0.48083445887501        1.35602005672587
C            0.56552728755804        0.21683723779504        0.24483062962960
C           -0.29815557837569       -0.59566851064956       -0.59470832230953
C           -0.76960309859451       -0.18624553807306       -1.80988433907735
C           -1.32748202694562       -1.29176080469723       -2.49577771113869
C           -1.27501491250743       -2.44300164508775       -1.77297166918026
S           -0.55482499737784       -2.30316670118086       -0.16983093397050
S            0.72212584482133        1.76861664239543       -0.69365834699574
C            1.16110514260875        4.37845625494736       -1.26535086431194
H            0.75010427702730        6.29200313277809       -2.25457405244544
H            2.19133266727342        7.44132519245494       -0.41661342807738
H            2.58404767830464        1.96891098132005        2.35928841927827
H            1.51011482439658       -0.24061269438165        2.16430851327263
H           -0.74137565499109        0.81541526841174       -2.22531575710064
H           -1.70908227339425       -1.21805586754778       -3.50217655153521
H           -1.60517523895222       -3.40890897476917       -2.09989343774358
H            0.60824684338791        3.72797711700394       -1.93458913648611
23
 energy: -39.430716616355 gnorm: 0.104696346809 xtb: 6.5.0 (746241f)
C            1.29682805304646        5.82556616653850       -1.42534031384529
C            2.04174282536578        6.44390176722950       -0.47404030056528
S            2.68666367924597        5.35855783114907        0.74213202107443
C            1.85971967510252        4.04252553614551       -0.10219571592231
C            1.72930885720530        2.68271416370355        0.42433133874425
C            1.95404273402451        1.78394359786584        1.44182089600048
C            1.33163985340633        0.49162558451173        1.32427393137765
C            0.56941448982257        0.26218582322003        0.20366061751365
C           -0.27673107744154       -0.63718577241061       -0.58210471114110
C           -0.76467448443999       -0.26155281535618       -1.78755895236526
C           -1.34365292991663       -1.35514519871703       -2.47702399714653
C           -1.29260270156653       -2.50933575338865       -1.76439422111180
S           -0.54438321543214       -2.34021611096822       -0.18704477114953
S            0.70427793177482        1.78227116134264       -0.74374135666411
C            1.19409520230363        4.42869441515902       -1.21540809629544
H            0.79750376134844        6.33796006448985       -2.23191511290724
H            2.21892758369812        7.49744184662133       -0.42311204932901
H            2.55796399074880        1.96488073308216        2.33244317130962
H            1.49823208309916       -0.21262525909013        2.14110094178176
H           -0.75994592754733        0.72380750977204       -2.23677446783698
H           -1.73834349738329       -1.27781299014346       -3.47742511821507
H           -1.64411104597541       -3.45875481382970       -2.10930083882145
H            0.63258415951035        3.81465251307329       -1.90848289448558
23
 energy: -39.444208828968 gnorm: 0.073643930570 xtb: 6.5.0 (746241f)
C            1.33199485315622        5.86973850471852       -1.39481297694774
C            2.07242208317722        6.48116246768484       -0.43924689078754
S            2.66609554882697        5.37036868349819        0.75564038867218
C            1.85427025671429        4.05286085016811       -0.07111751644895
C            1.69124356961813        2.66744904287206        0.37484345352344
C            1.93005756725336        1.79988474537084        1.40690991263633
C            1.31133532781272        0.50465370901782        1.28717596349418
C            0.56987787389045        0.30610405557386        0.15511408787972
C           -0.24705950794329       -0.66206924579072       -0.57952851500488
C           -0.76231819138317       -0.32422997182971       -1.78383902575147
C           -1.35683501970554       -1.41527777422440       -2.45747131217967
C           -1.29714946054579       -2.56498888272110       -1.74318102839537
S           -0.52003239731778       -2.35364119125664       -0.20387094570085
S            0.68816063018445        1.79458500322671       -0.78559891078449
C            1.21325941126138        4.47745469838381       -1.18346046444088
H            0.85234947607850        6.38513610055644       -2.20955318430275
H            2.26484354216302        7.52883823772016       -0.39460168372157
H            2.52697031703274        1.97880593057010        2.29281465977376
H            1.47879081276447       -0.19418320345743        2.09713117168645
H           -0.77182574117554        0.64712947318875       -2.24898268495847
H           -1.77440857038146       -1.33979793127181       -3.44731232148774
H           -1.66425263247926       -3.50893552712607       -2.07619452359761
H            0.65071025099781        3.88705222512774       -1.88695765315629
23
 energy: -39.452472171171 gnorm: 0.045849265838 xtb: 6.5.0 (746241f)
C            1.36561739529313        5.91216730483559       -1.36898312251896
C            2.10135097102430        6.50043885542033       -0.39597105054731
S            2.63869171789380        5.36365864018609        0.77648490118576
C            1.83569380720331        4.05569332750996       -0.05203381044227
C            1.65419025657235        2.66501856858385        0.33272118863947
C            1.90133755607094        1.81608169063987        1.37485303897241
C            1.29370740965854        0.51839132035509        1.24952381271510
C            0.56855077177653        0.33658365846340        0.10653931979979
C           -0.21387417814390       -0.67254193625216       -0.58979620143896
C           -0.76723242999370       -0.37170377093744       -1.80074704325050
C           -1.37168135275111       -1.47133946924017       -2.44056098351079
C           -1.28983990693776       -2.60933803508821       -1.71072187061919
S           -0.47896563508508       -2.35453885400432       -0.21455339700184
S            0.67067116495289        1.80757940154433       -0.82705919004006
C            1.21920692993033        4.52506061494994       -1.17501691339165
H            0.91483335491713        6.43959009257654       -2.19147840562333
H            2.32602404546450        7.53941000245421       -0.33123643516872
H            2.49397510055816        2.00909859450160        2.25275977116028
H            1.45771506005953       -0.19002914734802        2.04281906177154
H           -0.78503367138945        0.59274847975967       -2.26981880969017
H           -1.82188853213674       -1.40692200866644       -3.41621353331824
H           -1.66466082954876       -3.56194684363326       -2.00458108845358
H            0.66011099461087        3.94493951338969       -1.88302923922903
23
 energy: -39.458386947765 gnorm: 0.038040470514 xtb: 6.5.0 (746241f)
C            1.40020129952648        5.95421692392709       -1.35041815965016
C            2.12896196047643        6.51018499564859       -0.34965441388148
S            2.60552004108073        5.34782868566664        0.80856656770940
C            1.80756545971956        4.05732867783755       -0.04101881159839
C            1.61847274773811        2.67300893320083        0.29970709079648
C            1.86960585555333        1.83104238168440        1.34698131210974
C            1.28095982877201        0.53158583916291        1.21225573801506
C            0.56806822754115        0.35398158458193        0.05940345800275
C           -0.17942093727682       -0.67624987305617       -0.61076312661853
C           -0.77989624703109       -0.41036001036974       -1.82882332467816
C           -1.39174101511346       -1.52357255487517       -2.42609690429366
C           -1.27689325881686       -2.64680582042543       -1.67314345188771
S           -0.42250411865100       -2.35271007081293       -0.22044720803155
S            0.65168175880196        1.82132792496119       -0.87006778666188
C            1.21998831567515        4.57277803850248       -1.18220382080619
H            0.98426351873038        6.50015107635410       -2.17963197288026
H            2.39500764056416        7.53970555959455       -0.24632735362372
H            2.45980975326813        2.05065513628481        2.21766249623149
H            1.43841066242900       -0.19828987752331        1.98461843484420
H           -0.80456500511421        0.55399826797628       -2.29575290294333
H           -1.88006718080106       -1.47703901502069       -3.38496562189582
H           -1.65213209887629       -3.61844376360417       -1.91132901805994
H            0.66720279180400        3.99377696030438       -1.89465122019863
23
 energy: -39.462155046144 gnorm: 0.050954428850 xtb: 6.5.0 (746241f)
C            1.43657400025451        5.99797339401063       -1.33748530487581
C            2.15539827731548        6.51903146410965       -0.30606222069691
S            2.57287876922736        5.33168228417231        0.84640150250336
C            1.77754160741303        4.06514864373997       -0.03760323476293
C            1.58634066682911        2.68685609279699        0.27547826385452
C            1.83931543871787        1.84314018086015        1.32335384298543
C            1.27338163401624        0.54273052071649        1.17733777762286
C            0.56831246389875        0.36121161762508        0.01704205300006
C           -0.15269250145709       -0.68053451720111       -0.63872901751492
C           -0.79973202032481       -0.44601254589599       -1.85843214866264
C           -1.41654485596997       -1.57457926658017       -2.41345387873672
C           -1.26453227804717       -2.68173265005022       -1.63696272958155
S           -0.36355816175173       -2.35349461384997       -0.22258461394396
S            0.63351961894574        1.83404842363000       -0.90984613624354
C            1.22255764430817        4.62117887982675       -1.19633836223914
H            1.05662354717511        6.56622350790640       -2.16979915709620
H            2.46001166611537        7.53612746891977       -0.15562514609819
H            2.42713816160308        2.09349465699683        2.18940109461371
H            1.42300906113804       -0.21219903614505        1.92971669603001
H           -0.83276970158426        0.52122933106425       -2.32406859057796
H           -1.94054774468187       -1.55115361416391       -3.35479493502279
H           -1.63030786458104       -3.67369903981428       -1.81625531114818
H            0.67658257143986        4.04142881732559       -1.91679044340887
23
 energy: -39.464577678881 gnorm: 0.058739381400 xtb: 6.5.0 (746241f)
C            1.47136084086706        6.04076214618863       -1.32354767606235
C            2.18061048038120        6.53047298658179       -0.26762897516093
S            2.54867667987880        5.31853311380474        0.87993516954379
C            1.75358016898551        4.07892717839847       -0.04049748816855
C            1.55919389891664        2.70061452156032        0.25456259549582
C            1.81400394335967        1.85230064359578        1.30109577138703
C            1.26796652790423        0.55217463755729        1.14535372217727
C            0.56704594744278        0.36548715838709       -0.01969083281148
C           -0.13874399196161       -0.68727877174316       -0.66657870574668
C           -0.82106982499847       -0.48132116507283       -1.88199915031458
C           -1.43877033119398       -1.62473073467431       -2.40074575200213
C           -1.25544224317127       -2.71590977183639       -1.60509632109322
S           -0.31665424433937       -2.35595847021994       -0.22091610884996
S            0.61733067913741        1.84513803990826       -0.94463735550265
C            1.22928113690422        4.66740245279922       -1.20815311369723
H            1.12309443709127        6.63135265009797       -2.15413847299824
H            2.51277432474432        7.53445326730566       -0.07634623215462
H            2.39806085856969        2.12889604335870        2.16427609424122
H            1.40947044525294       -0.22246499236521        1.88234079604937
H           -0.86299071684901        0.48645603962563       -2.35167629349619
H           -1.99035417793305       -1.62616581311264       -3.32603572101174
H           -1.60767187264280       -3.72249420721561       -1.73709261970667
H            0.68774703365354        4.09145304707073       -1.93888333011768
23
 energy: -39.467096385486 gnorm: 0.057034177970 xtb: 6.5.0 (746241f)
C            1.50645379053734        6.08424472910882       -1.30357445099301
C            2.20702213404290        6.54300574119521       -0.22801068815747
S            2.53204552408834        5.30305677704213        0.91022268337861
C            1.73371711878653        4.09633827416346       -0.05054215985095
C            1.53315014322512        2.71488937764527        0.23057766993712
C            1.79042672394858        1.86040862921607        1.27489504027942
C            1.26219037821288        0.56218744502795        1.11087417278183
C            0.56274871097118        0.37041672262582       -0.05723864514908
C           -0.13498515861293       -0.69407762937624       -0.69574809010375
C           -0.84289571769484       -0.51913284938944       -1.90128030393795
C           -1.45697003657474       -1.67838170247697       -2.38502487611574
C           -1.24649695440309       -2.75180708013142       -1.57206277904122
S           -0.27786061045619       -2.35631790559727       -0.21369388333887
S            0.60048010092655        1.85674683909206       -0.98086396758853
C            1.23967052699409        4.71413554896412       -1.21685536043120
H            1.18814108756989        6.69886889637488       -2.12759040826281
H            2.55928253838560        7.53330231084052       -0.00192465967784
H            2.36856454068546        2.16093303061513        2.13607076019779
H            1.39324171459658       -0.22760944669087        1.83601064569452
H           -0.89356892283685        0.44521120729378       -2.38129019666118
H           -2.03138633304118       -1.70832567733506       -3.29427938652749
H           -1.58412289155999       -3.76810987854433       -1.66548216617132
H            0.69965159220846        4.14811664033658       -1.95928895026137
23
 energy: -39.470370789063 gnorm: 0.043297522955 xtb: 6.5.0 (746241f)
C            1.54378611319542        6.12723643328206       -1.27518300278400
C            2.23422573052100        6.55419751809345       -0.18297544260551
S            2.52269724304341        5.28027021923833        0.93860846305740
C            1.71669261311746        4.11638026404022       -0.07020618713481
C            1.50570985421116        2.73036658380413        0.20007054477373
C            1.76726107997046        1.86833961079145        1.24129460857439
C            1.25548949104243        0.57363750696429        1.07010286666296
C            0.55477583969418        0.37784467995239       -0.09949597105218
C           -0.14183464235247       -0.69854788445446       -0.72792198517465
C           -0.86480267217152       -0.55967903516552       -1.91463781697089
C           -1.47082885193119       -1.73616939235322       -2.36324650815140
C           -1.23396379500743       -2.78940821126183       -1.53494019111130
S           -0.24408852842439       -2.35105310200151       -0.19830359048403
S            0.58177850288596        1.87002915591343       -1.02149951129705
C            1.25482491015150        4.76060504155329       -1.22117187542376
H            1.25561418458939        6.76793259966335       -2.08840949713731
H            2.59830303614492        7.53098327566929        0.06948730147841
H            2.33570560291200        2.19069338164397        2.10187573682805
H            1.37223307574823       -0.22564835903598        1.78801067482537
H           -0.92576421597436        0.39556021142259       -2.41333239470600
H           -2.06519731306647       -1.79897918352378       -3.25571679358577
H           -1.55760148983043       -3.80974962257646       -1.60066442707712
H            0.71348423153042        4.21325830834078       -1.97784500150501
23
 energy: -39.473325356874 gnorm: 0.031541576591 xtb: 6.5.0 (746241f)
C            1.58333692692306        6.16643373528310       -1.24123966592861
C            2.25979518245051        6.56048762988622       -0.13029263031213
S            2.51799192029777        5.24936650659256        0.96398983737326
C            1.70278217707436        4.13265855709567       -0.09444018671769
C            1.47584849586389        2.74382841542357        0.16174021663886
C            1.74475990997034        1.87788043935472        1.20073181056544
C            1.24603562220854        0.58618135254063        1.02407621659628
C            0.54390567352971        0.39187172614030       -0.14628300864961
C           -0.15373406086022       -0.69761667596879       -0.75750060038311
C           -0.88573606597570       -0.59816314180876       -1.92108347668089
C           -1.48180413091648       -1.79424914113663       -2.33588585507968
C           -1.21370943067642       -2.82645562565461       -1.49323449890228
S           -0.21310652941062       -2.33800753026826       -0.17656730031349
S            0.56135631449016        1.88509320142522       -1.06590995461375
C            1.27323759615377        4.80168803279387       -1.22150554152665
H            1.32290082368979        6.83253330599800       -2.04386694221274
H            2.62926436633937        7.52791428981011        0.13860604751695
H            2.30080947886754        2.21469551909050        2.06270493377410
H            1.34859019184279       -0.21495644350740        1.74061196619262
H           -0.96357916011079        0.34204038759775       -2.44606566618722
H           -2.09305151128951       -1.88990631697381       -3.21446890127702
H           -1.52750039770304       -3.84811050545958       -1.54319413171823
H            0.73010660724081        4.28289228174586       -1.99702266815499
23
 energy: -39.475555672184 gnorm: 0.030939280395 xtb: 6.5.0 (746241f)
C            1.62741971072426        6.20865006482890       -1.20484659242670
C            2.28892256526062        6.56268611355556       -0.06961291615708
S            2.51107053805650        5.21370252048975        0.99054510697857
C            1.68867753405266        4.14375799255222       -0.11671746718189
C            1.44133443448331        2.75535626034814        0.11650877151661
C            1.71946174448147        1.89086997992549        1.15493474751412
C            1.23171554511116        0.60014006693442        0.97354342648592
C            0.53067294985833        0.41247093776180       -0.19830045098387
C           -0.16311232315987       -0.69284148816410       -0.78337678822036
C           -0.91226132888402       -0.63665269370976       -1.92950092323271
C           -1.49404626791003       -1.85737012675802       -2.30605350175658
C           -1.18806212934143       -2.86509576214325       -1.44394169864819
S           -0.17797903027793       -2.32076264842198       -0.15323128839788
S            0.53724076346025        1.90249675752289       -1.11602152311252
C            1.29252020504744        4.84515457191256       -1.22586621197432
H            1.39051970337126        6.90029990094595       -1.99534131225089
H            2.66723453320176        7.52212951382512        0.22039115416609
H            2.26466839330539        2.23741625838083        2.01845883851461
H            1.32438688446638       -0.20190582609961        1.68878964133952
H           -1.01564189101217        0.28568415760706       -2.48286495435854
H           -2.11639783925673       -1.98641326617466       -3.17427991112235
H           -1.49031612131306       -3.89245118941915       -1.47409696744880
H            0.75047142627401        4.36077790430015       -2.02521917924338
23
 energy: -39.477454132661 gnorm: 0.027142205390 xtb: 6.5.0 (746241f)
C            1.66690906467237        6.24341589497801       -1.16535781302668
C            2.31742503986750        6.55450969861178       -0.01136710795938
S            2.50910292554757        5.17346488289415        1.01044676184175
C            1.67902086681471        4.14911382129360       -0.14101273925120
C            1.40738682909176        2.76405966338473        0.06827380187700
C            1.69598506535748        1.90562297886387        1.10725463856687
C            1.21276037130761        0.61371572753133        0.92387073108836
C            0.51310392008645        0.43784595801652       -0.24865951210281
C           -0.17753047755721       -0.68178135476471       -0.80300045596688
C           -0.94134469529884       -0.66859717441089       -1.93650071940485
C           -1.49776774783255       -1.91527483869679       -2.27554159121479
C           -1.15915876915302       -2.89416232780227       -1.39251787292932
S           -0.15070901852571       -2.29616178614365       -0.12613544704070
S            0.51142300487728        1.92057501727089       -1.16521232279074
C            1.31130055581949        4.88354707824093       -1.23304519940706
H            1.44263847757511        6.95641336951124       -1.93815119800011
H            2.70158813002297        7.50590675630402        0.29819013663725
H            2.23343915148181        2.25203464928386        1.97303544431414
H            1.30201609416575       -0.18531023758807        1.64030907354481
H           -1.07645244104554        0.23073311464476       -2.51924153382831
H           -2.11859484561415       -2.07554148657352       -3.13792014440546
H           -1.44670700049092       -3.92646607079163       -1.40615750201854
H            0.77266549882965        4.44043666594215       -2.05765942852404
23
 energy: -39.478592497636 gnorm: 0.013805136600 xtb: 6.5.0 (746241f)
C            1.67435798933461        6.24447478844177       -1.15569750568167
C            2.32671148299067        6.53440614069218        0.00104873259006
S            2.50343571285172        5.15053114965660        1.01636409391535
C            1.66842074709587        4.14963419034358       -0.14700376412544
C            1.39281280389522        2.76607386302531        0.05665968729243
C            1.68556230857937        1.91428782216064        1.09707589826374
C            1.19005032538730        0.62014002266919        0.91858683122857
C            0.50383041269719        0.44840466790779       -0.26110422972005
C           -0.17344775098983       -0.67665132070089       -0.81641568570179
C           -0.93762491342712       -0.67262423425333       -1.95434463814386
C           -1.49090819347799       -1.92466560604911       -2.26961531256853
C           -1.14675115147323       -2.88633123437786       -1.37218863047211
S           -0.13927432568577       -2.27584322646618       -0.11356176620318
S            0.49007198979315        1.93082462880256       -1.17718797854082
C            1.30163984797416        4.89240571745373       -1.23883286070619
H            1.46093211034225        6.96737855353043       -1.92249565629867
H            2.71684707340120        7.47885253143695        0.32354714911237
H            2.23891633425300        2.24769740291828        1.95865275598295
H            1.30778749545037       -0.18310324550311        1.62681239255935
H           -1.09187644849123        0.21982925117603       -2.53793864131864
H           -2.11748151977065       -2.09884962661490       -3.12573516938377
H           -1.42748610597135       -3.92052388170389       -1.37032985822000
H            0.77197377524059        4.46175164545456       -2.07239584386077
23
 energy: -39.479323860316 gnorm: 0.005379020575 xtb: 6.5.0 (746241f)
C            1.68976195756383        6.25449473759277       -1.13841338771740
C            2.34309640933491        6.51623031853477        0.02374237662877
S            2.49631531437377        5.12226465891520        1.02170930879456
C            1.65412440349269        4.15389635197400       -0.15613157620322
C            1.37155140796380        2.77134866060302        0.03739545991052
C            1.67103781650791        1.92570759734030        1.07671425649388
C            1.17461039705060        0.62543399207109        0.89686025717448
C            0.49001904212657        0.46247176812472       -0.28215390955669
C           -0.17959735592889       -0.66911980847069       -0.82996573978466
C           -0.94420334299880       -0.68332548831964       -1.97145464511156
C           -1.48527779076855       -1.94736211372550       -2.25855282634354
C           -1.13314777078328       -2.88623462385524       -1.34143831528381
S           -0.12610641746446       -2.24935214576859       -0.09928856656603
S            0.45944230901792        1.94551161158760       -1.19454933231835
C            1.29565544892979        4.91055657309072       -1.24552680726623
H            1.49191413971008        6.99234511868868       -1.89576879753959
H            2.74578772587167        7.44967004341094        0.36405525246813
H            2.23241414452461        2.24374886681258        1.93876163766927
H            1.31255480196516       -0.17594422768347        1.60286493172254
H           -1.10999450459260        0.19591428960169       -2.56748754326549
H           -2.11163089355551       -2.14467140862345       -3.11066351356846
H           -1.40061508660251       -3.92427068586182       -1.31804605378835
H            0.77078784426075        4.49878591396060       -2.08876246654946
23
 energy: -39.479683402227 gnorm: 0.007250318148 xtb: 6.5.0 (746241f)
C            1.70551844854062        6.26766996054839       -1.12494595955342
C            2.35814508881407        6.51113485732205        0.04166772069634
S            2.49175695963050        5.10722573212833        1.02534147420945
C            1.64402729370031        4.16076961232657       -0.16181506499415
C            1.35433410427283        2.77822983746489        0.02366741420427
C            1.66101605634594        1.93274450309733        1.05920999165670
C            1.16688385690059        0.62965099657497        0.87711881958401
C            0.47791137563025        0.47138198904218       -0.29852779651747
C           -0.18698938893960       -0.66667604571042       -0.83933098224729
C           -0.95201199709377       -0.69781652302622       -1.98074650928653
C           -1.48322249452991       -1.97064354387481       -2.25026574739354
C           -1.12240487842639       -2.89539804169264       -1.32242746810238
S           -0.12296713592898       -2.23383422491706       -0.08866201333846
S            0.43760076765387        1.95604653278613       -1.20616477075687
C            1.29595714487141        4.92899199210497       -1.24713896300811
H            1.51883911671697        7.01564652430961       -1.87536092305931
H            2.77102441877934        7.43618455411529        0.39304693175467
H            2.22499582109400        2.24234951937182        1.92195443256319
H            1.31331971043474       -0.16949017737499        1.58274071234524
H           -1.12458504516959        0.17250532223244       -2.58728803767794
H           -2.10921113980795       -2.18421611408081       -3.09888991411639
H           -1.38124038782847       -3.93528301878928       -1.28367455727409
H            0.76980230433861        4.53092575604153       -2.09560878968866
23
 energy: -39.479956337522 gnorm: 0.006254456546 xtb: 6.5.0 (746241f)
C            1.71978971095846        6.28008482339847       -1.11511495418851
C            2.37132908205541        6.51168635312455        0.05464367359932
S            2.48884166860406        5.09985532479782        1.02854954185760
C            1.63639501930490        4.16807610586490       -0.16497002692761
C            1.33988933610022        2.78537867052048        0.01453446767736
C            1.65378212617291        1.93689250958943        1.04549005418548
C            1.16248825567391        0.63351608830498        0.86149821756541
C            0.46564732854953        0.47759221901768       -0.30969071366801
C           -0.19563574026109       -0.66629592211422       -0.84471941647036
C           -0.96034654344534       -0.71220357630740       -1.98465352629213
C           -1.48246298598380       -1.99109950032858       -2.24450859301031
C           -1.11533444404387       -2.90659893763546       -1.31004397312120
S           -0.12028397716665       -2.22635763315583       -0.08326439862349
S            0.41810365111204        1.96470928848322       -1.21193215841357
C            1.29864970565138        4.94546485387538       -1.24579488323009
H            1.54229876346107        7.03425203223832       -1.86117990885092
H            2.79255193617885        7.43030857999958        0.41197012380192
H            2.21970481633591        2.24299890539646        1.90762876631986
H            1.31284438182542       -0.16512178484362        1.56609697444754
H           -1.13620843707842        0.15181172806009       -2.59987352169291
H           -2.10602658550962       -2.21640158291606       -3.09147081184028
H           -1.36661502245074       -3.94751706924481       -1.26229652884273
H            0.76909795395480        4.55706852387489       -2.09699840428314
23
 energy: -39.480193388205 gnorm: 0.004027979205 xtb: 6.5.0 (746241f)
C            1.73463711773670        6.29275809420833       -1.10579852636371
C            2.38558041784372        6.51296328082050        0.06677157049766
S            2.48689261071364        5.09384884668823        1.03279438358701
C            1.62832461477523        4.17575239987097       -0.16742183843898
C            1.32456454071901        2.79330714507065        0.00640730752576
C            1.64656657409937        1.94038429752699        1.03217061695575
C            1.15715104600730        0.63840969101596        0.84712099174744
C            0.45134397858140        0.48375999825146       -0.31956564937912
C           -0.20503345354481       -0.66614021343959       -0.84942180152645
C           -0.96894808553102       -0.72751226101312       -1.98782615331804
C           -1.48112206081808       -2.01212292624957       -2.23977170635251
C           -1.10681275121548       -2.91900920626982       -1.29945395829435
S           -0.11865057926187       -2.22062762714199       -0.07697478842511
S            0.39514791996288        1.97430695294895       -1.21542936840710
C            1.30141696802897        4.96252824407080       -1.24331629643180
H            1.56715426086163        7.05237822425760       -1.84833799510442
H            2.81559645805859        7.42531952644819        0.42878677293785
H            2.21690248871052        2.24584862745027        1.89148805390068
H            1.31154530553993       -0.16234653429925        1.54848833485125
H           -1.14942182319535        0.13083844757438       -2.61054501084656
H           -2.10233057379330       -2.24880522138611       -3.08503867932468
H           -1.35024417007355       -3.96104927209773       -1.24417332779227
H            0.76823919579385        4.58330948569410       -2.09705293199910
23
 energy: -39.480380482413 gnorm: 0.002405775703 xtb: 6.5.0 (746241f)
C            1.74926878839093        6.30435745767897       -1.09655440304047
C            2.40044840843167        6.51248845418378        0.07826247402321
S            2.48569172344177        5.08696658678588        1.03739480267352
C            1.61960771635006        4.18264950385150       -0.16990523884125
C            1.30864502722162        2.80112791602950       -0.00140341210554
C            1.63887484317050        1.94403027026637        1.01934197668301
C            1.15054435192857        0.64376948286852        0.83387280988925
C            0.43551231477828        0.49049356231124       -0.32826775421105
C           -0.21516745089143       -0.66484975160519       -0.85334243971794
C           -0.97742599123100       -0.74186223539523       -1.99122220694581
C           -1.47871795559082       -2.03242128923554       -2.23531397166882
C           -1.09787912057508       -2.93000787517397       -1.28839457698591
S           -0.11553440562333       -2.21489916043813       -0.07055574420148
S            0.36971750145974        1.98454312964531       -1.21808743317430
C            1.30298897830604        4.97901077273609       -1.24099886905488
H            1.59191530213274        7.06953785227799       -1.83550820031630
H            2.83958675720510        7.41852791406368        0.44502757164934
H            2.21599449990395        2.25038598005772        1.87398362110488
H            1.30985795569211       -0.16084845473783        1.53009306390716
H           -1.16337830091957        0.11056410199528       -2.62099871556094
H           -2.09654715138907       -2.28107493927106       -3.07956628949802
H           -1.33230872712423       -3.97368302246806       -1.22648215321757
H            0.76680493493064        4.60929374357340       -2.09747491139089
23
 energy: -39.480512597580 gnorm: 0.001774970593 xtb: 6.5.0 (746241f)
C            1.76203677593085        6.31391680044693       -1.08773230347687
C            2.41433171815066        6.51013064614287        0.08844318539608
S            2.48546480004256        5.07927182222780        1.04103263183545
C            1.61139236174547        4.18817015774470       -0.17262817667607
C            1.29414509946413        2.80791939451271       -0.00882626224270
C            1.63156407563516        1.94778167919516        1.00767275450607
C            1.14343638105968        0.64878696195520        0.82234754430142
C            0.42100238032323        0.49687851287341       -0.33600100386811
C           -0.22409848232292       -0.66290822018484       -0.85698096931907
C           -0.98462495228469       -0.75400225976728       -1.99483443666877
C           -1.47533729900474       -2.05021622376821       -2.23118077743282
C           -1.08831774131836       -2.93877786771245       -1.27829613099718
S           -0.11367919449536       -2.20842838681676       -0.06330144168105
S            0.34615424308749        1.99391147396082       -1.22086544696961
C            1.30319210335381        4.99349490643257       -1.23925349543467
H            1.61350012590907        7.08448117473266       -1.82289277577531
H            2.86217169617859        7.41006255034777        0.45996060202481
H            2.21560677245240        2.25545452568047        1.85729000373201
H            1.30744421423382       -0.15972186768205        1.51313923947381
H           -1.17687217097254        0.09268669888545       -2.63049559198118
H           -2.09014818423984       -2.31001319188233       -3.07429952904432
H           -1.31445239274565       -3.98399503675639       -1.21008208031667
H            0.76458766981632        4.63321574943203       -2.09831553938611
23
 energy: -39.480630621347 gnorm: 0.001862791423 xtb: 6.5.0 (746241f)
C            1.77690928301921        6.32505909430800       -1.07593590937876
C            2.43212837727136        6.50505222464959        0.10096651378845
S            2.48666871880844        5.06762997979415        1.04400213737384
C            1.60148578764146        4.19434053645050       -0.17701416159036
C            1.27664336414420        2.81585383522259       -0.01895939785614
C            1.62196692828199        1.95315674853848        0.99297931985465
C            1.13338963288703        0.65510374772529        0.80834364234518
C            0.40296266455654        0.50510494348426       -0.34559100577294
C           -0.23532702339122       -0.65982850204894       -0.86150602267325
C           -0.99287978619263       -0.76833430256870       -1.99999410321529
C           -1.47017021831436       -2.07168981121519       -2.22563950957947
C           -1.07675315188903       -2.94800958711368       -1.26433196384698
S           -0.11069265054843       -2.19915551259305       -0.05437755928766
S            0.31845146440416        2.00494388832482       -1.22584945081223
C            1.30193634750926        5.01130874527230       -1.23737887613772
H            1.63807821967055        7.10291572770258       -1.80528666150002
H            2.89119192278869        7.39671938956774        0.47910804617765
H            2.21440997092061        2.26202766554971        1.83638895302408
H            1.30344439372305       -0.15766943264012        1.49261061987134
H           -1.19285234618004        0.07030872270409       -2.64353200954187
H           -2.08012362127770       -2.34578322413141       -3.06783835218934
H           -1.29218767039271       -3.99510161298083       -1.18784027770176
H            0.75981939255861        4.66414673599804       -2.09942397135228
23
 energy: -39.480685172972 gnorm: 0.001427854769 xtb: 6.5.0 (746241f)
C            1.78454301686926        6.33224423896033       -1.06766779574780
C            2.44320312630455        6.50117726309635        0.10881015365487
S            2.48956588207304        5.05888584428350        1.04359937763049
C            1.59661318415097        4.19798578688410       -0.18079406594103
C            1.26762771279318        2.82013645570240       -0.02661752422615
C            1.61592420329728        1.95684051758500        0.98355013643820
C            1.12693262368371        0.65889501604591        0.79945854707710
C            0.39408404563926        0.50956324485432       -0.35284667341306
C           -0.24078850859657       -0.65859792642533       -0.86540383482470
C           -0.99655182839662       -0.77744208526862       -2.00400528054105
C           -1.46668987590077       -2.08477447168582       -2.22198887162749
C           -1.06980978720199       -2.95328833022061       -1.25526891130300
S           -0.11112228607276       -2.19217047657820       -0.04779088930994
S            0.30575790344215        2.01036814097616       -1.23152740117847
C            1.30019675743371        5.02273984138650       -1.23602015036198
H            1.64991347664769        7.11516878914238       -1.79229659886289
H            2.90932158037467        7.38720716146031        0.49140955813151
H            2.21110964610355        2.26529878997844        1.82489552548456
H            1.29938598069467       -0.15460148613584        1.48182338769129
H           -1.20081486071150        0.05574828381502       -2.65291404478121
H           -2.07425582883469       -2.36723035076436       -3.06301700618406
H           -1.28023021542079       -4.00085013748368       -1.17219776907135
H            0.75458405162702        4.68479589039196       -2.09928986873474
23
 energy: -39.480718684181 gnorm: 0.000775420587 xtb: 6.5.0 (746241f)
C            1.78823433884851        6.33786966274571       -1.06104095141192
C            2.45117739217751        6.49822778605419        0.11424196139820
S            2.49415621086849        5.05150039273722        1.04137275999904
C            1.59443178394594        4.20034140646496       -0.18427668750437
C            1.26300287247788        2.82260179804520       -0.03307570066015
C            1.61129913255620        1.95966953191819        0.97715718061171
C            1.12218056268611        0.66158853764312        0.79335430474249
C            0.38915917716076        0.51232842217586       -0.35867561541386
C           -0.24417979076948       -0.65804124679076       -0.86848630845326
C           -0.99768829496043       -0.78418666621692       -2.00777796388284
C           -1.46462293961412       -2.09383273112385       -2.21928803202779
C           -1.06798016447849       -2.95617164983939       -1.24693037600099
S           -0.11017186462086       -2.18731808736018       -0.04442391213416
S            0.30135465883466        2.01276670124154       -1.23806296968896
C            1.29796493672909        5.03119830350336       -1.23467037061999
H            1.65454012598871        7.12500341730511       -1.78122855495073
H            2.92217361689826        7.38016765090138        0.50009878179793
H            2.20692624407256        2.26708919324043        1.81853710823430
H            1.29565080404681       -0.15138790986177        1.47607865377127
H           -1.20251472774445        0.04453994184300       -2.66201318205452
H           -2.06948642242704       -2.38235191702914       -3.06025062877390
H           -1.27553714594250       -4.00385861704312       -1.15867109936209
H            0.74842949326489        4.70035607944601       -2.09806839761633
23
 energy: -39.480744565427 gnorm: 0.000603495112 xtb: 6.5.0 (746241f)
C            1.78944243665032        6.34341655364365       -1.05442356334784
C            2.45802261875906        6.49597161429820        0.11874746343918
S            2.50121503871988        5.04439934661907        1.03770891438908
C            1.59417901016813        4.20207169755999       -0.18797936644420
C            1.26156198740409        2.82406776423952       -0.03989285585525
C            1.60767588279571        1.96189200906247        0.97160219302377
C            1.11845919399025        0.66377350010151        0.78797083320263
C            0.38842902180103        0.51350360495921       -0.36563139953037
C           -0.24425120727286       -0.65865205058705       -0.87278559297236
C           -0.99639555360263       -0.79067330785669       -2.01217747993585
C           -1.46261192671093       -2.10166527831308       -2.21727233140641
C           -1.06629901656981       -2.95896410676798       -1.24036485631105
S           -0.11400580419207       -2.18232574578647       -0.03863354831288
S            0.30211725503604        2.01351765014538       -1.24613634225807
C            1.29510542231501        5.03885982584139       -1.23284548661041
H            1.65448154699217        7.13472365455086       -1.76977310874729
H            2.93314289875058        7.37449368522428        0.50717453831128
H            2.20068791259720        2.26883402079864        1.81483010275053
H            1.28985422988346       -0.14749889409488        1.47296044596138
H           -1.20127696547401        0.03442787161831       -2.67091991274504
H           -2.06717234718043       -2.39455102872075       -3.05678995265641
H           -1.27453549629664       -4.00589949867232       -1.14598238892614
H            0.74067386143546        4.71437711213693       -2.09548630501920
23
 energy: -39.480766100768 gnorm: 0.000702160695 xtb: 6.5.0 (746241f)
C            1.78873263890967        6.34912512603125       -1.04741700821016
C            2.46444945700621        6.49413576499765        0.12264120148833
S            2.51092794696637        5.03725862660332        1.03287882302534
C            1.59529358576044        4.20329737633990       -0.19189165970088
C            1.26170635560675        2.82505234224379       -0.04684246853279
C            1.60400765041055        1.96394424029398        0.96686951426146
C            1.11482553279680        0.66586425364723        0.78328970626485
C            0.38848173520557        0.51433734292250       -0.37247030587746
C           -0.24400650149542       -0.65931507403038       -0.87680295216988
C           -0.99334854992323       -0.79716123671085       -2.01734358451626
C           -1.46106559025087       -2.10882764796053       -2.21539550423815
C           -1.06874464506390       -2.96067350819686       -1.23204727088492
S           -0.11627830890395       -2.17843508132939       -0.03433187745680
S            0.30702453695449        2.01296798310903       -1.25589604507151
C            1.29151323331769        5.04621899311923       -1.23044243905983
H            1.65049477535497        7.14487333017831       -1.75723345340476
H            2.94313482538005        7.36970817710333        0.51325986155386
H            2.19392359161628        2.27096831094812        1.81230799650015
H            1.28362860496992       -0.14400405657115        1.47076646589771
H           -1.19507114641808        0.02399367042282       -2.68201715592136
H           -2.06377451513786       -2.40620458622875       -3.05474989804855
H           -1.27848669598677       -4.00676928738887       -1.13174799543835
H            0.73113148292332        4.72774494045648       -2.09148395046096
23
 energy: -39.480782810539 gnorm: 0.000558992086 xtb: 6.5.0 (746241f)
C            1.78650156625610        6.35534987306579       -1.03950573332140
C            2.47097893090097        6.49251047581267        0.12640243980836
S            2.52290295142059        5.02974468041989        1.02706727234174
C            1.59776029274387        4.20405292665113       -0.19639177039638
C            1.26372204069574        2.82554105662375       -0.05476304837515
C            1.60071978645828        1.96572571775844        0.96194923614173
C            1.11142636552725        0.66790047924352        0.77845142647009
C            0.39042861747342        0.51459174733563       -0.38051401433635
C           -0.24222022247526       -0.66036679548999       -0.88169074710839
C           -0.98822344097686       -0.80432633294519       -2.02364127629752
C           -1.45909967806747       -2.11614484689869       -2.21378249425674
C           -1.07261452193393       -2.96210540019633       -1.22302600186086
S           -0.12134008678354       -2.17413742357821       -0.02810082555410
S            0.31427388242449        2.01184887000361       -1.26719607195701
C            1.28699858910521        5.05386040925768       -1.22725545757524
H            1.64325287253843        7.15605195242877       -1.74281632943413
H            2.95304954104668        7.36528054765895        0.51919005208274
H            2.18615665130201        2.27394229363062        1.81010645108147
H            1.27568054525177       -0.14054258183143        1.46875906996051
H           -1.18533941176786        0.01258599765592       -2.69495126743049
H           -2.06021732252157       -2.41796305047577       -3.05272362477981
H           -1.28598308666242       -4.00682061667814       -1.11564714012081
H            0.71968513804308        4.74152002054753       -2.08602014508319
23
 energy: -39.480791395380 gnorm: 0.000310062748 xtb: 6.5.0 (746241f)
C            1.78332975530097        6.36130062721738       -1.03156535647505
C            2.47639251824505        6.49122433734733        0.13000666913596
S            2.53547484652512        5.02271271949099        1.02095649661566
C            1.60022920486765        4.20466266255211       -0.20055413317887
C            1.26590167430909        2.82594628422828       -0.06212811717915
C            1.59804276482863        1.96719590122094        0.95725840397203
C            1.10845416117391        0.66973419218654        0.77390793839273
C            0.39248174648531        0.51475529839881       -0.38807142222710
C           -0.24041055274956       -0.66127766505380       -0.88626687393152
C           -0.98203764657638       -0.81136765690582       -2.03029589036548
C           -1.45701071047097       -2.12293604837006       -2.21246091097014
C           -1.07752418149916       -2.96297083048681       -1.21400899457815
S           -0.12836596815950       -2.16957419747634       -0.02091272410971
S            0.32262132037208        2.01035462980582       -1.27838801196017
C            1.28256648983508        5.06092075819196       -1.22392598580055
H            1.63482963216259        7.16665975135326       -1.72849139010677
H            2.96161813731109        7.36143259375422        0.52468801741145
H            2.17978070937192        2.27690845315536        1.80752359528919
H            1.26851764874362       -0.13790072104365        1.46631957573030
H           -1.17351154357565        0.00117078495466       -2.70859334444216
H           -2.05610661557200       -2.42905013754771       -3.05132486371597
H           -1.29537957840831       -4.00603922618701       -1.09946400360541
H            0.70860618747846        4.75423748921368       -2.08030867390206
23
 energy: -39.480793353647 gnorm: 0.000256075822 xtb: 6.5.0 (746241f)
C            1.78164403143361        6.36355537689328       -1.02833084110562
C            2.47865395479348        6.49065967170562        0.13112245453096
S            2.53979838571234        5.02014583369123        1.01866636461469
C            1.60183229282976        4.20457288583385       -0.20249656072089
C            1.26777021343445        2.82571979989757       -0.06537242466789
C            1.59788277337534        1.96745128261156        0.95511886760248
C            1.10806173935921        0.67020631178599        0.77192296056943
C            0.39389640821692        0.51461864894507       -0.39114857127115
C           -0.23952204406402       -0.66162882078190       -0.88800062756052
C           -0.97854496421476       -0.81423037160832       -2.03331500579834
C           -1.45559931930592       -2.12546003852642       -2.21232624940332
C           -1.08094667497867       -2.96268293169750       -1.20974565505076
S           -0.13272834608961       -2.16736593872628       -0.01724540911608
S            0.32512909741224        2.00997057462167       -1.28224208687826
C            1.28027011011993        5.06354127658146       -1.22230090588904
H            1.63019999273894        7.17086643298366       -1.72229545233323
H            2.96459997750394        7.36003466826845        0.52670032704591
H            2.17782731671632        2.27808049332108        1.80620219666922
H            1.26589728662884       -0.13705000814276        1.46516045011421
H           -1.16638126738701       -0.00379775797652       -2.71505988003371
H           -2.05305654095578       -2.43336557539412       -3.05170198306186
H           -1.30144213344246       -4.00481807179257       -1.09201975429860
H            0.70325771016194        4.75907625750606       -2.07739221395855
