16
 energy: -33.411236185337 gnorm: 3.938099895807 xtb: 6.5.0 (746241f)
C           -0.09690000000000        0.70470000000000       -0.35980000000000
C            0.70750000000000       -0.18230000000000       -0.97700000000000
F            3.74840000000000        3.00520000000000       -0.93360000000000
H            0.42693000000000       -0.98296000000000       -1.62902000000000
S            3.80220000000000        1.08460000000000        1.56200000000000
C            5.37080000000000        1.76650000000000        1.39240000000000
S            1.05330000000000        1.65960000000000        0.48870000000000
C            5.19700000000000        2.55040000000000        0.31080000000000
C            2.02450000000000        0.19340000000000       -0.55930000000000
H           -1.16297000000000        0.79135000000000       -0.38965000000000
H            6.24775000000000        1.61058000000000        1.98531000000000
C            1.97400000000000        1.08020000000000        0.15120000000000
C            3.83310000000000        2.32810000000000       -0.06390000000000
F            2.63120000000000       -0.56110000000000       -1.09280000000000
C            3.35230000000000        1.57010000000000        0.63450000000000
H            5.91302000000000        3.19133000000000       -0.15976000000000
16
 energy: -34.619588949306 gnorm: 0.970296568374 xtb: 6.5.0 (746241f)
C           -0.11026024732380        0.70965766030896       -0.35708177615298
C            0.69864926997470       -0.17798648411888       -0.97424590192744
F            3.73398478361789        3.05357188976279       -1.00150798551857
H            0.42675057458609       -0.98237626712513       -1.62858861353351
S            3.87197234795127        1.00114690455109        1.71307294511563
C            5.37911858897955        1.76236957855799        1.40354993694187
S            0.90472944557499        1.75700816862428        0.54773488840164
C            5.20212146191309        2.54685595502409        0.31902189436915
C            2.01559811353858        0.16535681715929       -0.58266082514310
H           -1.16525087204461        0.79149576034701       -0.38975836392720
H            6.24948968152865        1.61057725765985        1.98683064413049
C            2.07209714200741        1.05101010271496        0.13740641822736
C            3.85839084823820        2.35057716074119       -0.08165587354209
F            2.68456781888051       -0.61494634677486       -1.13017895915415
C            3.28723640789291        1.59458126442443        0.55740712316121
H            5.91293463468456        3.19080057814294       -0.15926555144830
16
 energy: -34.896899595120 gnorm: 0.508594931278 xtb: 6.5.0 (746241f)
C           -0.13258505895167        0.70931616056445       -0.35802360564263
C            0.66127456049575       -0.18537706891580       -0.98101929877846
F            3.72563109624763        3.12226471355268       -1.09989738191036
H            0.41308281194482       -0.98733255371856       -1.63262089113742
S            3.90704395016629        0.96434399428440        1.78350025237479
C            5.39607588478228        1.76396360486495        1.41705096753487
S            0.83006737398446        1.79436476516205        0.58182424228420
C            5.23613171245104        2.55598289411922        0.33729006153495
C            1.98199562249491        0.10102309073754       -0.62722877177242
H           -1.18178531349751        0.79289226423942       -0.38891634710354
H            6.26108222991212        1.60945698861625        1.99805971070236
C            2.05696409204691        1.07761069823273        0.17614843808138
C            3.91783858918787        2.41270313954594       -0.10177777756718
F            2.75061179640476       -0.69456378900599       -1.18750807620735
C            3.27111711904649        1.57864916058909        0.59851828240468
H            5.92758353328382        3.19440193713162       -0.15531980479788
16
 energy: -35.012338462869 gnorm: 0.278324162615 xtb: 6.5.0 (746241f)
C           -0.17943601658731        0.70164331596366       -0.36885889451695
C            0.61942882363867       -0.19151194809556       -0.98924116811689
F            3.69196033294596        3.14822269339909       -1.16800031627898
H            0.38914280124290       -0.99630431058624       -1.64296091286684
S            3.98176932109844        0.94219233988406        1.84244459955210
C            5.43907767905113        1.77206936142071        1.43682393324706
S            0.72939726188706        1.81102643963257        0.58881574825079
C            5.27469671023070        2.56545966687788        0.35785521955210
C            1.94480700128823        0.06433513892391       -0.65869693953644
H           -1.22713703569774        0.79217345733477       -0.39524158540820
H            6.29883382805495        1.61020095141598        2.02186419322662
C            2.03064134533982        1.08315497681149        0.18346784958893
C            3.97028060758715        2.45092307906069       -0.10720759778060
F            2.81804312287842       -0.72614287438714       -1.20860309583186
C            3.28492042789295        1.58090635163392        0.61834683880945
H            5.95570378914866        3.20135136071021       -0.15072787189030
16
 energy: -35.059752260784 gnorm: 0.142390880006 xtb: 6.5.0 (746241f)
C           -0.22582754422209        0.69241120925058       -0.37925618862389
C            0.57867646361171       -0.20147436841714       -0.99897562349005
F            3.65415679341393        3.16279187824098       -1.21304001820490
H            0.34174667649644       -1.00855101818855       -1.65630555949422
S            4.05170947110512        0.92168356805429        1.88289215221837
C            5.48158837579438        1.78295115339467        1.45554385552366
S            0.64277397184258        1.82145563167714        0.59001955762686
C            5.31375225895568        2.57968842064624        0.37528098415376
C            1.91680003165256        0.03678929953216       -0.68265456817927
H           -1.28171711361810        0.78526296909784       -0.40649190932155
H            6.34561293004502        1.61976853470199        2.04864762388713
C            2.01772745724577        1.08596506083098        0.18415757887235
C            4.01195848213697        2.47659165093107       -0.11691099407018
F            2.87466555901297       -0.74183571967527       -1.21037842405259
C            3.29390653429702        1.58210022671047        0.62091607398762
H            6.00459965223004        3.21410150321255       -0.13336454083311
16
 energy: -35.075878330831 gnorm: 0.090195896903 xtb: 6.5.0 (746241f)
C           -0.27060125321763        0.68020632360487       -0.38754888987376
C            0.53606165658878       -0.21555264867748       -1.00694550019776
F            3.64117673270447        3.17402924316466       -1.22751825853951
H            0.26774342339093       -1.01949714568312       -1.66374185007940
S            4.10998792879395        0.90772764378120        1.89614874664932
C            5.52347143166476        1.80021391966334        1.47313896858909
S            0.58563075106345        1.82067719693320        0.58140283787330
C            5.35255162481096        2.59883464683122        0.39182038520199
C            1.88986314228333        0.01503024227438       -0.70000420365781
H           -1.33500108648162        0.76592436296438       -0.42195546309808
H            6.39497104746707        1.65277767667511        2.07353438632398
C            2.01181476550960        1.07981659978303        0.17267778646141
C            4.04955722174979        2.48652763099348       -0.12845021623920
F            2.89007210095808       -0.75457178994093       -1.20688056702611
C            3.30937718437885        1.58053909338026        0.60578328380065
H            6.06545332833524        3.23701700425240       -0.09138144618811
16
 energy: -35.082669802445 gnorm: 0.064808455297 xtb: 6.5.0 (746241f)
C           -0.30641216691907        0.67039687794862       -0.39001507245216
C            0.49746159616042       -0.22882443117037       -1.00989225254956
F            3.64999707625527        3.17489365525067       -1.23027300995841
H            0.18752478235844       -1.02735126170458       -1.66019743580060
S            4.15661833322819        0.89101233089443        1.88822841956952
C            5.55656687965192        1.81986126339516        1.49037265712263
S            0.55590969920322        1.81689927434563        0.56619084968149
C            5.38291968839428        2.61942639440014        0.40907873401930
C            1.86420371299484       -0.00222422467396       -0.71572104470476
H           -1.37557091967671        0.74509008190698       -0.42947615541418
H            6.43203354249916        1.70098185004917        2.09924867668042
C            2.01560003942459        1.06971855460908        0.15074162055916
C            4.08425983958413        2.48409107617783       -0.14107944915737
F            2.87657695493920       -0.76522653383111       -1.20962540552637
C            3.32781219467307        1.57128561730756        0.57571645561477
H            6.11662874722902        3.26966947509474       -0.03321758768390
16
 energy: -35.086237297424 gnorm: 0.043779564133 xtb: 6.5.0 (746241f)
C           -0.33206071461298        0.66308174241120       -0.38855641440835
C            0.46837060888767       -0.23925964774918       -1.00961868531569
F            3.67119796873573        3.16441629545679       -1.22879723278107
H            0.12170685183659       -1.03273978459777       -1.64992925028107
S            4.19214713480716        0.87389761653648        1.87036430128701
C            5.57906198696871        1.83761632311339        1.50568450453169
S            0.54308828025296        1.81318162339934        0.54986917025274
C            5.40288520253828        2.63739562796730        0.42429384399928
C            1.84130838595776       -0.01233936517893       -0.72852277768209
H           -1.40296830204813        0.72664473334578       -0.42895182297254
H            6.45432631633582        1.74757704833213        2.12236831755131
C            2.02577205749188        1.06060167682663        0.12507000307846
C            4.11299019746606        2.47703612714915       -0.14947434528667
F            2.84996476958205       -0.76857019093339       -1.21675493923157
C            3.34417266673547        1.55971077812080        0.54077393183435
H            6.15016658906493        3.30144939580027        0.02226139542419
16
 energy: -35.088045326611 gnorm: 0.024814041897 xtb: 6.5.0 (746241f)
C           -0.34503453089860        0.65935668919657       -0.38667074652941
C            0.45330636034392       -0.24589364488239       -1.00761773672599
F            3.69345571742760        3.15082427287656       -1.22317410904453
H            0.08663543804348       -1.03777757965367       -1.63688064491433
S            4.21387932343810        0.86114140403856        1.85192478597260
C            5.58959709733609        1.84773277984101        1.51464712331062
S            0.54114912129489        1.81145454804069        0.53637075214598
C            5.41118324161589        2.64901764345648        0.43400028736112
C            1.82468036189528       -0.01426691302306       -0.73538002834843
H           -1.41553353835461        0.71610102022194       -0.42464340431448
H            6.46125813669255        1.77573740865990        2.13636776042956
C            2.03834492105927        1.05589838768807        0.10279377068856
C            4.13108651914526        2.47082063471396       -0.15056331082955
F            2.82344599436141       -0.76599017295193       -1.22128177026992
C            3.35408660767211        1.55092090275678        0.51134674708223
H            6.16058922892733        3.32462261902053        0.05884052398593
16
 energy: -35.088708046762 gnorm: 0.015751279029 xtb: 6.5.0 (746241f)
C           -0.34525432597358        0.66077879362246       -0.38535822742595
C            0.44970612794709       -0.24900325084735       -1.00489903673527
F            3.70765694854330        3.14286493814401       -1.21764575482854
H            0.08126443189917       -1.04411407565837       -1.62584217470514
S            4.22124558152198        0.85360366824748        1.83869725376683
C            5.58935499892729        1.84907637597808        1.51635611697082
S            0.54761919757218        1.81227331378753        0.52742825335878
C            5.41020454126547        2.65479393635191        0.43858033524649
C            1.81681382442018       -0.01325510519237       -0.73711971734009
H           -1.41445945396929        0.71969783337012       -0.41758125800730
H            6.45587292619951        1.78163612718210        2.14249696733879
C            2.04880950444898        1.05482949512191        0.08856074027495
C            4.13760836718427        2.46716102659648       -0.14759843602630
F            2.80624508663845       -0.76630028882745       -1.22275605527771
C            3.35791954135559        1.54466811360147        0.49414096463666
H            6.15152270201938        3.34098909852200        0.07262002875295
16
 energy: -35.088945915528 gnorm: 0.012639207735 xtb: 6.5.0 (746241f)
C           -0.34119301444751        0.66446550272894       -0.38387369840130
C            0.44791909425437       -0.25098262175325       -1.00244892509721
F            3.71557806010250        3.14136325479029       -1.21555239511820
H            0.08401301144681       -1.05110891966350       -1.61852489104105
S            4.22290161939371        0.84802546695808        1.82947343050398
C            5.58586821212790        1.84820805278520        1.51620068580589
S            0.55714778405445        1.81401364757654        0.52082621622712
C            5.40764825063411        2.65933051863777        0.44231694862437
C            1.81317625691966       -0.01482539482193       -0.73814087899384
H           -1.40961587441163        0.73099547113250       -0.40863996726431
H            6.44765908726335        1.77963216577665        2.14795428383104
C            2.05581467675031        1.05403598908781        0.07905964981346
C            4.13974291080543        2.46558689555709       -0.14522837341655
F            2.79598410101240       -0.77337705172731       -1.22507134810039
C            3.36072366990498        1.53855020516337        0.48454797347371
H            6.13876215418911        3.35578681777176        0.07718128915324
16
 energy: -35.089099599111 gnorm: 0.009502754104 xtb: 6.5.0 (746241f)
C           -0.33778844884796        0.66829218266974       -0.38184528485853
C            0.44329798474639       -0.25374543171913       -0.99995665930639
F            3.72328418045365        3.14414215491971       -1.21504517405079
H            0.08400259824996       -1.05910015490580       -1.61203035999593
S            4.22536024872835        0.84169737515234        1.81972225519365
C            5.58303938355238        1.84895180205556        1.51740290936566
S            0.56817021032298        1.81603676889675        0.51307054835553
C            5.40665112419363        2.66567239466075        0.44796121436218
C            1.80882844373012       -0.01981575172060       -0.74022069589662
H           -1.40594001733196        0.74458362670793       -0.39791135987905
H            6.43996352284511        1.77816920358464        2.15605528781413
C            2.06200844640957        1.05219613135167        0.06835312223779
C            4.14266504796086        2.46575965273465       -0.14337365626584
F            2.78556260781901       -0.78667600180823       -1.22953109176034
C            3.36554069489756        1.53100311034548        0.47506430734054
H            6.12748397227032        3.37253293707453        0.08236463734396
16
 energy: -35.089225943927 gnorm: 0.006644220836 xtb: 6.5.0 (746241f)
C           -0.33671273042124        0.67163818389427       -0.37966561426922
C            0.43489339871820       -0.25793773112170       -0.99705610022308
F            3.73223011654443        3.15200624052934       -1.21436622038022
H            0.07761290721315       -1.06806053205423       -1.60453274579445
S            4.23062880779980        0.83404066628057        1.80783640268466
C            5.58229622996650        1.85213857612202        1.52062301854511
S            0.58030977165636        1.81829928014728        0.50298669547287
C            5.40776609273108        2.67447319480074        0.45602415235048
C            1.80239833819037       -0.02846397046976       -0.74349863888042
H           -1.40474639231339        0.75823679698630       -0.38702831227205
H            6.43427488579436        1.77937430313845        2.16651834208734
C            2.06843068833324        1.04895642305737        0.05452377626575
C            4.14761771862086        2.46810364121233       -0.14178550702424
F            2.77265161092143       -0.80656218783834       -1.23545240180588
C            3.37312821450835        1.52182711791165        0.46317206389273
H            6.11935034173644        3.39162999740368        0.09178108935056
16
 energy: -35.089318735420 gnorm: 0.006108035035 xtb: 6.5.0 (746241f)
C           -0.33814519805278        0.67409073775471       -0.37836978092160
C            0.42518445670287       -0.26273241332411       -0.99392572166196
F            3.74020348860010        3.16433826352276       -1.21218168242046
H            0.06536753580670       -1.07588280234915       -1.59623227265713
S            4.23785368551235        0.82665255708375        1.79565527034474
C            5.58400032163910        1.85659912936202        1.52467851801088
S            0.59140156330344        1.82043380966389        0.49240429806656
C            5.40995915256167        2.68366745428407        0.46439890916398
C            1.79540038805634       -0.03903157603181       -0.74664769508759
H           -1.40584508296318        0.76876431235190       -0.38018678992891
H            6.43228889048699        1.78298022014240        2.17573278204466
C            2.07444390927801        1.04479042496463        0.04014194070621
C            4.15312032295398        2.47240224535674       -0.14057881085728
F            2.75934945414015       -0.82931364691186       -1.24025059835068
C            3.38170217490505        1.51299011518751        0.45053604107148
H            6.11584493706918        3.40895116894254        0.10490559247703
16
 energy: -35.089376111649 gnorm: 0.006491239968 xtb: 6.5.0 (746241f)
C           -0.34019833164233        0.67574292443863       -0.37871490770715
C            0.41878874921463       -0.26627619594152       -0.99129054399157
F            3.74388360619163        3.17670658415759       -1.20867665674609
H            0.05301514405597       -1.07998655220499       -1.58926122352449
S            4.24390159386904        0.82197319455028        1.78702200837043
C            5.58671175824977        1.85975461026760        1.52718458548770
S            0.59875953669999        1.82188664876476        0.48494804462396
C            5.41107162534183        2.68989875292373        0.46975414164970
C            1.79094493538798       -0.04791750326093       -0.74774192334728
H           -1.40734971825254        0.77435691297948       -0.38018790104204
H            6.43382177367567        1.78650177919078        2.17952516780345
C            2.07860864059071        1.04093716208522        0.03036342942188
C            4.15616331864144        2.47705348125334       -0.13977301778984
F            2.75015217528882       -0.84744992909507       -1.24142160897266
C            3.38783730410271        1.50729721953097        0.44143619810077
H            6.11601788858465        3.41922091036012        0.11691420766318
16
 energy: -35.089417461371 gnorm: 0.006348027868 xtb: 6.5.0 (746241f)
C           -0.34123527365256        0.67765077658219       -0.38034309746883
C            0.41595545495549       -0.26860683877424       -0.98895937802024
F            3.74393141874549        3.18749519159481       -1.20443429667544
H            0.04265094512258       -1.08149613110742       -1.58324258986578
S            4.24824847509259        0.81896730451343        1.78110295554724
C            5.58916525044407        1.86104248632355        1.52767821570703
S            0.60397496186516        1.82302831637988        0.48008433202099
C            5.41031562557626        2.69388897168133        0.47258146496359
C            1.78916433929195       -0.05523339004590       -0.74687312910450
H           -1.40781088901414        0.77813632120868       -0.38479096227841
H            6.43687992583678        1.78886901887237        2.17881231241731
C            2.08160993334836        1.03729560752129        0.02461153105793
C            4.15643444642077        2.48140671029812       -0.13907498793352
F            2.74434588495550       -0.86152395902211       -1.23954222273940
C            3.39160269049529        1.50372560786883        0.43538360350861
H            6.11689681051639        3.42505400610517        0.12708624886336
16
 energy: -35.089450022883 gnorm: 0.005931777122 xtb: 6.5.0 (746241f)
C           -0.34043255263456        0.68048694432178       -0.38249485008116
C            0.41541518388556       -0.27026596416353       -0.98663386932634
F            3.74213671971720        3.19600205286194       -1.20010128387811
H            0.03477326237709       -1.08218577331990       -1.57742436720885
S            4.25136016925501        0.81586130593490        1.77612940950966
C            5.59057200213789        1.86084350423630        1.52662794534939
S            0.60889772194864        1.82458767209345        0.47618958067586
C            5.40786200869074        2.69720588131005        0.47438435251812
C            1.78917022026049       -0.06175106565706       -0.74495912367063
H           -1.40652924814368        0.78289014039570       -0.39060268306486
H            6.43949012754263        1.78988529389510        2.17592648932783
C            2.08435225261206        1.03371407997790        0.02081271781766
C            4.15479571566672        2.48521361558579       -0.13824902061150
F            2.74009190821948       -0.87347597454546       -1.23607666100197
C            3.39404208066263        1.50068033779217        0.43073339349540
H            6.11613242780205        3.43000794928086        0.13581797014943
16
 energy: -35.089482489347 gnorm: 0.005697126626 xtb: 6.5.0 (746241f)
C           -0.33772059117679        0.68478449850972       -0.38480304770208
C            0.41533638352028       -0.27212549609530       -0.98368511134684
F            3.73987367681133        3.20400370353338       -1.19529487603019
H            0.02766834766804       -1.08370076735998       -1.57021464032028
S            4.25468348845164        0.81071363279591        1.76969629004693
C            5.59098549394387        1.85988183281294        1.52472746501460
S            0.61551060196000        1.82766186117530        0.47081811736586
C            5.40410678871203        2.70164252676551        0.47691928859205
C            1.78972856785999       -0.06931378573748       -0.74271509762556
H           -1.40335608541443        0.79067053482450       -0.39574049907577
H            6.44082513895852        1.78986735917637        2.17272111613078
C            2.08788932611849        1.02961226907898        0.01612282465094
C            4.15228094689429        2.48923433348392       -0.13700573416676
F            2.73501370531257       -0.88723786201336       -1.23178853603340
C            3.39681879616987        1.49649142547630        0.42508025259028
H            6.11248541421028        3.43751393357328        0.14524218790938
16
 energy: -35.089521142718 gnorm: 0.005722498655 xtb: 6.5.0 (746241f)
C           -0.33301606139846        0.69108483320603       -0.38730339878102
C            0.41449856766071       -0.27480312415933       -0.97949098227225
F            3.73738214716453        3.21341619641156       -1.18914879302871
H            0.01978034678282       -1.08720948140331       -1.56001139609390
S            4.25961476649970        0.80173638429303        1.75983768699979
C            5.59062091821243        1.85847412108410        1.52226017508846
S            0.62519760295254        1.83364285555586        0.46169727937920
C            5.39920182023864        2.70838360849550        0.48141075913237
C            1.79011461432365       -0.07946448632955       -0.74043491492513
H           -1.39811720378086        0.80282210266948       -0.39960018226106
H            6.44066557211066        1.78885300669528        2.17001967862217
C            2.09294688271537        1.02447097732285        0.00841073916694
C            4.14940845090753        2.49423749228274       -0.13511072977665
F            2.72754968215082       -0.90606180501840       -1.22638894814822
C            3.40125078159806        1.49002290288183        0.41656194089697
H            6.10503111186183        3.45009441601230        0.15737108600098
16
 energy: -35.089564969849 gnorm: 0.005812195900 xtb: 6.5.0 (746241f)
C           -0.32705351313879        0.69884148017397       -0.38981800379877
C            0.41216567826140       -0.27824798034063       -0.97415114553111
F            3.73457436438858        3.22446446821617       -1.18154213709350
H            0.01128839454828       -1.09311082096966       -1.54691133389772
S            4.26667843992180        0.78861763214745        1.74642325278267
C            5.58980890814020        1.85693457457349        1.51973568093877
S            0.63735162196793        1.84318036776371        0.44807548275826
C            5.39404636451048        2.71700877268422        0.48801883842333
C            1.78981241230031       -0.09156434518035       -0.73863589479187
H           -1.39158112495236        0.81814653402605       -0.40147082958419
H            6.43909930393962        1.78683773653484        2.16864579486749
C            2.09919820243194        1.01878741623866       -0.00274106976210
C            4.14693191196499        2.49994371063656       -0.13268783210350
F            2.71799435037868       -0.92928765644045       -1.21984664479345
C            3.40768540434705        1.48159625592931        0.40508857410657
H            6.09412928098986        3.46755185400663        0.17189726747905
16
 energy: -35.089608207803 gnorm: 0.005804404694 xtb: 6.5.0 (746241f)
C           -0.32160811661874        0.70623011196208       -0.39206733730888
C            0.40860403354514       -0.28168827594250       -0.96860091376902
F            3.73118310685439        3.23578776247949       -1.17332110287474
H            0.00377863178536       -1.10042388698226       -1.53306782737991
S            4.27488745120671        0.77367566679755        1.73178183711207
C            5.58910380487182        1.85553441106640        1.51779456227047
S            0.64919528073790        1.85497180416169        0.43189818011212
C            5.39005781549611        2.72526428505267        0.49534994496324
C            1.78875746741938       -0.10266173209516       -0.73775839674001
H           -1.38564155059917        0.83251402246708       -0.40146605608952
H            6.43697170521295        1.78408663535982        2.16878288051487
C            2.10521833681123        1.01395165662659       -0.01525487919383
C            4.14554587824230        2.50509667412587       -0.13032163072149
F            2.70876029670189       -0.95184200442416       -1.21267816183102
C            3.41495478724847        1.47336112065651        0.39287009971860
H            6.08236107108421        3.48584174868832        0.18613880121698
16
 energy: -35.089729324056 gnorm: 0.002508455500 xtb: 6.5.0 (746241f)
C           -0.32394693646162        0.70688839242073       -0.39553242071877
C            0.40726301544257       -0.28315015519696       -0.96595221589150
F            3.72328138494555        3.24029963695887       -1.16640745985777
H            0.00444509577841       -1.10513698563214       -1.52726551294043
S            4.28653307018512        0.75822087293529        1.71789962842458
C            5.59175169997515        1.85401946353099        1.51686743010000
S            0.64855680326563        1.86719477943922        0.41153122188196
C            5.39052004704928        2.72554704495019        0.49675926132928
C            1.78743677787917       -0.10150791628493       -0.73444136588925
H           -1.38802252876184        0.83191100566568       -0.40557285095838
H            6.43998572681117        1.78270214378113        2.16739201964439
C            2.10401106862074        1.01380521708654       -0.01056869307729
C            4.14526191098993        2.50521810032531       -0.12831806383023
F            2.71108382564206       -0.95184825373037       -1.20261535721473
C            3.41405597287124        1.47623790587799        0.39693197780338
H            6.07991306576738        3.48929874787246        0.18937240119468
16
 energy: -35.089819109916 gnorm: 0.002052074825 xtb: 6.5.0 (746241f)
C           -0.32442083653236        0.71225067882879       -0.40753476073873
C            0.40667485325582       -0.28683846023470       -0.96179775203718
F            3.70836385427652        3.25664561091952       -1.15045236269271
H            0.00581831387876       -1.11555199404191       -1.51480690363779
S            4.29589938445547        0.74413754951229        1.70295718805645
C            5.59793179914618        1.84571501419785        1.50823449533527
S            0.64919534821043        1.87904554386974        0.39075458186686
C            5.38978699398581        2.72809121075799        0.49910060445913
C            1.78625969039137       -0.10475516172286       -0.72641451778072
H           -1.38828082049622        0.83793124406159       -0.42054163382558
H            6.44791239203387        1.77136309298163        2.15617501516211
C            2.10336003441415        1.01396265866517       -0.00870790810174
C            4.14210727582405        2.51103554644300       -0.12311804976717
F            2.71382751400558       -0.96119155825626       -1.17910521870586
C            3.41332629626649        1.47962544804770        0.39825535495386
H            6.07436790688405        3.49823357597043        0.19708186745373
16
 energy: -35.089944548911 gnorm: 0.004493425925 xtb: 6.5.0 (746241f)
C           -0.32340483229149        0.71973465853677       -0.42359974681710
C            0.40653009177895       -0.29313677477531       -0.95483424202264
F            3.68867176643059        3.28411755447595       -1.12631729854308
H            0.00745452357928       -1.13060882228513       -1.49616168571100
S            4.30655070951679        0.72522768198014        1.68059294565195
C            5.60517932022895        1.83353416341747        1.49529463637656
S            0.65169520821703        1.89557508475678        0.36191860470439
C            5.38758221475803        2.73331955563318        0.50342458981392
C            1.78494942775898       -0.11279091792779       -0.71294803476702
H           -1.38671392364967        0.84856579659296       -0.44256488320374
H            6.45851878611730        1.75207019390017        2.13807376874939
C            2.10323122371553        1.01509237960480       -0.01038409256714
C            4.13593064474378        2.52348643606343       -0.11388620811175
F            2.71631061752266       -0.97893598147831       -1.14387350087863
C            3.41271053903179        1.48332522976383        0.39624865067051
H            6.06693368254147        3.51112376174105        0.20909649665529
16
 energy: -35.090145262442 gnorm: 0.007477374132 xtb: 6.5.0 (746241f)
C           -0.32084440694378        0.73000452153425       -0.44541280481727
C            0.40632531602840       -0.30319932129422       -0.94314579780022
F            3.66325798438233        3.32602076142845       -1.09092055561081
H            0.00844340997537       -1.15262262872092       -1.46715542128459
S            4.32063695381263        0.69818075063924        1.64625107974745
C            5.61423525131849        1.81631480170067        1.47669492484536
S            0.65685163989984        1.91926179092542        0.31960607372677
C            5.38342306313803        2.74240625923525        0.51115637243849
C            1.78309855529311       -0.12643875689426       -0.69281838296244
H           -1.38318844398972        0.86482390979614       -0.47384530375141
H            6.47263715402947        1.72306123588243        2.11142451463596
C            2.10399322520402        1.01771150124948       -0.01701521551915
C            4.12663601325200        2.54374568896071       -0.09976447504819
F            2.71763294438890       -1.00724850710221       -1.09337459957116
C            3.41275509525273        1.48706344995421        0.38950168847844
H            6.05623624495813        3.53061454270535        0.22889790249269
16
 energy: -35.090436171967 gnorm: 0.012575891898 xtb: 6.5.0 (746241f)
C           -0.31619156154694        0.74461335751750       -0.47737007355497
C            0.40587252959640       -0.31860282160354       -0.92433014639642
F            3.62764629039093        3.38938274721634       -1.03656987707016
H            0.00842921982431       -1.18492794045048       -1.42204585197862
S            4.34161305433846        0.65830083665116        1.59290636849727
C            5.62700133946173        1.79155602072131        1.44868874104850
S            0.66578442894552        1.95366393247534        0.25536756068294
C            5.37632474190957        2.75702240669561        0.52398629087782
C            1.78015586903777       -0.14818341218271       -0.66153397158236
H           -1.37682845742403        0.88981116113362       -0.52180523215679
H            6.49357215833687        1.67959553664717        2.07008806656756
C            2.10599475888744        1.02206432544288       -0.02968585828948
C            4.11231464266516        2.57515456713925       -0.07741542208666
F            2.71693249308010       -1.05108938168384       -1.01775841459598
C            3.41367119138410        1.49092840374659        0.37675183839071
H            6.03983730111259        3.56041026053382        0.26080598164657
16
 energy: -35.090648601570 gnorm: 0.021480493578 xtb: 6.5.0 (746241f)
C           -0.30917724037866        0.76258832202676       -0.52012048586644
C            0.40509205128164       -0.33753573403315       -0.89942294203172
F            3.58153355760524        3.47005723346936       -0.96166258581293
H            0.00699220012174       -1.22460328326818       -1.36196726541992
S            4.36981287947635        0.60903195029717        1.52201818039648
C            5.64391358540341        1.76130525020151        1.41071571901327
S            0.67871093614589        1.99469256472638        0.17144728554929
C            5.36633512022284        2.77585516620750        0.54138141986046
C            1.77566489747777       -0.17662242096607       -0.61833720936144
H           -1.36690182678153        0.92337698669896       -0.59001295533754
H            6.52287111614680        1.62398914739901        2.01125072886800
C            2.10945196315858        1.02678485212550       -0.04649845119174
C            4.09274154154820        2.61521868260809       -0.04571415256753
F            2.71270026206515       -1.10785249439650       -0.91682244716517
C            3.41534549732944        1.49417358921832        0.35933076054376
H            6.01704345917714        3.59924018768538        0.30449440052309
16
 energy: -35.090997720763 gnorm: 0.015789683127 xtb: 6.5.0 (746241f)
C           -0.30672086116265        0.76262127548204       -0.52573218345703
C            0.40532734305813       -0.33756023352207       -0.89701807139221
F            3.57709839986624        3.47465060474593       -0.94876721683916
H            0.00591654261940       -1.22420512881217       -1.35601566251902
S            4.37221537431511        0.60971260697182        1.51480620570521
C            5.64565617342795        1.76105886909786        1.40458949105393
S            0.68152536369657        1.99239894542431        0.16512631420069
C            5.36424754762699        2.77706569913796        0.54348309237516
C            1.77447791130265       -0.17970727149415       -0.60991008647375
H           -1.36302163018170        0.92795429253492       -0.60526896476385
H            6.52866207845857        1.61932405373064        1.99741045639560
C            2.11063911346615        1.02608998147406       -0.04803417336409
C            4.08875456073697        2.61855032950199       -0.03828027933728
F            2.70832721872560       -1.11211777907583       -0.90333470232321
C            3.41555813664110        1.49241093700905        0.35709685123903
H            6.01346672740295        3.60145281779366        0.30992892949989
16
 energy: -35.091755049106 gnorm: 0.009503879967 xtb: 6.5.0 (746241f)
C           -0.29691894668744        0.77234641417064       -0.56043523321722
C            0.40558371835398       -0.34678002464722       -0.87622230479486
F            3.54594039668903        3.51796749781838       -0.87841434096218
H           -0.00077272707848       -1.24240773824634       -1.30746722767810
S            4.40356570949603        0.57613552731178        1.45547336177879
C            5.65891107665961        1.74781361088113        1.37227812267693
S            0.69397239462513        2.01505258165910        0.09682477122014
C            5.35115200583186        2.79055215446682        0.55907010955381
C            1.77055668409637       -0.19563646676165       -0.57204216751303
H           -1.34764920666638        0.95250406909175       -0.67473162159990
H            6.55622679097097        1.58968991809915        1.93683083366012
C            2.11473400459308        1.02669015763976       -0.05689111256226
C            4.07041963185943        2.63777679316336       -0.00636899434517
F            2.68981794657964       -1.14724845169176       -0.82405548552225
C            3.41791458129874        1.48572395535671        0.34744018215112
H            5.98867593937845        3.62952000168843        0.34879110715397
16
 energy: -35.092495176826 gnorm: 0.013557301740 xtb: 6.5.0 (746241f)
C           -0.28409778913719        0.79122482999012       -0.61764539976392
C            0.40348175841871       -0.36186705405090       -0.84674958707834
F            3.49325318902662        3.59845031492768       -0.76689699153430
H           -0.01550486024090       -1.27512033086218       -1.23062433198787
S            4.45533688702070        0.51950570291109        1.35932141264005
C            5.68312037712068        1.72280486049564        1.32275606597629
S            0.71389035897965        2.05506677698575       -0.01617263141920
C            5.33481671654163        2.81081026175386        0.58203773247137
C            1.76471784454644       -0.22133674715553       -0.51930799353127
H           -1.32736243786205        0.98613294351319       -0.77153836800829
H            6.59687677699500        1.54610026704514        1.85380025181996
C            2.12162305066740        1.02864212082492       -0.07412953952073
C            4.04512916936612        2.66879794658887        0.03744958358228
F            2.66078954116427       -1.21319736282133       -0.69542575323680
C            3.42337381479422        1.47797702464137        0.33111640174496
H            5.95268560259874        3.67570844521240        0.41208914784572
16
 energy: -35.093057053424 gnorm: 0.011745077642 xtb: 6.5.0 (746241f)
C           -0.27438883987694        0.80074803261039       -0.65604760248729
C            0.39948575747761       -0.36594483560178       -0.83071292517797
F            3.46403556494426        3.63734482855711       -0.68326241815309
H           -0.03862218783629       -1.28428337174469       -1.18109798598708
S            4.50251955297902        0.48600841773543        1.29001295357190
C            5.70182328823396        1.71587744441239        1.29278321915907
S            0.72987385102663        2.07507027045783       -0.09920798170101
C            5.32436299591372        2.82042795534686        0.59706647302694
C            1.76138498002608       -0.22726450891908       -0.49532412445953
H           -1.31065106647534        0.99335564080438       -0.83027922752416
H            6.62304395758075        1.54260333266365        1.80397475781345
C            2.12761093358826        1.02770594043917       -0.08357744543104
C            4.03201515005308        2.67197562864138        0.06220084749745
F            2.62222143755587       -1.25356641709384       -0.61321019244797
C            3.42966953387742        1.46845420358529        0.32662654136148
H            5.92774509093197        3.70118743810563        0.46013511093876
16
 energy: -35.093347160523 gnorm: 0.018599903830 xtb: 6.5.0 (746241f)
C           -0.26404210041341        0.81084835068877       -0.69636383651699
C            0.39462137698017       -0.37899859941991       -0.80775420962076
F            3.42477758234260        3.69319836372787       -0.59841757229666
H           -0.05482388870884       -1.30223626078967       -1.12819327335961
S            4.53600761131465        0.45719766576763        1.21657054135775
C            5.71919117653507        1.70182200973384        1.25732482064019
S            0.75281654375256        2.09266141975342       -0.18016215395636
C            5.31405573744037        2.83717680282266        0.61625697007425
C            1.75482069294771       -0.25084723036675       -0.45617264149816
H           -1.29548718107061        1.01910907342965       -0.90669204826230
H            6.65755014099328        1.50945563393447        1.74044566383822
C            2.13497015066999        1.02322748708248       -0.09744525175045
C            4.01315457852632        2.69934585132541        0.09521017111611
F            2.59534749474182       -1.30089238816291       -0.51745854288108
C            3.43414409585568        1.46865177948986        0.31353673074030
H            5.90502598809271        3.72998004098329        0.50939463237545
16
 energy: -35.093711859412 gnorm: 0.015641205338 xtb: 6.5.0 (746241f)
C           -0.25841986064306        0.80951674345983       -0.70521786345135
C            0.38858174196884       -0.38126110116884       -0.80292138822343
F            3.41264121407349        3.70176719702042       -0.56831992505704
H           -0.06862778828973       -1.29756351504454       -1.11623776052167
S            4.53983647447056        0.46605761483479        1.18863713984429
C            5.72240049904017        1.70437153919902        1.24812195453262
S            0.77400589307681        2.07981809127877       -0.20037204932198
C            5.31450889515032        2.84149957848023        0.62302162508222
C            1.74964707715639       -0.26287141149148       -0.44693933700632
H           -1.28893236786567        1.02604178333541       -0.93064103396835
H            6.66869020524019        1.50505395532920        1.72244072418777
C            2.14112528506234        1.01290254499994       -0.10451899390440
C            4.00896676620474        2.71012844971285        0.10361840846773
F            2.57796440098766       -1.31192981851108       -0.48690976296024
C            3.43767716790054        1.47388075566300        0.30602476995552
H            5.90206439646649        3.73228759290261        0.53029349234452
16
 energy: -35.094174780719 gnorm: 0.009347119542 xtb: 6.5.0 (746241f)
C           -0.24649090497142        0.82152243792733       -0.73437404104505
C            0.38588687536348       -0.37875809439426       -0.79607681766270
F            3.38188479973396        3.73217981913549       -0.50454780278895
H           -0.08100668906145       -1.30833643789208       -1.07298230466445
S            4.56418919374551        0.43860418755481        1.12630879169630
C            5.73050824788007        1.69348281889079        1.22096056796563
S            0.79905800646357        2.09474152623486       -0.26072229699582
C            5.30949597538412        2.84417069292703        0.63197480304352
C            1.74365389466231       -0.27091030232744       -0.43061573992592
H           -1.27214322150979        1.03507662478735       -0.96093442220560
H            6.67403474197234        1.50106664458075        1.69132331228421
C            2.14773107865194        1.00853147084758       -0.11852343793181
C            4.00257345106251        2.71606738051345        0.11875811921458
F            2.55808918500186       -1.34007081842192       -0.41348721622247
C            3.44387794872086        1.46740546060738        0.29033432291764
H            5.88078741690024        3.75492658902901        0.57268416232081
16
 energy: -35.094450622193 gnorm: 0.018559941389 xtb: 6.5.0 (746241f)
C           -0.23257853192901        0.83551030128711       -0.77459618187924
C            0.38442979184482       -0.38340140572940       -0.77378979431555
F            3.34100866168491        3.74838000332040       -0.42754390845204
H           -0.08765123012271       -1.32096138533640       -1.01679614949741
S            4.59948413993216        0.40268112718042        1.04709629893159
C            5.74356858188884        1.67835746607342        1.18376684015897
S            0.82588860150114        2.11929105902955       -0.34601687437902
C            5.29468467555638        2.85384416314838        0.65138407187017
C            1.73634870591000       -0.27623301718743       -0.40262820420141
H           -1.25183048019646        1.04897415842105       -1.01247065863249
H            6.69058425294181        1.48825035514516        1.64039888793792
C            2.15224365917213        1.00413344913283       -0.12611148563104
C            3.99067725759253        2.71929693366863        0.14281225908441
F            2.54001441964343       -1.34869995231729       -0.32855921727613
C            3.44724945080043        1.46234634483894        0.28010851655417
H            5.84800804377970        3.77793039932481        0.62302559972700
16
 energy: -35.094757885764 gnorm: 0.010393298122 xtb: 6.5.0 (746241f)
C           -0.23068888999641        0.83332497281896       -0.78286995265729
C            0.38375771832324       -0.38126861642768       -0.77288339677401
F            3.32354829870471        3.75185462604884       -0.40277184500979
H           -0.08614491036673       -1.31778081216920       -1.01119406341633
S            4.60488903325464        0.40237004578735        1.02911207964028
C            5.74632465328590        1.67766665480937        1.17493512350599
S            0.83064797232393        2.11670706750318       -0.36174708926784
C            5.29419931899847        2.85135928328759        0.65376926840463
C            1.73359748858437       -0.27328817923755       -0.39614495163682
H           -1.24909753962085        1.04867682640091       -1.02641964245793
H            6.69677457747324        1.48461140747161        1.62630837792629
C            2.15242876507775        1.00752639463660       -0.13048056620534
C            3.98872397633202        2.71920665266476        0.14896364654735
F            2.54033469525510       -1.34653690790224       -0.29414038483811
C            3.44827345779201        1.46252172679296        0.27616417615581
H            5.84456138457870        3.77274885751470        0.62947922008301
16
 energy: -35.095093316128 gnorm: 0.008110120739 xtb: 6.5.0 (746241f)
C           -0.22428050335183        0.83434833502953       -0.81435440363145
C            0.37732369302120       -0.38552326580167       -0.75905277660934
F            3.29017503617326        3.76742664937979       -0.33702996594326
H           -0.09737392923379       -1.32637137619011       -0.97286185726214
S            4.62529669445338        0.39531642808436        0.97409589198082
C            5.76032460116200        1.66943046629298        1.14450714403941
S            0.84771464940354        2.11555901718546       -0.41768847202107
C            5.29203729959062        2.85385538784322        0.66626923994424
C            1.72443241462966       -0.27985270971734       -0.36693000086667
H           -1.23875215606204        1.05929267434578       -1.08004976254487
H            6.71873855296669        1.46874290740182        1.58046061224706
C            2.15634740426325        1.01033393563096       -0.14305478200139
C            3.97885934475316        2.73084980285705        0.17460493939289
F            2.52694475416062       -1.34861994860146       -0.21990138399840
C            3.45407263161674        1.46004514313819        0.26256022725815
H            5.83026951245364        3.78486655312162        0.66850535001591
16
 energy: -35.095346050289 gnorm: 0.009704856486 xtb: 6.5.0 (746241f)
C           -0.21577654658535        0.83375140872755       -0.84606707239809
C            0.37280932271467       -0.38701285917179       -0.74334843402210
F            3.26257029977527        3.76515738164477       -0.27487761875401
H           -0.10606579313855       -1.33058611132896       -0.93249948583002
S            4.64963674750635        0.38060849123539        0.91228503322582
C            5.77073174415756        1.66453403065411        1.11431554635166
S            0.86320095916874        2.12138123295463       -0.48374937112391
C            5.28325133799576        2.86090442495991        0.68586400177575
C            1.71559242242683       -0.27593206227256       -0.34107953066516
H           -1.22503460264965        1.05975455489617       -1.12461751125687
H            6.73772234510835        1.45589706377250        1.53149792227478
C            2.15803156425983        1.01495065474194       -0.15235110005940
C            3.96925543649703        2.73501586298588        0.20170482767274
F            2.51456998136309       -1.33712993893931       -0.14636109413029
C            3.45760950455060        1.45668242466286        0.25188353470184
H            5.81402527684957        3.79172344047708        0.70748035223715
16
 energy: -35.095225615598 gnorm: 0.021322752515 xtb: 6.5.0 (746241f)
C           -0.19793217822343        0.83738374256948       -0.90203469974782
C            0.36599089237360       -0.39562743434682       -0.70968796181106
F            3.20356481730644        3.80005393067117       -0.14684344332524
H           -0.12593730384949       -1.33695271468788       -0.86127885017784
S            4.69313531959887        0.35520014280380        0.80654341957852
C            5.79105699944531        1.65363921292309        1.05981016502171
S            0.89547978731796        2.13318578503543       -0.59933627831747
C            5.27208904120703        2.86738885521059        0.71005208695321
C            1.70310203208850       -0.28198035955689       -0.29280556113202
H           -1.19811249344358        1.07237924170967       -1.21555745322591
H            6.76811677708250        1.44000667636795        1.45025127282678
C            2.16496956771923        1.01415589356425       -0.16857640565162
C            3.95372350382544        2.74043087248904        0.24151232891903
F            2.48127931803074       -1.34637483837164       -0.01861283597171
C            3.46598324108479        1.44825188064935        0.23079730714961
H            5.78562067843623        3.80855911296962        0.77584690891172
16
 energy: -35.095379783043 gnorm: 0.017979753784 xtb: 6.5.0 (746241f)
C           -0.20086481294221        0.83392423514057       -0.88957649487241
C            0.36869221967770       -0.39349509219191       -0.71321256520449
F            3.22586726587853        3.78356151695982       -0.17995392363498
H           -0.12323385525609       -1.33056277536345       -0.87706086672281
S            4.67697192918064        0.37242065536257        0.84055932202340
C            5.78672410452806        1.65669943120945        1.06935618357709
S            0.88343758356700        2.12020117983765       -0.56075400042604
C            5.27798856785707        2.85813337969995        0.69955513196670
C            1.70750627481100       -0.27418294091127       -0.30447187311453
H           -1.20283486433627        1.06330933069703       -1.19422848426997
H            6.75309970063972        1.45513608060115        1.47380556365184
C            2.16195194878495        1.01425294829768       -0.16099263299530
C            3.96114357024871        2.72804868287769        0.22768218963421
F            2.48635936655610       -1.32827773967546       -0.06774098745015
C            3.46286973530294        1.44984036202497        0.23672320158236
H            5.79645126550229        3.80069074543375        0.76039023625499
16
 energy: -35.094681640652 gnorm: 0.036271193634 xtb: 6.5.0 (746241f)
C           -0.20257628898555        0.83196108351079       -0.88667270779086
C            0.37081423406735       -0.37952065865184       -0.73657794525211
F            3.25447065256312        3.78332523856913       -0.20512847431687
H           -0.12648071670440       -1.33108558095758       -0.88162220158826
S            4.67007603285469        0.37336937773577        0.84128694930274
C            5.78408749597504        1.65622406125754        1.07417742043552
S            0.87796571503254        2.10972991642235       -0.54130786850551
C            5.27548246704866        2.86826967902050        0.70554544152768
C            1.71095260854466       -0.27218037943382       -0.31519171072104
H           -1.20621087472662        1.04791193238225       -1.17972058079835
H            6.75988934062786        1.43745033469912        1.46720398559833
C            2.16087811479328        1.01985696035481       -0.16936717143189
C            3.95301517541338        2.75248235424148        0.23626126374103
F            2.48243120180688       -1.35909016936017       -0.05056165230595
C            3.45435527892372        1.46907468782097        0.24187413925199
H            5.80297956276551        3.80192116238890        0.75988111285344
16
 energy: -35.095642828914 gnorm: 0.009384853812 xtb: 6.5.0 (746241f)
C           -0.20027143664604        0.82919278705342       -0.88733658908916
C            0.36894472776193       -0.39031431894160       -0.71979571256802
F            3.23390975320446        3.79950490033438       -0.17626145294306
H           -0.12589427290943       -1.33113918506279       -0.87557041339649
S            4.67334208157547        0.37231833773401        0.83510556623145
C            5.78324601486247        1.65988199086174        1.07252873222279
S            0.88531154616350        2.12553603451734       -0.57275898311725
C            5.27709861183426        2.86322668924447        0.70468979598675
C            1.70791098162130       -0.27923442327587       -0.30305723112067
H           -1.20227556210547        1.05296725563435       -1.19112577747874
H            6.76016000027290        1.44145968513729        1.46260132374189
C            2.16275762784171        1.01440746321309       -0.16734581035327
C            3.95480718720688        2.74586843784580        0.23808254423572
F            2.48050499202206       -1.34771054381210       -0.05531786956624
C            3.45950780214575        1.45963886060539        0.23658896177622
H            5.80306994514837        3.79409602891127        0.75905291543797
16
 energy: -35.095528302309 gnorm: 0.018960789380 xtb: 6.5.0 (746241f)
C           -0.19372796564377        0.83726056825152       -0.91731658115001
C            0.36602622506481       -0.39371785340495       -0.70072571273022
F            3.21355815987032        3.79910519728181       -0.13208606603324
H           -0.13217445000730       -1.33161117861743       -0.84335172461245
S            4.69451730913516        0.35887701607157        0.79006573653717
C            5.79590295979228        1.65030169513346        1.04313225223739
S            0.89630618516322        2.11516201007528       -0.59722194196690
C            5.27100920599776        2.86593469558255        0.71355742382720
C            1.70260572530032       -0.27652468044854       -0.28372417702473
H           -1.19218298834855        1.06701657786786       -1.23932515329086
H            6.76707038324602        1.44497353383285        1.43344953913900
C            2.16468682926982        1.01387693698072       -0.16997451266918
C            3.95293998462842        2.73677814588262        0.24733015328894
F            2.46821406882986       -1.34277421999172       -0.00537721350019
C            3.46362333359549        1.45347588990968        0.22836528969040
H            5.78375503410627        3.81156566559293        0.79328268825756
16
 energy: -35.095780312443 gnorm: 0.007145944865 xtb: 6.5.0 (746241f)
C           -0.19158365829844        0.83300689973552       -0.91635688829179
C            0.36582330216788       -0.39173851954909       -0.70491723320943
F            3.21545308099554        3.80250321368544       -0.12657512744277
H           -0.13519274966708       -1.33056500153635       -0.84239178128062
S            4.69003798138500        0.36372710226888        0.79482269703194
C            5.79508994473175        1.65290912641398        1.04357780700516
S            0.89883647555051        2.11764413704479       -0.61047476763445
C            5.27167933876600        2.86521697056917        0.71656177409740
C            1.70031090332047       -0.27690985994870       -0.28186300526734
H           -1.18870405773265        1.05788663559642       -1.23771180103075
H            6.77392052480208        1.44264008257075        1.42168119937755
C            2.16380282779696        1.01436086820250       -0.17224465489085
C            3.94919135529934        2.74173343978064        0.25840688477024
F            2.46542906223531       -1.34482083810505       -0.00462004184131
C            3.46069561544828        1.45694119483017        0.23162617201480
H            5.78734005319918        3.80516454844114        0.79055876659210
16
 energy: -35.095824345277 gnorm: 0.002256837050 xtb: 6.5.0 (746241f)
C           -0.19001499388492        0.83056836048201       -0.92105010310074
C            0.36498597653572       -0.39036352713163       -0.70353263989833
F            3.21510745125457        3.80584956472470       -0.11845320996259
H           -0.13721227910554       -1.33039364958004       -0.83510828588944
S            4.68888833948215        0.36504039914647        0.79056963190231
C            5.79520634512888        1.65324039868000        1.04056860556755
S            0.89944556763504        2.11946063739640       -0.61586340492809
C            5.27186620047346        2.86494203546999        0.71844102101237
C            1.69987293167595       -0.27674722490325       -0.27877546660101
H           -1.18602606831337        1.05234141813176       -1.24590071199235
H            6.77687219198161        1.43874615752892        1.41289271206031
C            2.16386570395888        1.01464554461887       -0.17341973533418
C            3.94715672068267        2.74541141999643        0.26307797813450
F            2.46417859423691       -1.34534273654542        0.00031112696101
C            3.45985341734483        1.45946429769754        0.23205098474864
H            5.78808390091328        3.80283690428746        0.79427149731993
16
 energy: -35.095836520634 gnorm: 0.001350814345 xtb: 6.5.0 (746241f)
C           -0.18996809601521        0.82965191898822       -0.92418595348370
C            0.36467414003612       -0.39004112991565       -0.70210458922770
F            3.21387973644253        3.80810771133470       -0.11124737617835
H           -0.13712521862675       -1.33095242279311       -0.83041969049681
S            4.68945476060877        0.36474361484636        0.78472372223537
C            5.79598297801359        1.65259137493952        1.03714397639342
S            0.90067287698343        2.12011800402371       -0.62204557680680
C            5.27176392902956        2.86490846981791        0.71962630495072
C            1.69965969671591       -0.27626025638325       -0.27541474710009
H           -1.18535359801670        1.05031644995620       -1.25201225302484
H            6.77786879997002        1.43577205828743        1.40750531328357
C            2.16400729525217        1.01487735442124       -0.17363257880481
C            3.94613722284568        2.74720399595468        0.26519948350946
F            2.46295309481354       -1.34489016371021        0.00659881447189
C            3.45978419079737        1.46074818439280        0.23184884311151
H            5.78773819115011        3.80280483583967        0.79849630716705
16
 energy: -35.095849137172 gnorm: 0.001953126249 xtb: 6.5.0 (746241f)
C           -0.18961725202385        0.82829811924465       -0.93165276531038
C            0.36392432997126       -0.39007112601864       -0.69850855819934
F            3.21062265529321        3.81223683267862       -0.09574101843434
H           -0.13702113214023       -1.33238127030218       -0.81973884852853
S            4.69228625152347        0.36347402778875        0.77054335097308
C            5.79811940429145        1.65104367580058        1.03006007453999
S            0.90327974789288        2.12045424719814       -0.63471615336193
C            5.27121051101142        2.86501266883621        0.72255327607064
C            1.69900658062145       -0.27506739730763       -0.26959042230049
H           -1.18396494600239        1.04810407827258       -1.26394876668769
H            6.77970756055830        1.43087963683204        1.39761020707988
C            2.16474717646403        1.01537311958511       -0.17569205964040
C            3.94444356399981        2.74961519994827        0.26955375056753
F            2.45901856533037       -1.34346121250765        0.02158855332986
C            3.46031437814614        1.46245534206176        0.22970463482758
H            5.78605260506281        3.80373405788960        0.80805474507443
16
 energy: -35.095857009750 gnorm: 0.001536722341 xtb: 6.5.0 (746241f)
C           -0.18874618165698        0.82788052623685       -0.93525692378386
C            0.36341809206708       -0.39034937438739       -0.69679950735595
F            3.20815271673159        3.81353594119602       -0.08722420838324
H           -0.13755872392280       -1.33276366840763       -0.81548974450503
S            4.69457078984238        0.36286703645565        0.76364510147649
C            5.79956667970539        1.65056767020886        1.02641283879483
S            0.90515971149342        2.11981212182152       -0.64198668030416
C            5.27069089103671        2.86516653072094        0.72438996303454
C            1.69783938117265       -0.27457273645048       -0.26659087830360
H           -1.18227786258281        1.04810629105563       -1.26956159085986
H            6.78174610349431        1.43005236969998        1.39175574431887
C            2.16501862546420        1.01561648447992       -0.17701036659448
C            3.94366498035589        2.74976562463116        0.27254321696972
F            2.45571786332849       -1.34277813433655        0.03041297804397
C            3.46063954000293        1.46250380306581        0.22821923622936
H            5.78452739346767        3.80428951400991        0.81262082122229
16
 energy: -35.095867803811 gnorm: 0.000500625819 xtb: 6.5.0 (746241f)
C           -0.18615644396188        0.82760748256539       -0.94155577708653
C            0.36248453517849       -0.39056209157772       -0.69403492425178
F            3.20326371531053        3.81466224862076       -0.07351878696637
H           -0.14029690682739       -1.33255562771051       -0.80784053325077
S            4.69913767001399        0.36169766864404        0.75167820536008
C            5.80168253304667        1.65014988157225        1.02065819753002
S            0.90889678766630        2.11855861061721       -0.65363876191872
C            5.26966207206609        2.86550971923270        0.72734897691774
C            1.69578655249409       -0.27430687268073       -0.26204991930611
H           -1.17843679798651        1.04861794803256       -1.27875703521800
H            6.78550194126416        1.43007940086327        1.38216452732159
C            2.16550148275129        1.01574513670631       -0.17931356185233
C            3.94208088359496        2.74955936834948        0.27816521986276
F            2.45041299042067       -1.34209699784339        0.04479332134693
C            3.46113660625456        1.46196949110822        0.22589444032424
H            5.78147237871408        3.80506463350036        0.82008641118713
16
 energy: -35.095873845641 gnorm: 0.000624969052 xtb: 6.5.0 (746241f)
C           -0.18369777514884        0.82750870383040       -0.94748088849342
C            0.36147234120223       -0.39041478518101       -0.69104382686972
F            3.19786080809790        3.81540315782358       -0.05949376882435
H           -0.14351489379566       -1.33176558804217       -0.80012349207800
S            4.70329414247881        0.36064438555527        0.74070948334046
C            5.80406341123731        1.64960289751034        1.01377471221059
S            0.91341600572337        2.11760229048075       -0.66652024736244
C            5.26844910139734        2.86585085450720        0.73056556444465
C            1.69377869446713       -0.27423874770229       -0.25656636942426
H           -1.17458213149051        1.04857855323981       -1.28878621989376
H            6.78957708166104        1.42985869693244        1.37122088733128
C            2.16607104190243        1.01558596973558       -0.18123474223276
C            3.94035547273569        2.74956119254726        0.28330874509366
F            2.44574935356345       -1.34142307306431        0.05912137793385
C            3.46180434186594        1.46141659021952        0.22369349402905
H            5.77803300410248        3.80592890160783        0.82893529079506
16
 energy: -35.095876568392 gnorm: 0.000501564037 xtb: 6.5.0 (746241f)
C           -0.18178136629769        0.82743005504707       -0.95268443378096
C            0.36072525840079       -0.39011170895504       -0.68887472295805
F            3.19384493057853        3.81574507814511       -0.04907865762007
H           -0.14625351215795       -1.33091381618937       -0.79369068387213
S            4.70689999474737        0.35975638447150        0.73092526441550
C            5.80543675737905        1.64935944325449        1.00955923448026
S            0.91645704611813        2.11704568537895       -0.67452548772190
C            5.26767547245828        2.86600115334380        0.73256761150642
C            1.69256595273089       -0.27416210346177       -0.25287867231413
H           -1.17172190800733        1.04803841412151       -1.29700260467095
H            6.79213995981362        1.42970263972571        1.36379169178308
C            2.16659373072045        1.01530013671692       -0.18249154462329
C            3.93878344076063        2.74980028076457        0.28758975625292
F            2.44246036721680       -1.34073788122350        0.06973471089800
C            3.46227021595524        1.46111022774179        0.22268644816526
H            5.77603365958331        3.80633601111847        0.83445209005992
